#
# There is insufficient memory for the Java Runtime Environment to continue.
# Native memory allocation (malloc) failed to allocate 524304 bytes for Chunk::new
# Possible reasons:
#   The system is out of physical RAM or swap space
#   The process is running with CompressedOops enabled, and the Java Heap may be blocking the growth of the native heap
# Possible solutions:
#   Reduce memory load on the system
#   Increase physical memory or swap space
#   Check if swap backing store is full
#   Decrease Java heap size (-Xmx/-Xms)
#   Decrease number of Java threads
#   Decrease Java thread stack sizes (-Xss)
#   Set larger code cache with -XX:ReservedCodeCacheSize=
#   JVM is running with Unscaled Compressed Oops mode in which the Java heap is
#     placed in the first 4GB address space. The Java Heap base address is the
#     maximum limit for the native heap growth. Please use -XX:HeapBaseMinAddress
#     to set the Java Heap base and to place the Java Heap above 4GB virtual address.
# This output file may be truncated or incomplete.
#
#  Out of Memory Error (allocation.cpp:389), pid=14692, tid=0x000000000000397c
#
# JRE version: Java(TM) SE Runtime Environment (8.0_241-b07) (build 1.8.0_241-b07)
# Java VM: Java HotSpot(TM) 64-Bit Server VM (25.241-b07 mixed mode windows-amd64 compressed oops)
# Failed to write core dump. Minidumps are not enabled by default on client versions of Windows
#

---------------  T H R E A D  ---------------

Current thread (0x0000000019c8a800):  JavaThread "C2 CompilerThread0" daemon [_thread_in_native, id=14716, stack(0x000000001a530000,0x000000001a630000)]

Stack: [0x000000001a530000,0x000000001a630000]
[error occurred during error reporting (printing stack bounds), id 0xc0000005]

Native frames: (J=compiled Java code, j=interpreted, Vv=VM code, C=native code)


Current CompileTask:
C2:  15992 6358       4       org.aspectj.weaver.JoinPointSignatureIterator::findSignaturesFromSupertypes (505 bytes)


---------------  P R O C E S S  ---------------

Java Threads: ( => current thread )
  0x000000001efb7000 JavaThread "lettuce-timer-3-1" daemon [_thread_blocked, id=16944, stack(0x0000000022bb0000,0x0000000022cb0000)]
  0x000000001efb5800 JavaThread "Thread-3" daemon [_thread_in_native, id=21236, stack(0x00000000228b0000,0x00000000229b0000)]
  0x000000001efbc000 JavaThread "container-0" [_thread_blocked, id=20940, stack(0x0000000024310000,0x0000000024410000)]
  0x000000001efb7800 JavaThread "Catalina-utility-2" [_thread_blocked, id=19736, stack(0x0000000024210000,0x0000000024310000)]
  0x000000001efb6000 JavaThread "Catalina-utility-1" [_thread_blocked, id=9852, stack(0x0000000021580000,0x0000000021680000)]
  0x0000000019d3c800 JavaThread "Service Thread" daemon [_thread_blocked, id=9676, stack(0x000000001a930000,0x000000001aa30000)]
  0x0000000019cf2000 JavaThread "C1 CompilerThread3" daemon [_thread_blocked, id=13796, stack(0x000000001a830000,0x000000001a930000)]
  0x0000000019c93000 JavaThread "C2 CompilerThread2" daemon [_thread_in_native, id=15484, stack(0x000000001a730000,0x000000001a830000)]
  0x0000000019c8e000 JavaThread "C2 CompilerThread1" daemon [_thread_in_native, id=20816, stack(0x000000001a630000,0x000000001a730000)]
=>0x0000000019c8a800 JavaThread "C2 CompilerThread0" daemon [_thread_in_native, id=14716, stack(0x000000001a530000,0x000000001a630000)]
  0x0000000019c7f800 JavaThread "Monitor Ctrl-Break" daemon [_thread_in_native, id=13336, stack(0x000000001a430000,0x000000001a530000)]
  0x0000000019c6d800 JavaThread "Attach Listener" daemon [_thread_blocked, id=16464, stack(0x000000001a330000,0x000000001a430000)]
  0x0000000019c17800 JavaThread "Signal Dispatcher" daemon [_thread_blocked, id=21472, stack(0x000000001a230000,0x000000001a330000)]
  0x0000000017e1a000 JavaThread "Finalizer" daemon [_thread_blocked, id=3632, stack(0x000000001a0d0000,0x000000001a1d0000)]
  0x0000000019bf0800 JavaThread "Reference Handler" daemon [_thread_blocked, id=7016, stack(0x0000000019fd0000,0x000000001a0d0000)]
  0x0000000002c4b000 JavaThread "main" [_thread_in_vm, id=12124, stack(0x0000000002ab0000,0x0000000002bb0000)]

Other Threads:
  0x0000000017e0b800 VMThread [stack: 0x0000000019ad0000,0x0000000019bd0000] [id=19192]
  0x0000000019dda800 WatcherThread [stack: 0x000000001aa30000,0x000000001ab30000] [id=21020]

VM state:not at safepoint (normal execution)

VM Mutex/Monitor currently owned by a thread: None

heap address: 0x0000000081c00000, size: 2020 MB, Compressed Oops mode: 32-bit
Narrow klass base: 0x0000000000000000, Narrow klass shift: 3
Compressed class space size: 1073741824 Address: 0x0000000100000000

Heap:
 PSYoungGen      total 357888K, used 244045K [0x00000000d5f00000, 0x00000000ef000000, 0x0000000100000000)
  eden space 340480K, 68% used [0x00000000d5f00000,0x00000000e421a9e0,0x00000000eab80000)
  from space 17408K, 66% used [0x00000000eab80000,0x00000000eb6b8c00,0x00000000ebc80000)
  to   space 16384K, 0% used [0x00000000ebc80000,0x00000000ebc80000,0x00000000ecc80000)
 ParOldGen       total 133120K, used 24316K [0x0000000081c00000, 0x0000000089e00000, 0x00000000d5f00000)
  object space 133120K, 18% used [0x0000000081c00000,0x00000000833bf300,0x0000000089e00000)
 Metaspace       used 65632K, capacity 70076K, committed 70272K, reserved 1110016K
  class space    used 8565K, capacity 9330K, committed 9344K, reserved 1048576K

Card table byte_map: [0x0000000012250000,0x0000000012650000] byte_map_base: 0x0000000011e42000

Marking Bits: (ParMarkBitMap*) 0x000000006605be30
 Begin Bits: [0x0000000013100000, 0x0000000015090000)
 End Bits:   [0x0000000015090000, 0x0000000017020000)

Polling page: 0x0000000000d40000

CodeCache: size=245760Kb used=21817Kb max_used=21817Kb free=223942Kb
 bounds [0x0000000002e90000, 0x00000000043f0000, 0x0000000011e90000]
 total_blobs=6263 nmethods=5728 adapters=446
 compilation: enabled

Compilation events (10 events):
Event: 15.968 Thread 0x0000000019cf2000 6473       2       org.springframework.aop.framework.autoproxy.AbstractAutoProxyCreator::getCustomTargetSource (134 bytes)
Event: 15.969 Thread 0x0000000019cf2000 nmethod 6473 0x00000000043eafd0 code [0x00000000043eb1e0, 0x00000000043eb7c8]
Event: 15.971 Thread 0x0000000019cf2000 6474       2       org.springframework.boot.context.properties.source.SpringIterableConfigurationPropertySource::getConfigurationPropertyNames (53 bytes)
Event: 15.971 Thread 0x0000000019cf2000 nmethod 6474 0x00000000043ebc50 code [0x00000000043ebe20, 0x00000000043ec388]
Event: 15.971 Thread 0x0000000019cf2000 6475       2       org.springframework.boot.context.properties.bind.JavaBeanBinder$Bean::addField (27 bytes)
Event: 15.971 Thread 0x0000000019cf2000 nmethod 6475 0x00000000043ec810 code [0x00000000043ec980, 0x00000000043ecb88]
Event: 15.981 Thread 0x0000000019cf2000 6476       2       org.springframework.util.AntPathMatcher::isPattern (74 bytes)
Event: 15.982 Thread 0x0000000019cf2000 nmethod 6476 0x00000000043ecc90 code [0x00000000043ece00, 0x00000000043ed128]
Event: 15.982 Thread 0x0000000019cf2000 6477       2       java.net.URLClassLoader$3::next (73 bytes)
Event: 15.982 Thread 0x0000000019cf2000 nmethod 6477 0x00000000043ed350 code [0x00000000043ed4e0, 0x00000000043ed818]

GC Heap History (10 events):
Event: 7.754 GC heap before
{Heap before GC invocations=10 (full 2):
 PSYoungGen      total 208384K, used 197120K [0x00000000d5f00000, 0x00000000ea080000, 0x0000000100000000)
  eden space 197120K, 100% used [0x00000000d5f00000,0x00000000e1f80000,0x00000000e1f80000)
  from space 11264K, 0% used [0x00000000e1f80000,0x00000000e1f80000,0x00000000e2a80000)
  to   space 12288K, 0% used [0x00000000e9480000,0x00000000e9480000,0x00000000ea080000)
 ParOldGen       total 95744K, used 15592K [0x0000000081c00000, 0x0000000087980000, 0x00000000d5f00000)
  object space 95744K, 16% used [0x0000000081c00000,0x0000000082b3a368,0x0000000087980000)
 Metaspace       used 41781K, capacity 44446K, committed 44544K, reserved 1087488K
  class space    used 5597K, capacity 6077K, committed 6144K, reserved 1048576K
Event: 7.765 GC heap after
Heap after GC invocations=10 (full 2):
 PSYoungGen      total 290304K, used 12106K [0x00000000d5f00000, 0x00000000ea080000, 0x0000000100000000)
  eden space 278016K, 0% used [0x00000000d5f00000,0x00000000d5f00000,0x00000000e6e80000)
  from space 12288K, 98% used [0x00000000e9480000,0x00000000ea052ad8,0x00000000ea080000)
  to   space 13824K, 0% used [0x00000000e8580000,0x00000000e8580000,0x00000000e9300000)
 ParOldGen       total 95744K, used 15600K [0x0000000081c00000, 0x0000000087980000, 0x00000000d5f00000)
  object space 95744K, 16% used [0x0000000081c00000,0x0000000082b3c368,0x0000000087980000)
 Metaspace       used 41781K, capacity 44446K, committed 44544K, reserved 1087488K
  class space    used 5597K, capacity 6077K, committed 6144K, reserved 1048576K
}
Event: 11.025 GC heap before
{Heap before GC invocations=11 (full 2):
 PSYoungGen      total 290304K, used 290122K [0x00000000d5f00000, 0x00000000ea080000, 0x0000000100000000)
  eden space 278016K, 100% used [0x00000000d5f00000,0x00000000e6e80000,0x00000000e6e80000)
  from space 12288K, 98% used [0x00000000e9480000,0x00000000ea052ad8,0x00000000ea080000)
  to   space 13824K, 0% used [0x00000000e8580000,0x00000000e8580000,0x00000000e9300000)
 ParOldGen       total 95744K, used 15600K [0x0000000081c00000, 0x0000000087980000, 0x00000000d5f00000)
  object space 95744K, 16% used [0x0000000081c00000,0x0000000082b3c368,0x0000000087980000)
 Metaspace       used 51965K, capacity 55416K, committed 55680K, reserved 1097728K
  class space    used 6913K, capacity 7522K, committed 7552K, reserved 1048576K
Event: 11.051 GC heap after
Heap after GC invocations=11 (full 2):
 PSYoungGen      total 315392K, used 13817K [0x00000000d5f00000, 0x00000000ecc80000, 0x0000000100000000)
  eden space 301568K, 0% used [0x00000000d5f00000,0x00000000d5f00000,0x00000000e8580000)
  from space 13824K, 99% used [0x00000000e8580000,0x00000000e92fe6d0,0x00000000e9300000)
  to   space 16384K, 0% used [0x00000000ebc80000,0x00000000ebc80000,0x00000000ecc80000)
 ParOldGen       total 95744K, used 18938K [0x0000000081c00000, 0x0000000087980000, 0x00000000d5f00000)
  object space 95744K, 19% used [0x0000000081c00000,0x0000000082e7e888,0x0000000087980000)
 Metaspace       used 51965K, capacity 55416K, committed 55680K, reserved 1097728K
  class space    used 6913K, capacity 7522K, committed 7552K, reserved 1048576K
}
Event: 11.766 GC heap before
{Heap before GC invocations=12 (full 2):
 PSYoungGen      total 315392K, used 132072K [0x00000000d5f00000, 0x00000000ecc80000, 0x0000000100000000)
  eden space 301568K, 39% used [0x00000000d5f00000,0x00000000dd27bd00,0x00000000e8580000)
  from space 13824K, 99% used [0x00000000e8580000,0x00000000e92fe6d0,0x00000000e9300000)
  to   space 16384K, 0% used [0x00000000ebc80000,0x00000000ebc80000,0x00000000ecc80000)
 ParOldGen       total 95744K, used 18938K [0x0000000081c00000, 0x0000000087980000, 0x00000000d5f00000)
  object space 95744K, 19% used [0x0000000081c00000,0x0000000082e7e888,0x0000000087980000)
 Metaspace       used 55382K, capacity 58954K, committed 59136K, reserved 1099776K
  class space    used 7297K, capacity 7919K, committed 7936K, reserved 1048576K
Event: 11.782 GC heap after
Heap after GC invocations=12 (full 2):
 PSYoungGen      total 356864K, used 13796K [0x00000000d5f00000, 0x00000000ef000000, 0x0000000100000000)
  eden space 340480K, 0% used [0x00000000d5f00000,0x00000000d5f00000,0x00000000eab80000)
  from space 16384K, 84% used [0x00000000ebc80000,0x00000000ec9f92f0,0x00000000ecc80000)
  to   space 17408K, 0% used [0x00000000eab80000,0x00000000eab80000,0x00000000ebc80000)
 ParOldGen       total 95744K, used 18946K [0x0000000081c00000, 0x0000000087980000, 0x00000000d5f00000)
  object space 95744K, 19% used [0x0000000081c00000,0x0000000082e80888,0x0000000087980000)
 Metaspace       used 55382K, capacity 58954K, committed 59136K, reserved 1099776K
  class space    used 7297K, capacity 7919K, committed 7936K, reserved 1048576K
}
Event: 11.782 GC heap before
{Heap before GC invocations=13 (full 3):
 PSYoungGen      total 356864K, used 13796K [0x00000000d5f00000, 0x00000000ef000000, 0x0000000100000000)
  eden space 340480K, 0% used [0x00000000d5f00000,0x00000000d5f00000,0x00000000eab80000)
  from space 16384K, 84% used [0x00000000ebc80000,0x00000000ec9f92f0,0x00000000ecc80000)
  to   space 17408K, 0% used [0x00000000eab80000,0x00000000eab80000,0x00000000ebc80000)
 ParOldGen       total 95744K, used 18946K [0x0000000081c00000, 0x0000000087980000, 0x00000000d5f00000)
  object space 95744K, 19% used [0x0000000081c00000,0x0000000082e80888,0x0000000087980000)
 Metaspace       used 55382K, capacity 58954K, committed 59136K, reserved 1099776K
  class space    used 7297K, capacity 7919K, committed 7936K, reserved 1048576K
Event: 11.947 GC heap after
Heap after GC invocations=13 (full 3):
 PSYoungGen      total 356864K, used 0K [0x00000000d5f00000, 0x00000000ef000000, 0x0000000100000000)
  eden space 340480K, 0% used [0x00000000d5f00000,0x00000000d5f00000,0x00000000eab80000)
  from space 16384K, 0% used [0x00000000ebc80000,0x00000000ebc80000,0x00000000ecc80000)
  to   space 17408K, 0% used [0x00000000eab80000,0x00000000eab80000,0x00000000ebc80000)
 ParOldGen       total 133120K, used 24308K [0x0000000081c00000, 0x0000000089e00000, 0x00000000d5f00000)
  object space 133120K, 18% used [0x0000000081c00000,0x00000000833bd300,0x0000000089e00000)
 Metaspace       used 55382K, capacity 58954K, committed 59136K, reserved 1099776K
  class space    used 7297K, capacity 7919K, committed 7936K, reserved 1048576K
}
Event: 14.016 GC heap before
{Heap before GC invocations=14 (full 3):
 PSYoungGen      total 356864K, used 340480K [0x00000000d5f00000, 0x00000000ef000000, 0x0000000100000000)
  eden space 340480K, 100% used [0x00000000d5f00000,0x00000000eab80000,0x00000000eab80000)
  from space 16384K, 0% used [0x00000000ebc80000,0x00000000ebc80000,0x00000000ecc80000)
  to   space 17408K, 0% used [0x00000000eab80000,0x00000000eab80000,0x00000000ebc80000)
 ParOldGen       total 133120K, used 24308K [0x0000000081c00000, 0x0000000089e00000, 0x00000000d5f00000)
  object space 133120K, 18% used [0x0000000081c00000,0x00000000833bd300,0x0000000089e00000)
 Metaspace       used 59730K, capacity 63626K, committed 63872K, reserved 1103872K
  class space    used 7856K, capacity 8513K, committed 8576K, reserved 1048576K
Event: 14.034 GC heap after
Heap after GC invocations=14 (full 3):
 PSYoungGen      total 357888K, used 11491K [0x00000000d5f00000, 0x00000000ef000000, 0x0000000100000000)
  eden space 340480K, 0% used [0x00000000d5f00000,0x00000000d5f00000,0x00000000eab80000)
  from space 17408K, 66% used [0x00000000eab80000,0x00000000eb6b8c00,0x00000000ebc80000)
  to   space 16384K, 0% used [0x00000000ebc80000,0x00000000ebc80000,0x00000000ecc80000)
 ParOldGen       total 133120K, used 24316K [0x0000000081c00000, 0x0000000089e00000, 0x00000000d5f00000)
  object space 133120K, 18% used [0x0000000081c00000,0x00000000833bf300,0x0000000089e00000)
 Metaspace       used 59730K, capacity 63626K, committed 63872K, reserved 1103872K
  class space    used 7856K, capacity 8513K, committed 8576K, reserved 1048576K
}

Deoptimization events (10 events):
Event: 15.138 Thread 0x0000000002c4b000 Uncommon trap: reason=class_check action=maybe_recompile pc=0x0000000003caea68 method=java.net.URLStreamHandler.parseURL(Ljava/net/URL;Ljava/lang/String;II)V @ 1189
Event: 15.138 Thread 0x0000000002c4b000 Uncommon trap: reason=unstable_if action=reinterpret pc=0x00000000033d48c0 method=sun.net.util.IPAddressUtil.scan(Ljava/lang/String;JJ[C)I @ 14
Event: 15.147 Thread 0x0000000002c4b000 Uncommon trap: reason=class_check action=maybe_recompile pc=0x000000000403da58 method=java.util.Collections$SynchronizedMap.get(Ljava/lang/Object;)Ljava/lang/Object; @ 12
Event: 15.154 Thread 0x0000000002c4b000 Uncommon trap: reason=class_check action=maybe_recompile pc=0x000000000379a118 method=java.util.Properties$LineReader.readLine()I @ 62
Event: 15.155 Thread 0x0000000002c4b000 Uncommon trap: reason=unstable_if action=reinterpret pc=0x0000000003bd655c method=java.util.Properties.load0(Ljava/util/Properties$LineReader;)V @ 33
Event: 15.155 Thread 0x0000000002c4b000 Uncommon trap: reason=unstable_if action=reinterpret pc=0x0000000003bdd2bc method=java.util.Properties.load0(Ljava/util/Properties$LineReader;)V @ 33
Event: 15.155 Thread 0x0000000002c4b000 Uncommon trap: reason=class_check action=maybe_recompile pc=0x000000000379a12c method=java.util.Properties$LineReader.readLine()I @ 410
Event: 15.155 Thread 0x0000000002c4b000 Uncommon trap: reason=class_check action=maybe_recompile pc=0x000000000379a118 method=java.util.Properties$LineReader.readLine()I @ 62
Event: 15.719 Thread 0x0000000002c4b000 Uncommon trap: reason=unstable_if action=reinterpret pc=0x000000000396e5c4 method=org.springframework.beans.factory.support.AbstractAutowireCapableBeanFactory.determineTargetType(Ljava/lang/String;Lorg/springframework/beans/factory/support/RootBeanDefinit
Event: 15.794 Thread 0x0000000002c4b000 Uncommon trap: reason=bimorphic action=maybe_recompile pc=0x00000000039a2ff4 method=java.util.Collections$SetFromMap.contains(Ljava/lang/Object;)Z @ 5

Classes redefined (0 events):
No events

Internal exceptions (10 events):
Event: 15.970 Thread 0x0000000002c4b000 Exception <a 'java/lang/ClassNotFoundException': org/springframework/boot/autoconfigure/sql/init/SqlInitializationPropertiesCustomizer> (0x00000000e3c72520) thrown at [C:\ade\jenkins\workspace\8-2-build-windows-amd64-cygwin\jdk8u241\331\hotspot\src\share\
Event: 15.976 Thread 0x0000000002c4b000 Exception <a 'java/lang/ClassNotFoundException': java/lang/ObjectCustomizer> (0x00000000e3d56718) thrown at [C:\ade\jenkins\workspace\8-2-build-windows-amd64-cygwin\jdk8u241\331\hotspot\src\share\vm\classfile\systemDictionary.cpp, line 210]
Event: 15.977 Thread 0x0000000002c4b000 Exception <a 'java/lang/ClassNotFoundException': org/springframework/boot/sql/init/AbstractScriptDatabaseInitializerCustomizer> (0x00000000e3db0100) thrown at [C:\ade\jenkins\workspace\8-2-build-windows-amd64-cygwin\jdk8u241\331\hotspot\src\share\vm\class
Event: 15.978 Thread 0x0000000002c4b000 Exception <a 'java/lang/ClassNotFoundException': org/springframework/boot/jdbc/init/DataSourceScriptDatabaseInitializerCustomizer> (0x00000000e3e0b2c8) thrown at [C:\ade\jenkins\workspace\8-2-build-windows-amd64-cygwin\jdk8u241\331\hotspot\src\share\vm\cl
Event: 15.978 Thread 0x0000000002c4b000 Exception <a 'java/lang/ClassNotFoundException': org/springframework/boot/autoconfigure/sql/init/SqlDataSourceScriptDatabaseInitializerCustomizer> (0x00000000e3e72a48) thrown at [C:\ade\jenkins\workspace\8-2-build-windows-amd64-cygwin\jdk8u241\331\hotspot
Event: 15.979 Thread 0x0000000002c4b000 Exception <a 'java/lang/ClassNotFoundException': org/springframework/context/ResourceLoaderAwareCustomizer> (0x00000000e3eba068) thrown at [C:\ade\jenkins\workspace\8-2-build-windows-amd64-cygwin\jdk8u241\331\hotspot\src\share\vm\classfile\systemDictionar
Event: 15.980 Thread 0x0000000002c4b000 Exception <a 'java/lang/ClassNotFoundException': org/springframework/beans/factory/AwareCustomizer> (0x00000000e3ef88f0) thrown at [C:\ade\jenkins\workspace\8-2-build-windows-amd64-cygwin\jdk8u241\331\hotspot\src\share\vm\classfile\systemDictionary.cpp, l
Event: 15.981 Thread 0x0000000002c4b000 Exception <a 'java/lang/ClassNotFoundException': org/springframework/beans/factory/InitializingBeanCustomizer> (0x00000000e3f400d0) thrown at [C:\ade\jenkins\workspace\8-2-build-windows-amd64-cygwin\jdk8u241\331\hotspot\src\share\vm\classfile\systemDictio
Event: 15.985 Thread 0x0000000002c4b000 Exception <a 'java/lang/ClassNotFoundException': java/lang/ObjectCustomizer> (0x00000000e3fa60f0) thrown at [C:\ade\jenkins\workspace\8-2-build-windows-amd64-cygwin\jdk8u241\331\hotspot\src\share\vm\classfile\systemDictionary.cpp, line 210]
Event: 15.986 Thread 0x0000000002c4b000 Exception <a 'java/lang/ClassNotFoundException': org/springframework/boot/autoconfigure/jdbc/JdbcPropertiesCustomizer> (0x00000000e3ff8248) thrown at [C:\ade\jenkins\workspace\8-2-build-windows-amd64-cygwin\jdk8u241\331\hotspot\src\share\vm\classfile\syst

Events (10 events):
Event: 15.989 loading class org/springframework/jdbc/core/ResultSetExtractor
Event: 15.989 loading class org/springframework/jdbc/core/ResultSetExtractor done
Event: 15.989 loading class org/springframework/jdbc/core/RowMapper
Event: 15.989 loading class org/springframework/jdbc/core/RowMapper done
Event: 15.990 loading class org/springframework/jdbc/core/PreparedStatementSetter
Event: 15.990 loading class org/springframework/jdbc/core/PreparedStatementSetter done
Event: 15.990 loading class org/springframework/jdbc/core/ResultSetSupportingSqlParameter
Event: 15.990 loading class org/springframework/jdbc/core/ResultSetSupportingSqlParameter done
Event: 15.990 loading class org/springframework/jdbc/core/SqlParameter
Event: 15.990 loading class org/springframework/jdbc/core/SqlParameter done


Dynamic libraries:
0x00007ff695cb0000 - 0x00007ff695ce7000 	C:\jdk-8u241-windows-x64\bin\java.exe
0x00007ffbf3950000 - 0x00007ffbf3b45000 	C:\WINDOWS\SYSTEM32\ntdll.dll
0x00007ffbf2310000 - 0x00007ffbf23ce000 	C:\WINDOWS\System32\KERNEL32.DLL
0x00007ffbf16e0000 - 0x00007ffbf19a8000 	C:\WINDOWS\System32\KERNELBASE.dll
0x00007ffbf1e50000 - 0x00007ffbf1efe000 	C:\WINDOWS\System32\ADVAPI32.dll
0x00007ffbf2270000 - 0x00007ffbf230e000 	C:\WINDOWS\System32\msvcrt.dll
0x00007ffbf3870000 - 0x00007ffbf390c000 	C:\WINDOWS\System32\sechost.dll
0x00007ffbf2d80000 - 0x00007ffbf2ea5000 	C:\WINDOWS\System32\RPCRT4.dll
0x00007ffbf2a50000 - 0x00007ffbf2bf0000 	C:\WINDOWS\System32\USER32.dll
0x00007ffbf15b0000 - 0x00007ffbf15d2000 	C:\WINDOWS\System32\win32u.dll
0x00007ffbf1e20000 - 0x00007ffbf1e4a000 	C:\WINDOWS\System32\GDI32.dll
0x00007ffbf1070000 - 0x00007ffbf117b000 	C:\WINDOWS\System32\gdi32full.dll
0x00007ffbf1510000 - 0x00007ffbf15ad000 	C:\WINDOWS\System32\msvcp_win.dll
0x00007ffbf15e0000 - 0x00007ffbf16e0000 	C:\WINDOWS\System32\ucrtbase.dll
0x00007ffbdce60000 - 0x00007ffbdd0fa000 	C:\WINDOWS\WinSxS\amd64_microsoft.windows.common-controls_6595b64144ccf1df_6.0.19041.1110_none_60b5254171f9507e\COMCTL32.dll
0x00007ffbf2960000 - 0x00007ffbf2990000 	C:\WINDOWS\System32\IMM32.DLL
0x0000000065670000 - 0x0000000065742000 	C:\jdk-8u241-windows-x64\jre\bin\msvcr100.dll
0x0000000065830000 - 0x00000000660dc000 	C:\jdk-8u241-windows-x64\jre\bin\server\jvm.dll
0x00007ffbf2500000 - 0x00007ffbf2508000 	C:\WINDOWS\System32\PSAPI.DLL
0x00007ffbd88f0000 - 0x00007ffbd88f9000 	C:\WINDOWS\SYSTEM32\WSOCK32.dll
0x00007ffbde740000 - 0x00007ffbde767000 	C:\WINDOWS\SYSTEM32\WINMM.dll
0x00007ffbf3800000 - 0x00007ffbf386b000 	C:\WINDOWS\System32\WS2_32.dll
0x00007ffbe5590000 - 0x00007ffbe559a000 	C:\WINDOWS\SYSTEM32\VERSION.dll
0x00007ffbdc0f0000 - 0x00007ffbdc0ff000 	C:\jdk-8u241-windows-x64\jre\bin\verify.dll
0x00007ffbd2b00000 - 0x00007ffbd2b29000 	C:\jdk-8u241-windows-x64\jre\bin\java.dll
0x00007ffbe83f0000 - 0x00007ffbe8413000 	C:\jdk-8u241-windows-x64\jre\bin\instrument.dll
0x00007ffbd2ae0000 - 0x00007ffbd2af6000 	C:\jdk-8u241-windows-x64\jre\bin\zip.dll
0x00007ffbf2f30000 - 0x00007ffbf3674000 	C:\WINDOWS\System32\SHELL32.dll
0x00007ffbef030000 - 0x00007ffbef7c4000 	C:\WINDOWS\SYSTEM32\windows.storage.dll
0x00007ffbf25f0000 - 0x00007ffbf2944000 	C:\WINDOWS\System32\combase.dll
0x00007ffbf0990000 - 0x00007ffbf09bc000 	C:\WINDOWS\SYSTEM32\Wldp.dll
0x00007ffbf3750000 - 0x00007ffbf37fd000 	C:\WINDOWS\System32\SHCORE.dll
0x00007ffbf2990000 - 0x00007ffbf29e5000 	C:\WINDOWS\System32\shlwapi.dll
0x00007ffbf0fb0000 - 0x00007ffbf0fcf000 	C:\WINDOWS\SYSTEM32\profapi.dll
0x00007ffbea030000 - 0x00007ffbea04a000 	D:\IntelliJ IDEA 2020.3.3\bin\breakgen64.dll
0x00007ffbcc040000 - 0x00007ffbcc05a000 	C:\jdk-8u241-windows-x64\jre\bin\net.dll
0x00007ffbf0770000 - 0x00007ffbf07da000 	C:\WINDOWS\system32\mswsock.dll
0x00007ffbcd010000 - 0x00007ffbcd01d000 	C:\jdk-8u241-windows-x64\jre\bin\management.dll
0x00007ffbd5b00000 - 0x00007ffbd5b17000 	C:\WINDOWS\system32\napinsp.dll
0x00007ffbd5a60000 - 0x00007ffbd5a7b000 	C:\WINDOWS\system32\pnrpnsp.dll
0x00007ffbeafa0000 - 0x00007ffbeafb5000 	C:\WINDOWS\system32\wshbth.dll
0x00007ffbebb90000 - 0x00007ffbebbad000 	C:\WINDOWS\system32\NLAapi.dll
0x00007ffbf0420000 - 0x00007ffbf045b000 	C:\WINDOWS\SYSTEM32\IPHLPAPI.DLL
0x00007ffbf0460000 - 0x00007ffbf052b000 	C:\WINDOWS\SYSTEM32\DNSAPI.dll
0x00007ffbf2950000 - 0x00007ffbf2958000 	C:\WINDOWS\System32\NSI.dll
0x00007ffbd0990000 - 0x00007ffbd09a2000 	C:\WINDOWS\System32\winrnr.dll
0x00007ffbe43e0000 - 0x00007ffbe43ea000 	C:\Windows\System32\rasadhlp.dll
0x00007ffbe5340000 - 0x00007ffbe53bf000 	C:\WINDOWS\System32\fwpuclnt.dll
0x00007ffbf1380000 - 0x00007ffbf13a7000 	C:\WINDOWS\System32\bcrypt.dll
0x00007ffbcc020000 - 0x00007ffbcc032000 	C:\jdk-8u241-windows-x64\jre\bin\nio.dll
0x00007ffbf09d0000 - 0x00007ffbf09e8000 	C:\WINDOWS\SYSTEM32\CRYPTSP.dll
0x00007ffbf00b0000 - 0x00007ffbf00e4000 	C:\WINDOWS\system32\rsaenh.dll
0x00007ffbf0f70000 - 0x00007ffbf0f9e000 	C:\WINDOWS\SYSTEM32\USERENV.dll
0x00007ffbf12f0000 - 0x00007ffbf1372000 	C:\WINDOWS\System32\bcryptprimitives.dll
0x00007ffbf0900000 - 0x00007ffbf090c000 	C:\WINDOWS\SYSTEM32\CRYPTBASE.dll
0x00007ffbe6790000 - 0x00007ffbe67a7000 	C:\WINDOWS\SYSTEM32\dhcpcsvc6.DLL
0x00007ffbe6770000 - 0x00007ffbe678d000 	C:\WINDOWS\SYSTEM32\dhcpcsvc.DLL
0x00007ffbe7580000 - 0x00007ffbe75a4000 	C:\jdk-8u241-windows-x64\jre\bin\sunec.dll
0x00007ffbebbb0000 - 0x00007ffbebbbb000 	C:\jdk-8u241-windows-x64\jre\bin\sunmscapi.dll
0x00007ffbf13b0000 - 0x00007ffbf1506000 	C:\WINDOWS\System32\CRYPT32.dll

VM Arguments:
jvm_args: -ea -Didea.test.cyclic.buffer.size=1048576 -javaagent:D:\IntelliJ IDEA 2020.3.3\lib\idea_rt.jar=65455:D:\IntelliJ IDEA 2020.3.3\bin -Dfile.encoding=UTF-8 
java_command: com.intellij.rt.junit.JUnitStarter -ideVersion5 -junit5 top.kaluna.pipelineMonitor.txtConfig.CustomTxtTest,testCustomParserTxt
java_class_path (initial): D:\IntelliJ IDEA 2020.3.3\lib\idea_rt.jar;C:\Users\86158\.m2\repository\org\junit\platform\junit-platform-launcher\1.8.1\junit-platform-launcher-1.8.1.jar;C:\Users\86158\.m2\repository\org\junit\platform\junit-platform-engine\1.8.1\junit-platform-engine-1.8.1.jar;C:\Users\86158\.m2\repository\org\opentest4j\opentest4j\1.2.0\opentest4j-1.2.0.jar;C:\Users\86158\.m2\repository\org\junit\platform\junit-platform-commons\1.8.1\junit-platform-commons-1.8.1.jar;C:\Users\86158\.m2\repository\org\apiguardian\apiguardian-api\1.1.2\apiguardian-api-1.1.2.jar;C:\Users\86158\.m2\repository\org\junit\vintage\junit-vintage-engine\5.8.1\junit-vintage-engine-5.8.1.jar;D:\IntelliJ IDEA 2020.3.3\plugins\junit\lib\junit5-rt.jar;D:\IntelliJ IDEA 2020.3.3\plugins\junit\lib\junit-rt.jar;C:\jdk-8u241-windows-x64\jre\lib\charsets.jar;C:\jdk-8u241-windows-x64\jre\lib\deploy.jar;C:\jdk-8u241-windows-x64\jre\lib\ext\access-bridge-64.jar;C:\jdk-8u241-windows-x64\jre\lib\ext\cldrdata.jar;C:\jdk-8u241-windows-x64\jre\lib\ext\dnsns.jar;C:\jdk-8u241-windows-x64\jre\lib\ext\jaccess.jar;C:\jdk-8u241-windows-x64\jre\lib\ext\jfxrt.jar;C:\jdk-8u241-windows-x64\jre\lib\ext\localedata.jar;C:\jdk-8u241-windows-x64\jre\lib\ext\nashorn.jar;C:\jdk-8u241-windows-x64\jre\lib\ext\sunec.jar;C:\jdk-8u241-windows-x64\jre\lib\ext\sunjce_provider.jar;C:\jdk-8u241-windows-x64\jre\lib\ext\sunmscapi.jar;C:\jdk-8u241-windows-x64\jre\lib\ext\sunpkcs11.jar;C:\jdk-8u241-windows-x64\jre\lib\ext\zipfs.jar;C:\jdk-8u241-windows-x64\jre\lib\javaws.jar;C:\jdk-8u241-windows-x64\jre\lib\jce.jar;C:\jdk-8u241-windows-x64\jre\lib\jfr.jar;C:\jdk-8u241-windows-x64\jre\lib\jfxswt.jar;C:\jdk-8u241-windows-x64\jre\lib\jsse.jar;C:\jdk-8u241-windows-x64\jre\lib\management-agent.jar;C:\jdk-8u241-windows-x64\jre\lib\plugin.jar;C:\jdk-8u241-windows-x64\jre\lib\resources.jar;C:\jdk-8u241-windows-x64\jre\lib\rt.jar;X:\ideaworkspace\pipelineMonitor\target\test-classes;X:\ideaworkspace\pipelineMonitor\target\classes;D:\pa
Launcher Type: SUN_STANDARD

Environment Variables:
JAVA_HOME=C:\jdk-8u241-windows-x64
PATH=F:\anaconda3;C:\ProgramData\Oracle\Java\javapath;C:\Program Files (x86)\Common Files\Oracle\Java\javapath\;C:\Program Files (x86)\Intel\Intel(R) Management Engine Components\iCLS\;C:\Program Files\Intel\Intel(R) Management Engine Components\iCLS\;C:\Program Files\erl7.1\bin;C:\Windows\system32;C:\Windows;C:\Windows\System32\Wbem;C:\Windows\System32\WindowsPowerShell\v1.0\;C:\Windows\System32\OpenSSH\;C:\Program Files (x86)\Intel\Intel(R) Management Engine Components\DAL;C:\jdk-8u241-windows-x64\jre\bin;C:\Program Files\Intel\Intel(R) Management Engine Components\DAL;C:\Program Files (x86)\Intel\Intel(R) Management Engine Components\IPT;C:\Program Files\Intel\Intel(R) Management Engine Components\IPT;C:\jdk-8u241-windows-x64\bin;C:\Program Files (x86)\NVIDIA Corporation\PhysX\Common;C:\WINDOWS\system32;C:\WINDOWS;C:\WINDOWS\System32\Wbem;C:\WINDOWS\System32\WindowsPowerShell\v1.0\;C:\WINDOWS\System32\OpenSSH\;D:\Program Files\Git\cmd;C:\Users\86158\.dnx\bin;C:\Program Files\Microsoft DNX\Dn;C:\WINDOWS\system32;C:\WINDOWS;C:\WINDOWS\System32\Wbem;C:\WINDOWS\System32\WindowsPowerShell\v1.0\;C:\WINDOWS\System32\OpenSSH\;D:\apache-maven-3.5.0\bin;F:\cygwin\bin;F:\anaconda3\pkgs\graphviz-2.38-hfd603c8_2\Library\bin;F:\Graphviz 2.44.1\bin;C:\Program Files\Pandoc\;G:\matlab\runtime\win64;G:\matlab\bin;G:\matlab\polyspace\bin;F:\anaconda3\Scripts;F:\anaconda3\Library\bin;D:\apache-maven-3.5.0\\bin;E:\MySQLServer5.7\Install\bin;F:\node-v14.16.0-x64\node_global;F:\node-v14.16.0-x64;F:\node-v12.22.1-win-x64\;F:\gradle-4.6-bin\gradle-4.6\bin;D:\Git\cmd;F:\cygwin\usr\x86_64-w64-mingw32\sys-root\mingw\bin;X:\matlabRuntime\v912\runtime\win64;;C:\Program Files\Docker\Docker\resources\bin;C:\ProgramData\DockerDesktop\version-bin;C:\Users\86158\AppData\Local\Microsoft\WindowsApps;D:\Program Files\Markdown Monster;C:\Users\86158\AppData\Local\Microsoft\WindowsApps;C:\Users\86158\.dotnet\tools;C:\Users\86158\AppData\Roaming\npm;F:\Microsoft VS Code\bin;X:\MiKTeX\miktex\bin\x64\
USERNAME=86158
OS=Windows_NT
PROCESSOR_IDENTIFIER=Intel64 Family 6 Model 142 Stepping 10, GenuineIntel



---------------  S Y S T E M  ---------------

OS: Windows 10.0 , 64 bit Build 19041 (10.0.19041.1645)

CPU:total 8 (initial active 8) (4 cores per cpu, 2 threads per core) family 6 model 142 stepping 10, cmov, cx8, fxsr, mmx, sse, sse2, sse3, ssse3, sse4.1, sse4.2, popcnt, avx, avx2, aes, clmul, erms, 3dnowpref, lzcnt, ht, tsc, tscinvbit, bmi1, bmi2, adx

Memory: 4k page, physical 8268520k(724740k free), swap 16272976k(10200k free)

vm_info: Java HotSpot(TM) 64-Bit Server VM (25.241-b07) for windows-amd64 JRE (1.8.0_241-b07), built on Dec 11 2019 10:21:40 by "rejava" with MS VC++ 10.0 (VS2010)

time: Mon May 30 09:16:06 2022
timezone: 中国标准时间
elapsed time: 16 seconds (0d 0h 0m 16s)

