#
# There is insufficient memory for the Java Runtime Environment to continue.
# Native memory allocation (malloc) failed to allocate 32744 bytes for ChunkPool::allocate
# Possible reasons:
#   The system is out of physical RAM or swap space
#   The process is running with CompressedOops enabled, and the Java Heap may be blocking the growth of the native heap
# Possible solutions:
#   Reduce memory load on the system
#   Increase physical memory or swap space
#   Check if swap backing store is full
#   Decrease Java heap size (-Xmx/-Xms)
#   Decrease number of Java threads
#   Decrease Java thread stack sizes (-Xss)
#   Set larger code cache with -XX:ReservedCodeCacheSize=
#   JVM is running with Unscaled Compressed Oops mode in which the Java heap is
#     placed in the first 4GB address space. The Java Heap base address is the
#     maximum limit for the native heap growth. Please use -XX:HeapBaseMinAddress
#     to set the Java Heap base and to place the Java Heap above 4GB virtual address.
# This output file may be truncated or incomplete.
#
#  Out of Memory Error (allocation.cpp:272), pid=4372, tid=0x0000000000005148
#
# JRE version: Java(TM) SE Runtime Environment (8.0_241-b07) (build 1.8.0_241-b07)
# Java VM: Java HotSpot(TM) 64-Bit Server VM (25.241-b07 mixed mode windows-amd64 compressed oops)
# Failed to write core dump. Minidumps are not enabled by default on client versions of Windows
#

---------------  T H R E A D  ---------------

Current thread (0x000000001bc91000):  JavaThread "restartedMain" [_thread_in_vm, id=20808, stack(0x000000001cf60000,0x000000001d060000)]

Stack: [0x000000001cf60000,0x000000001d060000]
[error occurred during error reporting (printing stack bounds), id 0xc0000005]

Native frames: (J=compiled Java code, j=interpreted, Vv=VM code, C=native code)

Java frames: (J=compiled Java code, j=interpreted, Vv=VM code)
J 677  java.lang.Throwable.fillInStackTrace(I)Ljava/lang/Throwable; (0 bytes) @ 0x000000000365593b [0x0000000003655900+0x3b]
J 676 C1 java.lang.Throwable.fillInStackTrace()Ljava/lang/Throwable; (29 bytes) @ 0x0000000003655de4 [0x0000000003655cc0+0x124]
J 1387 C1 java.lang.Throwable.<init>(Ljava/lang/String;Ljava/lang/Throwable;)V (39 bytes) @ 0x000000000376a024 [0x0000000003769f80+0xa4]
J 836 C1 java.lang.ClassNotFoundException.<init>(Ljava/lang/String;)V (7 bytes) @ 0x00000000036936dc [0x00000000036936a0+0x3c]
J 650 C1 java.net.URLClassLoader.findClass(Ljava/lang/String;)Ljava/lang/Class; (47 bytes) @ 0x0000000003649854 [0x0000000003649700+0x154]
J 560 C1 java.lang.ClassLoader.loadClass(Ljava/lang/String;Z)Ljava/lang/Class; (122 bytes) @ 0x000000000360fde4 [0x000000000360fae0+0x304]
J 560 C1 java.lang.ClassLoader.loadClass(Ljava/lang/String;Z)Ljava/lang/Class; (122 bytes) @ 0x000000000360fd34 [0x000000000360fae0+0x254]
J 624 C1 sun.misc.Launcher$AppClassLoader.loadClass(Ljava/lang/String;Z)Ljava/lang/Class; (85 bytes) @ 0x00000000036377c4 [0x00000000036374e0+0x2e4]
J 623 C1 java.lang.ClassLoader.loadClass(Ljava/lang/String;)Ljava/lang/Class; (7 bytes) @ 0x00000000036371a4 [0x0000000003637160+0x44]
v  ~StubRoutines::call_stub
J 803  java.lang.Class.forName0(Ljava/lang/String;ZLjava/lang/ClassLoader;Ljava/lang/Class;)Ljava/lang/Class; (0 bytes) @ 0x0000000003688c07 [0x0000000003688b80+0x87]
J 946 C1 java.lang.Class.forName(Ljava/lang/String;ZLjava/lang/ClassLoader;)Ljava/lang/Class; (53 bytes) @ 0x00000000036c5c6c [0x00000000036c5b40+0x12c]
J 2253 C1 org.springframework.boot.devtools.restart.classloader.RestartClassLoader.loadClass(Ljava/lang/String;Z)Ljava/lang/Class; (119 bytes) @ 0x00000000038d099c [0x00000000038d0540+0x45c]
J 623 C1 java.lang.ClassLoader.loadClass(Ljava/lang/String;)Ljava/lang/Class; (7 bytes) @ 0x00000000036371a4 [0x0000000003637160+0x44]
v  ~StubRoutines::call_stub
J 803  java.lang.Class.forName0(Ljava/lang/String;ZLjava/lang/ClassLoader;Ljava/lang/Class;)Ljava/lang/Class; (0 bytes) @ 0x0000000003688c07 [0x0000000003688b80+0x87]
J 946 C1 java.lang.Class.forName(Ljava/lang/String;ZLjava/lang/ClassLoader;)Ljava/lang/Class; (53 bytes) @ 0x00000000036c5c6c [0x00000000036c5b40+0x12c]
j  com.sun.beans.finder.ClassFinder.findClass(Ljava/lang/String;)Ljava/lang/Class;+26
j  com.sun.beans.finder.ClassFinder.findClass(Ljava/lang/String;Ljava/lang/ClassLoader;)Ljava/lang/Class;+21
j  java.beans.Introspector.findCustomizerClass(Ljava/lang/Class;)Ljava/lang/Class;+28
j  java.beans.Introspector.getTargetBeanDescriptor()Ljava/beans/BeanDescriptor;+35
j  java.beans.Introspector.getBeanInfo()Ljava/beans/BeanInfo;+1
j  java.beans.Introspector.getBeanInfo(Ljava/lang/Class;Ljava/lang/Class;I)Ljava/beans/BeanInfo;+27
j  java.beans.Introspector.getBeanInfo(Ljava/lang/Class;I)Ljava/beans/BeanInfo;+3
j  org.springframework.beans.CachedIntrospectionResults.getBeanInfo(Ljava/lang/Class;)Ljava/beans/BeanInfo;+53
j  org.springframework.beans.CachedIntrospectionResults.<init>(Ljava/lang/Class;)V+52
j  org.springframework.beans.CachedIntrospectionResults.forClass(Ljava/lang/Class;)Lorg/springframework/beans/CachedIntrospectionResults;+43
j  org.springframework.beans.BeanUtils.getPropertyDescriptors(Ljava/lang/Class;)[Ljava/beans/PropertyDescriptor;+1
j  org.springframework.beans.BeanUtils.findPropertyForMethod(Ljava/lang/reflect/Method;Ljava/lang/Class;)Ljava/beans/PropertyDescriptor;+7
j  org.springframework.beans.BeanUtils.findPropertyForMethod(Ljava/lang/reflect/Method;)Ljava/beans/PropertyDescriptor;+5
j  org.springframework.jmx.export.assembler.AbstractReflectiveMBeanInfoAssembler.getOperationInfo(Ljava/lang/Object;Ljava/lang/String;)[Ljavax/management/modelmbean/ModelMBeanOperationInfo;+72
j  org.springframework.jmx.export.assembler.AbstractMBeanInfoAssembler.getMBeanInfo(Ljava/lang/Object;Ljava/lang/String;)Ljavax/management/modelmbean/ModelMBeanInfo;+36
j  org.springframework.jmx.export.MBeanExporter.getMBeanInfo(Ljava/lang/Object;Ljava/lang/String;)Ljavax/management/modelmbean/ModelMBeanInfo;+6
j  org.springframework.jmx.export.MBeanExporter.createAndConfigureMBean(Ljava/lang/Object;Ljava/lang/String;)Ljavax/management/modelmbean/ModelMBean;+9
j  org.springframework.jmx.export.MBeanExporter.registerBeanInstance(Ljava/lang/Object;Ljava/lang/String;)Ljavax/management/ObjectName;+169
j  org.springframework.jmx.export.MBeanExporter.registerBeanNameOrInstance(Ljava/lang/Object;Ljava/lang/String;)Ljavax/management/ObjectName;+177
j  org.springframework.jmx.export.MBeanExporter.lambda$registerBeans$2(Ljava/lang/String;Ljava/lang/Object;)V+3
j  org.springframework.jmx.export.MBeanExporter$$Lambda$1021.accept(Ljava/lang/Object;Ljava/lang/Object;)V+9
J 2283 C1 java.util.HashMap.forEach(Ljava/util/function/BiConsumer;)V (103 bytes) @ 0x00000000038dcadc [0x00000000038dca20+0xbc]
j  org.springframework.jmx.export.MBeanExporter.registerBeans()V+175
j  org.springframework.jmx.export.MBeanExporter.afterSingletonsInstantiated()V+12
j  org.springframework.beans.factory.support.DefaultListableBeanFactory.preInstantiateSingletons()V+350
j  org.springframework.context.support.AbstractApplicationContext.finishBeanFactoryInitialization(Lorg/springframework/beans/factory/config/ConfigurableListableBeanFactory;)V+124
j  org.springframework.context.support.AbstractApplicationContext.refresh()V+86
j  org.springframework.boot.web.servlet.context.ServletWebServerApplicationContext.refresh()V+1
j  org.springframework.boot.SpringApplication.refresh(Lorg/springframework/context/ConfigurableApplicationContext;)V+1
j  org.springframework.boot.SpringApplication.refreshContext(Lorg/springframework/context/ConfigurableApplicationContext;)V+16
j  org.springframework.boot.SpringApplication.run([Ljava/lang/String;)Lorg/springframework/context/ConfigurableApplicationContext;+107
j  top.kaluna.pipelineMonitor.PipelineMonitorApplication.main([Ljava/lang/String;)V+26
v  ~StubRoutines::call_stub
j  sun.reflect.NativeMethodAccessorImpl.invoke0(Ljava/lang/reflect/Method;Ljava/lang/Object;[Ljava/lang/Object;)Ljava/lang/Object;+0
j  sun.reflect.NativeMethodAccessorImpl.invoke(Ljava/lang/Object;[Ljava/lang/Object;)Ljava/lang/Object;+100
j  sun.reflect.DelegatingMethodAccessorImpl.invoke(Ljava/lang/Object;[Ljava/lang/Object;)Ljava/lang/Object;+6
j  java.lang.reflect.Method.invoke(Ljava/lang/Object;[Ljava/lang/Object;)Ljava/lang/Object;+56
j  org.springframework.boot.devtools.restart.RestartLauncher.run()V+42
v  ~StubRoutines::call_stub

---------------  P R O C E S S  ---------------

Java Threads: ( => current thread )
  0x000000001c0ac800 JavaThread "File Watcher" daemon [_thread_blocked, id=4284, stack(0x0000000021a00000,0x0000000021b00000)]
  0x000000001c0aa000 JavaThread "lettuce-timer-3-1" daemon [_thread_blocked, id=15612, stack(0x0000000020130000,0x0000000020230000)]
  0x000000001b110000 JavaThread "Thread-13" daemon [_thread_in_native, id=7728, stack(0x000000001fe30000,0x000000001ff30000)]
  0x000000001aadf000 JavaThread "container-0" [_thread_blocked, id=23048, stack(0x000000001fd30000,0x000000001fe30000)]
  0x000000001aade800 JavaThread "Catalina-utility-2" [_thread_blocked, id=20892, stack(0x000000001db60000,0x000000001dc60000)]
  0x000000001a3f7800 JavaThread "Catalina-utility-1" [_thread_blocked, id=4408, stack(0x000000001d460000,0x000000001d560000)]
  0x000000001ac31800 JavaThread "RMI Scheduler(0)" daemon [_thread_blocked, id=18352, stack(0x000000001da60000,0x000000001db60000)]
  0x000000001bdb1000 JavaThread "RMI TCP Connection(1)-172.23.224.1" daemon [_thread_in_native, id=13592, stack(0x000000001d760000,0x000000001d860000)]
=>0x000000001bc91000 JavaThread "restartedMain" [_thread_in_vm, id=20808, stack(0x000000001cf60000,0x000000001d060000)]
  0x000000001bc90000 JavaThread "Thread-1" [_thread_blocked, id=13820, stack(0x000000001ce60000,0x000000001cf60000)]
  0x000000001b925000 JavaThread "RMI TCP Accept-0" daemon [_thread_in_native, id=20036, stack(0x000000001c7b0000,0x000000001c8b0000)]
  0x000000001b1de800 JavaThread "Service Thread" daemon [_thread_blocked, id=3408, stack(0x000000001c6b0000,0x000000001c7b0000)]
  0x000000001b185000 JavaThread "C1 CompilerThread3" daemon [_thread_in_native, id=2556, stack(0x000000001b5e0000,0x000000001b6e0000)]
  0x000000001b15c000 JavaThread "C2 CompilerThread2" daemon [_thread_blocked, id=3200, stack(0x000000001b4e0000,0x000000001b5e0000)]
  0x000000001b155800 JavaThread "C2 CompilerThread1" daemon [_thread_blocked, id=20208, stack(0x000000001b3e0000,0x000000001b4e0000)]
  0x000000001b150800 JavaThread "C2 CompilerThread0" daemon [_thread_blocked, id=8676, stack(0x000000001b2e0000,0x000000001b3e0000)]
  0x000000001b136000 JavaThread "Monitor Ctrl-Break" daemon [_thread_in_native, id=19768, stack(0x000000001b1e0000,0x000000001b2e0000)]
  0x000000001a1c6800 JavaThread "Attach Listener" daemon [_thread_blocked, id=24672, stack(0x000000001a8e0000,0x000000001a9e0000)]
  0x000000001a1c6000 JavaThread "Signal Dispatcher" daemon [_thread_blocked, id=23936, stack(0x000000001a7e0000,0x000000001a8e0000)]
  0x00000000183ba000 JavaThread "Finalizer" daemon [_thread_blocked, id=6368, stack(0x000000001a680000,0x000000001a780000)]
  0x000000001a1a0800 JavaThread "Reference Handler" daemon [_thread_blocked, id=24092, stack(0x000000001a580000,0x000000001a680000)]
  0x000000000306a800 JavaThread "main" [_thread_blocked, id=24012, stack(0x0000000003070000,0x0000000003170000)]

Other Threads:
  0x00000000183ab000 VMThread [stack: 0x000000001a080000,0x000000001a180000] [id=20684]
  0x000000001b936800 WatcherThread [stack: 0x000000001c8b0000,0x000000001c9b0000] [id=3940]

VM state:not at safepoint (normal execution)

VM Mutex/Monitor currently owned by a thread: None

heap address: 0x0000000081c00000, size: 2020 MB, Compressed Oops mode: 32-bit
Narrow klass base: 0x0000000000000000, Narrow klass shift: 3
Compressed class space size: 1073741824 Address: 0x0000000100000000

Heap:
 PSYoungGen      total 251392K, used 36069K [0x00000000d5f00000, 0x00000000e6080000, 0x0000000100000000)
  eden space 239104K, 15% used [0x00000000d5f00000,0x00000000d8239450,0x00000000e4880000)
  from space 12288K, 0% used [0x00000000e4880000,0x00000000e4880000,0x00000000e5480000)
  to   space 9216K, 0% used [0x00000000e5780000,0x00000000e5780000,0x00000000e6080000)
 ParOldGen       total 73216K, used 34343K [0x0000000081c00000, 0x0000000086380000, 0x00000000d5f00000)
  object space 73216K, 46% used [0x0000000081c00000,0x0000000083d89df0,0x0000000086380000)
 Metaspace       used 55592K, capacity 59200K, committed 59312K, reserved 1114112K
  class space    used 7404K, capacity 8029K, committed 8112K, reserved 1048576K

Card table byte_map: [0x00000000127f0000,0x0000000012bf0000] byte_map_base: 0x00000000123e2000

Marking Bits: (ParMarkBitMap*) 0x000000005c76be30
 Begin Bits: [0x00000000136a0000, 0x0000000015630000)
 End Bits:   [0x0000000015630000, 0x00000000175c0000)

Polling page: 0x0000000003030000

CodeCache: size=245760Kb used=11005Kb max_used=11005Kb free=234754Kb
 bounds [0x0000000003430000, 0x0000000003f00000, 0x0000000012430000]
 total_blobs=6100 nmethods=5554 adapters=456
 compilation: enabled

Compilation events (10 events):
Event: 12.190 Thread 0x000000001b185000 nmethod 5605 0x0000000003eeeb10 code [0x0000000003eeec60, 0x0000000003eeed70]
Event: 12.196 Thread 0x000000001b185000 5606       1       org.springframework.beans.AbstractPropertyAccessor::isExtractOldValueForEditor (5 bytes)
Event: 12.196 Thread 0x000000001b185000 nmethod 5606 0x0000000003eeedd0 code [0x0000000003eeef20, 0x0000000003eef030]
Event: 12.197 Thread 0x000000001b185000 5607       1       org.springframework.beans.BeanWrapperImpl::getLocalPropertyHandler (6 bytes)
Event: 12.197 Thread 0x000000001b185000 nmethod 5607 0x0000000003eef090 code [0x0000000003eef220, 0x0000000003eef558]
Event: 12.197 Thread 0x000000001b185000 5608       1       org.springframework.beans.BeanWrapperImpl::getLocalPropertyHandler (27 bytes)
Event: 12.198 Thread 0x000000001b185000 nmethod 5608 0x0000000003eef850 code [0x0000000003eef9e0, 0x0000000003eefd18]
Event: 12.198 Thread 0x000000001b185000 5609       1       org.springframework.beans.PropertyEditorRegistrySupport::findCustomEditor (116 bytes)
Event: 12.198 Thread 0x000000001b185000 nmethod 5609 0x0000000003eeff90 code [0x0000000003ef0140, 0x0000000003ef0578]
Event: 12.199 Thread 0x000000001b185000 5610   !   1       org.springframework.beans.TypeConverterDelegate::convertIfNecessary (909 bytes)

GC Heap History (10 events):
Event: 6.597 GC heap before
{Heap before GC invocations=12 (full 2):
 PSYoungGen      total 186368K, used 9348K [0x00000000d5f00000, 0x00000000e2100000, 0x0000000100000000)
  eden space 176128K, 0% used [0x00000000d5f00000,0x00000000d5f00000,0x00000000e0b00000)
  from space 10240K, 91% used [0x00000000e1700000,0x00000000e2021370,0x00000000e2100000)
  to   space 11264K, 0% used [0x00000000e0b00000,0x00000000e0b00000,0x00000000e1600000)
 ParOldGen       total 48640K, used 12176K [0x0000000081c00000, 0x0000000084b80000, 0x00000000d5f00000)
  object space 48640K, 25% used [0x0000000081c00000,0x00000000827e4130,0x0000000084b80000)
 Metaspace       used 33816K, capacity 35400K, committed 35496K, reserved 1079296K
  class space    used 4496K, capacity 4836K, committed 4912K, reserved 1048576K
Event: 6.646 GC heap after
Heap after GC invocations=12 (full 2):
 PSYoungGen      total 186368K, used 0K [0x00000000d5f00000, 0x00000000e2100000, 0x0000000100000000)
  eden space 176128K, 0% used [0x00000000d5f00000,0x00000000d5f00000,0x00000000e0b00000)
  from space 10240K, 0% used [0x00000000e1700000,0x00000000e1700000,0x00000000e2100000)
  to   space 11264K, 0% used [0x00000000e0b00000,0x00000000e0b00000,0x00000000e1600000)
 ParOldGen       total 73216K, used 17515K [0x0000000081c00000, 0x0000000086380000, 0x00000000d5f00000)
  object space 73216K, 23% used [0x0000000081c00000,0x0000000082d1ad38,0x0000000086380000)
 Metaspace       used 33816K, capacity 35400K, committed 35496K, reserved 1079296K
  class space    used 4496K, capacity 4836K, committed 4912K, reserved 1048576K
}
Event: 8.694 GC heap before
{Heap before GC invocations=13 (full 2):
 PSYoungGen      total 186368K, used 176128K [0x00000000d5f00000, 0x00000000e2100000, 0x0000000100000000)
  eden space 176128K, 100% used [0x00000000d5f00000,0x00000000e0b00000,0x00000000e0b00000)
  from space 10240K, 0% used [0x00000000e1700000,0x00000000e1700000,0x00000000e2100000)
  to   space 11264K, 0% used [0x00000000e0b00000,0x00000000e0b00000,0x00000000e1600000)
 ParOldGen       total 73216K, used 17515K [0x0000000081c00000, 0x0000000086380000, 0x00000000d5f00000)
  object space 73216K, 23% used [0x0000000081c00000,0x0000000082d1ad38,0x0000000086380000)
 Metaspace       used 42728K, capacity 45170K, committed 45360K, reserved 1089536K
  class space    used 5709K, capacity 6179K, committed 6192K, reserved 1048576K
Event: 8.708 GC heap after
Heap after GC invocations=13 (full 2):
 PSYoungGen      total 187392K, used 11243K [0x00000000d5f00000, 0x00000000e6380000, 0x0000000100000000)
  eden space 176128K, 0% used [0x00000000d5f00000,0x00000000d5f00000,0x00000000e0b00000)
  from space 11264K, 99% used [0x00000000e0b00000,0x00000000e15fad68,0x00000000e1600000)
  to   space 12288K, 0% used [0x00000000e5780000,0x00000000e5780000,0x00000000e6380000)
 ParOldGen       total 73216K, used 17601K [0x0000000081c00000, 0x0000000086380000, 0x00000000d5f00000)
  object space 73216K, 24% used [0x0000000081c00000,0x0000000082d306d8,0x0000000086380000)
 Metaspace       used 42728K, capacity 45170K, committed 45360K, reserved 1089536K
  class space    used 5709K, capacity 6179K, committed 6192K, reserved 1048576K
}
Event: 9.847 GC heap before
{Heap before GC invocations=14 (full 2):
 PSYoungGen      total 187392K, used 187371K [0x00000000d5f00000, 0x00000000e6380000, 0x0000000100000000)
  eden space 176128K, 100% used [0x00000000d5f00000,0x00000000e0b00000,0x00000000e0b00000)
  from space 11264K, 99% used [0x00000000e0b00000,0x00000000e15fad68,0x00000000e1600000)
  to   space 12288K, 0% used [0x00000000e5780000,0x00000000e5780000,0x00000000e6380000)
 ParOldGen       total 73216K, used 17601K [0x0000000081c00000, 0x0000000086380000, 0x00000000d5f00000)
  object space 73216K, 24% used [0x0000000081c00000,0x0000000082d306d8,0x0000000086380000)
 Metaspace       used 48796K, capacity 51504K, committed 51760K, reserved 1093632K
  class space    used 6448K, capacity 6954K, committed 6960K, reserved 1048576K
Event: 9.863 GC heap after
Heap after GC invocations=14 (full 2):
 PSYoungGen      total 248320K, used 8876K [0x00000000d5f00000, 0x00000000e6080000, 0x0000000100000000)
  eden space 239104K, 0% used [0x00000000d5f00000,0x00000000d5f00000,0x00000000e4880000)
  from space 9216K, 96% used [0x00000000e5780000,0x00000000e602b2b8,0x00000000e6080000)
  to   space 12288K, 0% used [0x00000000e4880000,0x00000000e4880000,0x00000000e5480000)
 ParOldGen       total 73216K, used 21997K [0x0000000081c00000, 0x0000000086380000, 0x00000000d5f00000)
  object space 73216K, 30% used [0x0000000081c00000,0x000000008317b4b8,0x0000000086380000)
 Metaspace       used 48796K, capacity 51504K, committed 51760K, reserved 1093632K
  class space    used 6448K, capacity 6954K, committed 6960K, reserved 1048576K
}
Event: 11.651 GC heap before
{Heap before GC invocations=15 (full 2):
 PSYoungGen      total 248320K, used 187560K [0x00000000d5f00000, 0x00000000e6080000, 0x0000000100000000)
  eden space 239104K, 74% used [0x00000000d5f00000,0x00000000e0d7ef30,0x00000000e4880000)
  from space 9216K, 96% used [0x00000000e5780000,0x00000000e602b2b8,0x00000000e6080000)
  to   space 12288K, 0% used [0x00000000e4880000,0x00000000e4880000,0x00000000e5480000)
 ParOldGen       total 73216K, used 21997K [0x0000000081c00000, 0x0000000086380000, 0x00000000d5f00000)
  object space 73216K, 30% used [0x0000000081c00000,0x000000008317b4b8,0x0000000086380000)
 Metaspace       used 55101K, capacity 58604K, committed 58672K, reserved 1110016K
  class space    used 7319K, capacity 7917K, committed 7984K, reserved 1048576K
Event: 11.675 GC heap after
Heap after GC invocations=15 (full 2):
 PSYoungGen      total 251392K, used 12267K [0x00000000d5f00000, 0x00000000e6080000, 0x0000000100000000)
  eden space 239104K, 0% used [0x00000000d5f00000,0x00000000d5f00000,0x00000000e4880000)
  from space 12288K, 99% used [0x00000000e4880000,0x00000000e547ae48,0x00000000e5480000)
  to   space 9216K, 0% used [0x00000000e5780000,0x00000000e5780000,0x00000000e6080000)
 ParOldGen       total 73216K, used 27511K [0x0000000081c00000, 0x0000000086380000, 0x00000000d5f00000)
  object space 73216K, 37% used [0x0000000081c00000,0x00000000836ddd78,0x0000000086380000)
 Metaspace       used 55101K, capacity 58604K, committed 58672K, reserved 1110016K
  class space    used 7319K, capacity 7917K, committed 7984K, reserved 1048576K
}
Event: 11.675 GC heap before
{Heap before GC invocations=16 (full 3):
 PSYoungGen      total 251392K, used 12267K [0x00000000d5f00000, 0x00000000e6080000, 0x0000000100000000)
  eden space 239104K, 0% used [0x00000000d5f00000,0x00000000d5f00000,0x00000000e4880000)
  from space 12288K, 99% used [0x00000000e4880000,0x00000000e547ae48,0x00000000e5480000)
  to   space 9216K, 0% used [0x00000000e5780000,0x00000000e5780000,0x00000000e6080000)
 ParOldGen       total 73216K, used 27511K [0x0000000081c00000, 0x0000000086380000, 0x00000000d5f00000)
  object space 73216K, 37% used [0x0000000081c00000,0x00000000836ddd78,0x0000000086380000)
 Metaspace       used 55101K, capacity 58604K, committed 58672K, reserved 1110016K
  class space    used 7319K, capacity 7917K, committed 7984K, reserved 1048576K
Event: 11.945 GC heap after
Heap after GC invocations=16 (full 3):
 PSYoungGen      total 251392K, used 0K [0x00000000d5f00000, 0x00000000e6080000, 0x0000000100000000)
  eden space 239104K, 0% used [0x00000000d5f00000,0x00000000d5f00000,0x00000000e4880000)
  from space 12288K, 0% used [0x00000000e4880000,0x00000000e4880000,0x00000000e5480000)
  to   space 9216K, 0% used [0x00000000e5780000,0x00000000e5780000,0x00000000e6080000)
 ParOldGen       total 73216K, used 34343K [0x0000000081c00000, 0x0000000086380000, 0x00000000d5f00000)
  object space 73216K, 46% used [0x0000000081c00000,0x0000000083d89df0,0x0000000086380000)
 Metaspace       used 55068K, capacity 58550K, committed 58672K, reserved 1107968K
  class space    used 7314K, capacity 7908K, committed 7984K, reserved 1048576K
}

Deoptimization events (0 events):
No events

Classes redefined (0 events):
No events

Internal exceptions (10 events):
Event: 12.190 Thread 0x000000001bc91000 Exception <a 'java/lang/ClassNotFoundException': org/springframework/context/ApplicationListenerCustomizer> (0x00000000d7cc4880) thrown at [C:\ade\jenkins\workspace\8-2-build-windows-amd64-cygwin\jdk8u241\331\hotspot\src\share\vm\classfile\systemDictionar
Event: 12.190 Thread 0x000000001bc91000 Exception <a 'java/lang/ArrayIndexOutOfBoundsException'> (0x00000000d7cc66c8) thrown at [C:\ade\jenkins\workspace\8-2-build-windows-amd64-cygwin\jdk8u241\331\hotspot\src\share\vm\runtime\sharedRuntime.cpp, line 605]
Event: 12.191 Thread 0x000000001bc91000 Exception <a 'java/lang/ArrayIndexOutOfBoundsException'> (0x00000000d7cc85c0) thrown at [C:\ade\jenkins\workspace\8-2-build-windows-amd64-cygwin\jdk8u241\331\hotspot\src\share\vm\runtime\sharedRuntime.cpp, line 605]
Event: 12.191 Thread 0x000000001bc91000 Exception <a 'java/lang/ClassNotFoundException': java/util/EventListenerCustomizer> (0x00000000d7cdea70) thrown at [C:\ade\jenkins\workspace\8-2-build-windows-amd64-cygwin\jdk8u241\331\hotspot\src\share\vm\classfile\systemDictionary.cpp, line 210]
Event: 12.192 Thread 0x000000001bc91000 Exception <a 'java/lang/ClassNotFoundException': com/rabbitmq/client/ShutdownListenerCustomizer> (0x00000000d7d132a0) thrown at [C:\ade\jenkins\workspace\8-2-build-windows-amd64-cygwin\jdk8u241\331\hotspot\src\share\vm\classfile\systemDictionary.cpp, line
Event: 12.192 Thread 0x000000001bc91000 Exception <a 'java/lang/ClassNotFoundException': java/util/EventListenerCustomizer> (0x00000000d7d29988) thrown at [C:\ade\jenkins\workspace\8-2-build-windows-amd64-cygwin\jdk8u241\331\hotspot\src\share\vm\classfile\systemDictionary.cpp, line 210]
Event: 12.194 Thread 0x000000001bc91000 Exception <a 'java/lang/ClassNotFoundException': java/lang/ObjectCustomizer> (0x00000000d7d485b8) thrown at [C:\ade\jenkins\workspace\8-2-build-windows-amd64-cygwin\jdk8u241\331\hotspot\src\share\vm\classfile\systemDictionary.cpp, line 210]
Event: 12.195 Thread 0x000000001bc91000 Exception <a 'java/lang/ClassNotFoundException': org/springframework/jmx/export/metadata/AbstractJmxAttributeCustomizer> (0x00000000d7d938f8) thrown at [C:\ade\jenkins\workspace\8-2-build-windows-amd64-cygwin\jdk8u241\331\hotspot\src\share\vm\classfile\sy
Event: 12.196 Thread 0x000000001bc91000 Exception <a 'java/lang/ClassNotFoundException': org/springframework/jmx/export/metadata/ManagedAttributeCustomizer> (0x00000000d7ddcd18) thrown at [C:\ade\jenkins\workspace\8-2-build-windows-amd64-cygwin\jdk8u241\331\hotspot\src\share\vm\classfile\system
Event: 12.200 Thread 0x000000001bc91000 Exception <a 'java/lang/ClassNotFoundException': java/lang/ObjectCustomizer> (0x00000000d7e236f0) thrown at [C:\ade\jenkins\workspace\8-2-build-windows-amd64-cygwin\jdk8u241\331\hotspot\src\share\vm\classfile\systemDictionary.cpp, line 210]

Events (10 events):
Event: 12.196 loading class org/springframework/jmx/export/metadata/ManagedAttributeCustomizer
Event: 12.196 loading class org/springframework/jmx/export/metadata/ManagedAttributeCustomizer done
Event: 12.200 loading class java/lang/ObjectCustomizer
Event: 12.200 loading class java/lang/ObjectCustomizer done
Event: 12.200 loading class java/lang/ObjectCustomizer
Event: 12.200 loading class java/lang/ObjectCustomizer done
Event: 12.200 loading class org/springframework/amqp/rabbit/connection/AbstractConnectionFactoryCustomizer
Event: 12.200 loading class org/springframework/amqp/rabbit/connection/AbstractConnectionFactoryCustomizer done
Event: 12.201 loading class org/springframework/amqp/rabbit/connection/AbstractConnectionFactoryCustomizer
Event: 12.201 loading class org/springframework/amqp/rabbit/connection/AbstractConnectionFactoryCustomizer done


Dynamic libraries:
0x00007ff7359c0000 - 0x00007ff7359f7000 	C:\jdk-8u241-windows-x64\bin\java.exe
0x00007ffdae790000 - 0x00007ffdae985000 	C:\WINDOWS\SYSTEM32\ntdll.dll
0x00007ffdadad0000 - 0x00007ffdadb8e000 	C:\WINDOWS\System32\KERNEL32.DLL
0x00007ffdac0f0000 - 0x00007ffdac3b8000 	C:\WINDOWS\System32\KERNELBASE.dll
0x00007ffdaced0000 - 0x00007ffdacf7e000 	C:\WINDOWS\System32\ADVAPI32.dll
0x00007ffdad030000 - 0x00007ffdad0ce000 	C:\WINDOWS\System32\msvcrt.dll
0x00007ffdadc70000 - 0x00007ffdadd0c000 	C:\WINDOWS\System32\sechost.dll
0x00007ffdae5e0000 - 0x00007ffdae705000 	C:\WINDOWS\System32\RPCRT4.dll
0x00007ffdad2f0000 - 0x00007ffdad490000 	C:\WINDOWS\System32\USER32.dll
0x00007ffdabeb0000 - 0x00007ffdabed2000 	C:\WINDOWS\System32\win32u.dll
0x00007ffdae720000 - 0x00007ffdae74a000 	C:\WINDOWS\System32\GDI32.dll
0x00007ffdac580000 - 0x00007ffdac68b000 	C:\WINDOWS\System32\gdi32full.dll
0x00007ffdac750000 - 0x00007ffdac7ed000 	C:\WINDOWS\System32\msvcp_win.dll
0x00007ffdac3f0000 - 0x00007ffdac4f0000 	C:\WINDOWS\System32\ucrtbase.dll
0x00007ffd90510000 - 0x00007ffd907aa000 	C:\WINDOWS\WinSxS\amd64_microsoft.windows.common-controls_6595b64144ccf1df_6.0.19041.1110_none_60b5254171f9507e\COMCTL32.dll
0x00007ffdac880000 - 0x00007ffdac8b0000 	C:\WINDOWS\System32\IMM32.DLL
0x000000005ab30000 - 0x000000005ac02000 	C:\jdk-8u241-windows-x64\jre\bin\msvcr100.dll
0x000000005bf40000 - 0x000000005c7ec000 	C:\jdk-8u241-windows-x64\jre\bin\server\jvm.dll
0x00007ffdad130000 - 0x00007ffdad138000 	C:\WINDOWS\System32\PSAPI.DLL
0x00007ffd959f0000 - 0x00007ffd959f9000 	C:\WINDOWS\SYSTEM32\WSOCK32.dll
0x00007ffdada60000 - 0x00007ffdadacb000 	C:\WINDOWS\System32\WS2_32.dll
0x00007ffd955a0000 - 0x00007ffd955c7000 	C:\WINDOWS\SYSTEM32\WINMM.dll
0x00007ffda1520000 - 0x00007ffda152a000 	C:\WINDOWS\SYSTEM32\VERSION.dll
0x00007ffd97aa0000 - 0x00007ffd97aaf000 	C:\jdk-8u241-windows-x64\jre\bin\verify.dll
0x00007ffd92080000 - 0x00007ffd920a9000 	C:\jdk-8u241-windows-x64\jre\bin\java.dll
0x00007ffd9b3e0000 - 0x00007ffd9b403000 	C:\jdk-8u241-windows-x64\jre\bin\instrument.dll
0x00007ffd92040000 - 0x00007ffd92056000 	C:\jdk-8u241-windows-x64\jre\bin\zip.dll
0x00007ffdade90000 - 0x00007ffdae5d4000 	C:\WINDOWS\System32\SHELL32.dll
0x00007ffda9e70000 - 0x00007ffdaa604000 	C:\WINDOWS\SYSTEM32\windows.storage.dll
0x00007ffdad5f0000 - 0x00007ffdad944000 	C:\WINDOWS\System32\combase.dll
0x00007ffdab840000 - 0x00007ffdab86c000 	C:\WINDOWS\SYSTEM32\Wldp.dll
0x00007ffdad950000 - 0x00007ffdad9fd000 	C:\WINDOWS\System32\SHCORE.dll
0x00007ffdad0d0000 - 0x00007ffdad125000 	C:\WINDOWS\System32\shlwapi.dll
0x00007ffdabdf0000 - 0x00007ffdabe0f000 	C:\WINDOWS\SYSTEM32\profapi.dll
0x00007ffd97c90000 - 0x00007ffd97caa000 	D:\IntelliJ IDEA 2020.3.3\bin\breakgen64.dll
0x00007ffd9a7c0000 - 0x00007ffd9a7da000 	C:\jdk-8u241-windows-x64\jre\bin\net.dll
0x00007ffdab5b0000 - 0x00007ffdab61a000 	C:\WINDOWS\system32\mswsock.dll
0x00007ffdab300000 - 0x00007ffdab3cb000 	C:\WINDOWS\SYSTEM32\DNSAPI.dll
0x00007ffdab2c0000 - 0x00007ffdab2fb000 	C:\WINDOWS\SYSTEM32\IPHLPAPI.DLL
0x00007ffdae710000 - 0x00007ffdae718000 	C:\WINDOWS\System32\NSI.dll
0x00007ffd9c7e0000 - 0x00007ffd9c7ea000 	C:\Windows\System32\rasadhlp.dll
0x00007ffd9c8a0000 - 0x00007ffd9c91f000 	C:\WINDOWS\System32\fwpuclnt.dll
0x00007ffdac3c0000 - 0x00007ffdac3e7000 	C:\WINDOWS\System32\bcrypt.dll
0x00007ffd965b0000 - 0x00007ffd965bd000 	C:\jdk-8u241-windows-x64\jre\bin\management.dll
0x00007ffd9a7a0000 - 0x00007ffd9a7b2000 	C:\jdk-8u241-windows-x64\jre\bin\nio.dll
0x00007ffdab880000 - 0x00007ffdab898000 	C:\WINDOWS\SYSTEM32\CRYPTSP.dll
0x00007ffdaaef0000 - 0x00007ffdaaf24000 	C:\WINDOWS\system32\rsaenh.dll
0x00007ffdabdb0000 - 0x00007ffdabdde000 	C:\WINDOWS\SYSTEM32\USERENV.dll
0x00007ffdac4f0000 - 0x00007ffdac572000 	C:\WINDOWS\System32\bcryptprimitives.dll
0x00007ffdab740000 - 0x00007ffdab74c000 	C:\WINDOWS\SYSTEM32\CRYPTBASE.dll
0x00007ffda2fc0000 - 0x00007ffda2fd7000 	C:\WINDOWS\SYSTEM32\dhcpcsvc6.DLL
0x00007ffda2cf0000 - 0x00007ffda2d0d000 	C:\WINDOWS\SYSTEM32\dhcpcsvc.DLL
0x00007ffd99800000 - 0x00007ffd99817000 	C:\WINDOWS\system32\napinsp.dll
0x00007ffd8e0e0000 - 0x00007ffd8e0fb000 	C:\WINDOWS\system32\pnrpnsp.dll
0x00007ffda66d0000 - 0x00007ffda66e5000 	C:\WINDOWS\system32\wshbth.dll
0x00007ffda4950000 - 0x00007ffda496d000 	C:\WINDOWS\system32\NLAapi.dll
0x00007ffd8e0a0000 - 0x00007ffd8e0b2000 	C:\WINDOWS\System32\winrnr.dll
0x00007ffd88bc0000 - 0x00007ffd88be4000 	C:\jdk-8u241-windows-x64\jre\bin\sunec.dll
0x00007ffda5b90000 - 0x00007ffda5b9b000 	C:\jdk-8u241-windows-x64\jre\bin\sunmscapi.dll
0x00007ffdabf90000 - 0x00007ffdac0e6000 	C:\WINDOWS\System32\CRYPT32.dll

VM Arguments:
jvm_args: -XX:TieredStopAtLevel=1 -Xverify:none -Dspring.output.ansi.enabled=always -javaagent:D:\IntelliJ IDEA 2020.3.3\lib\idea_rt.jar=58161:D:\IntelliJ IDEA 2020.3.3\bin -Dcom.sun.management.jmxremote -Dspring.jmx.enabled=true -Dspring.liveBeansView.mbeanDomain -Dspring.application.admin.enabled=true -Dfile.encoding=UTF-8 
java_command: top.kaluna.pipelineMonitor.PipelineMonitorApplication
java_class_path (initial): C:\jdk-8u241-windows-x64\jre\lib\charsets.jar;C:\jdk-8u241-windows-x64\jre\lib\deploy.jar;C:\jdk-8u241-windows-x64\jre\lib\ext\access-bridge-64.jar;C:\jdk-8u241-windows-x64\jre\lib\ext\cldrdata.jar;C:\jdk-8u241-windows-x64\jre\lib\ext\dnsns.jar;C:\jdk-8u241-windows-x64\jre\lib\ext\jaccess.jar;C:\jdk-8u241-windows-x64\jre\lib\ext\jfxrt.jar;C:\jdk-8u241-windows-x64\jre\lib\ext\localedata.jar;C:\jdk-8u241-windows-x64\jre\lib\ext\nashorn.jar;C:\jdk-8u241-windows-x64\jre\lib\ext\sunec.jar;C:\jdk-8u241-windows-x64\jre\lib\ext\sunjce_provider.jar;C:\jdk-8u241-windows-x64\jre\lib\ext\sunmscapi.jar;C:\jdk-8u241-windows-x64\jre\lib\ext\sunpkcs11.jar;C:\jdk-8u241-windows-x64\jre\lib\ext\zipfs.jar;C:\jdk-8u241-windows-x64\jre\lib\javaws.jar;C:\jdk-8u241-windows-x64\jre\lib\jce.jar;C:\jdk-8u241-windows-x64\jre\lib\jfr.jar;C:\jdk-8u241-windows-x64\jre\lib\jfxswt.jar;C:\jdk-8u241-windows-x64\jre\lib\jsse.jar;C:\jdk-8u241-windows-x64\jre\lib\management-agent.jar;C:\jdk-8u241-windows-x64\jre\lib\plugin.jar;C:\jdk-8u241-windows-x64\jre\lib\resources.jar;C:\jdk-8u241-windows-x64\jre\lib\rt.jar;X:\ideaworkspace\pipelineMonitor\target\classes;D:\path\to\local\repo\org\springframework\boot\spring-boot-starter-amqp\2.6.1\spring-boot-starter-amqp-2.6.1.jar;D:\path\to\local\repo\org\springframework\boot\spring-boot-starter\2.6.1\spring-boot-starter-2.6.1.jar;D:\path\to\local\repo\org\springframework\boot\spring-boot-starter-logging\2.6.1\spring-boot-starter-logging-2.6.1.jar;D:\path\to\local\repo\ch\qos\logback\logback-classic\1.2.7\logback-classic-1.2.7.jar;D:\path\to\local\repo\ch\qos\logback\logback-core\1.2.7\logback-core-1.2.7.jar;D:\path\to\local\repo\org\apache\logging\log4j\log4j-to-slf4j\2.14.1\log4j-to-slf4j-2.14.1.jar;D:\path\to\local\repo\org\slf4j\jul-to-slf4j\1.7.32\jul-to-slf4j-1.7.32.jar;D:\path\to\local\repo\jakarta\annotation\jakarta.annotation-api\1.3.5\jakarta.annotation-api-1.3.5.jar;D:\path\to\local\repo\org\yaml\snakeyaml\1.29\snakeyaml-1.
Launcher Type: SUN_STANDARD

Environment Variables:
JAVA_HOME=C:\jdk-8u241-windows-x64
USERNAME=86158
OS=Windows_NT
PROCESSOR_IDENTIFIER=Intel64 Family 6 Model 142 Stepping 10, GenuineIntel



---------------  S Y S T E M  ---------------

OS: Windows 10.0 , 64 bit Build 19041 (10.0.19041.1645)

CPU:total 8 (initial active 8) (4 cores per cpu, 2 threads per core) family 6 model 142 stepping 10, cmov, cx8, fxsr, mmx, sse, sse2, sse3, ssse3, sse4.1, sse4.2, popcnt, avx, avx2, aes, clmul, erms, 3dnowpref, lzcnt, ht, tsc, tscinvbit, bmi1, bmi2, adx

Memory: 4k page, physical 8268520k(445580k free), swap 14168468k(2912k free)

vm_info: Java HotSpot(TM) 64-Bit Server VM (25.241-b07) for windows-amd64 JRE (1.8.0_241-b07), built on Dec 11 2019 10:21:40 by "rejava" with MS VC++ 10.0 (VS2010)

time: Sat Jun 18 19:55:12 2022
timezone: 中国标准时间
elapsed time: 12 seconds (0d 0h 0m 12s)

