#
# There is insufficient memory for the Java Runtime Environment to continue.
# Native memory allocation (malloc) failed to allocate 1023776 bytes for Chunk::new
# Possible reasons:
#   The system is out of physical RAM or swap space
#   The process is running with CompressedOops enabled, and the Java Heap may be blocking the growth of the native heap
# Possible solutions:
#   Reduce memory load on the system
#   Increase physical memory or swap space
#   Check if swap backing store is full
#   Decrease Java heap size (-Xmx/-Xms)
#   Decrease number of Java threads
#   Decrease Java thread stack sizes (-Xss)
#   Set larger code cache with -XX:ReservedCodeCacheSize=
#   JVM is running with Unscaled Compressed Oops mode in which the Java heap is
#     placed in the first 4GB address space. The Java Heap base address is the
#     maximum limit for the native heap growth. Please use -XX:HeapBaseMinAddress
#     to set the Java Heap base and to place the Java Heap above 4GB virtual address.
# This output file may be truncated or incomplete.
#
#  Out of Memory Error (allocation.cpp:389), pid=8444, tid=0x0000000000003898
#
# JRE version: Java(TM) SE Runtime Environment (8.0_241-b07) (build 1.8.0_241-b07)
# Java VM: Java HotSpot(TM) 64-Bit Server VM (25.241-b07 mixed mode windows-amd64 compressed oops)
# Failed to write core dump. Minidumps are not enabled by default on client versions of Windows
#

---------------  T H R E A D  ---------------

Current thread (0x000000001a326800):  JavaThread "C2 CompilerThread2" daemon [_thread_in_native, id=14488, stack(0x000000001adc0000,0x000000001aec0000)]

Stack: [0x000000001adc0000,0x000000001aec0000]
[error occurred during error reporting (printing stack bounds), id 0xc0000005]

Native frames: (J=compiled Java code, j=interpreted, Vv=VM code, C=native code)


Current CompileTask:
C2:  15850 6482       4       org.aspectj.weaver.reflect.JavaLangTypeToResolvedTypeConverter::fromType (427 bytes)


---------------  P R O C E S S  ---------------

Java Threads: ( => current thread )
  0x000000001d0e6800 JavaThread "lettuce-timer-3-1" daemon [_thread_blocked, id=11580, stack(0x0000000024280000,0x0000000024380000)]
  0x000000001d0e8000 JavaThread "Thread-3" daemon [_thread_in_native, id=12432, stack(0x00000000238a0000,0x00000000239a0000)]
  0x000000001d0e7800 JavaThread "container-0" [_thread_blocked, id=11664, stack(0x0000000022510000,0x0000000022610000)]
  0x000000001d0e6000 JavaThread "Catalina-utility-2" [_thread_blocked, id=20088, stack(0x00000000221c0000,0x00000000222c0000)]
  0x000000001d0e3000 JavaThread "Catalina-utility-1" [_thread_blocked, id=13616, stack(0x0000000020ab0000,0x0000000020bb0000)]
  0x000000001a3d5000 JavaThread "Service Thread" daemon [_thread_blocked, id=14908, stack(0x000000001afc0000,0x000000001b0c0000)]
  0x000000001a333800 JavaThread "C1 CompilerThread3" daemon [_thread_in_native, id=10144, stack(0x000000001aec0000,0x000000001afc0000)]
=>0x000000001a326800 JavaThread "C2 CompilerThread2" daemon [_thread_in_native, id=14488, stack(0x000000001adc0000,0x000000001aec0000)]
  0x000000001a31e800 JavaThread "C2 CompilerThread1" daemon [_thread_in_native, id=18348, stack(0x000000001acc0000,0x000000001adc0000)]
  0x000000001a31b000 JavaThread "C2 CompilerThread0" daemon [_thread_in_native, id=19464, stack(0x000000001abc0000,0x000000001acc0000)]
  0x000000001a310000 JavaThread "Monitor Ctrl-Break" daemon [_thread_in_native, id=16556, stack(0x000000001aac0000,0x000000001abc0000)]
  0x000000001a2a7800 JavaThread "Attach Listener" daemon [_thread_blocked, id=21160, stack(0x000000001a9c0000,0x000000001aac0000)]
  0x000000001a302800 JavaThread "Signal Dispatcher" daemon [_thread_blocked, id=17764, stack(0x000000001a8c0000,0x000000001a9c0000)]
  0x0000000018499800 JavaThread "Finalizer" daemon [_thread_blocked, id=19864, stack(0x000000001a760000,0x000000001a860000)]
  0x000000001a280800 JavaThread "Reference Handler" daemon [_thread_blocked, id=15936, stack(0x000000001a660000,0x000000001a760000)]
  0x000000000326b000 JavaThread "main" [_thread_in_Java, id=12588, stack(0x0000000003140000,0x0000000003240000)]

Other Threads:
  0x000000001848c000 VMThread [stack: 0x000000001a160000,0x000000001a260000] [id=9052]
  0x000000001a460800 WatcherThread [stack: 0x000000001b0c0000,0x000000001b1c0000] [id=5328]

VM state:not at safepoint (normal execution)

VM Mutex/Monitor currently owned by a thread: None

heap address: 0x0000000081c00000, size: 2020 MB, Compressed Oops mode: 32-bit
Narrow klass base: 0x0000000000000000, Narrow klass shift: 3
Compressed class space size: 1073741824 Address: 0x0000000100000000

Heap:
 PSYoungGen      total 338432K, used 39164K [0x00000000d5f00000, 0x00000000ebf80000, 0x0000000100000000)
  eden space 323584K, 7% used [0x00000000d5f00000,0x00000000d76c5f88,0x00000000e9b00000)
  from space 14848K, 99% used [0x00000000ead00000,0x00000000ebb793f8,0x00000000ebb80000)
  to   space 18432K, 0% used [0x00000000e9b00000,0x00000000e9b00000,0x00000000ead00000)
 ParOldGen       total 132096K, used 31305K [0x0000000081c00000, 0x0000000089d00000, 0x00000000d5f00000)
  object space 132096K, 23% used [0x0000000081c00000,0x0000000083a92488,0x0000000089d00000)
 Metaspace       used 65619K, capacity 70084K, committed 70272K, reserved 1110016K
  class space    used 8562K, capacity 9330K, committed 9344K, reserved 1048576K

Card table byte_map: [0x00000000128d0000,0x0000000012cd0000] byte_map_base: 0x00000000124c2000

Marking Bits: (ParMarkBitMap*) 0x000000006605be30
 Begin Bits: [0x0000000013780000, 0x0000000015710000)
 End Bits:   [0x0000000015710000, 0x00000000176a0000)

Polling page: 0x0000000002ca0000

CodeCache: size=245760Kb used=23357Kb max_used=23371Kb free=222402Kb
 bounds [0x0000000003510000, 0x0000000004c00000, 0x0000000012510000]
 total_blobs=6308 nmethods=5772 adapters=446
 compilation: enabled

Compilation events (10 events):
Event: 15.826 Thread 0x000000001a333800 6551   !   2       org.springframework.beans.factory.annotation.InitDestroyAnnotationBeanPostProcessor::postProcessBeforeInitialization (53 bytes)
Event: 15.826 Thread 0x000000001a333800 nmethod 6551 0x0000000004be2650 code [0x0000000004be27e0, 0x0000000004be2b58]
Event: 15.827 Thread 0x000000001a333800 6552       2       org.springframework.beans.factory.annotation.InitDestroyAnnotationBeanPostProcessor$1::invokeInitMethods (1 bytes)
Event: 15.827 Thread 0x000000001a333800 nmethod 6552 0x0000000004be2310 code [0x0000000004be2460, 0x0000000004be25b0]
Event: 15.837 Thread 0x000000001a333800 6553       2       org.springframework.boot.context.properties.ConfigurationPropertiesBinder$ConfigurationPropertiesBindHandler::onStart (33 bytes)
Event: 15.838 Thread 0x000000001a333800 nmethod 6553 0x0000000004bdf7d0 code [0x0000000004bdf980, 0x0000000004bdfd98]
Event: 15.838 Thread 0x000000001a333800 6554       2       org.springframework.boot.context.properties.ConfigurationPropertiesBinder$ConfigurationPropertiesBindHandler::isConfigurationProperties (24 bytes)
Event: 15.838 Thread 0x000000001a333800 nmethod 6554 0x0000000004bdf150 code [0x0000000004bdf2e0, 0x0000000004bdf5a8]
Event: 15.847 Thread 0x000000001a333800 6555       2       org.springframework.aop.framework.autoproxy.AbstractAutoProxyCreator::getCustomTargetSource (134 bytes)
Event: 15.847 Thread 0x000000001a333800 nmethod 6555 0x0000000004bde4d0 code [0x0000000004bde6e0, 0x0000000004bdecc8]

GC Heap History (10 events):
Event: 8.850 GC heap before
{Heap before GC invocations=13 (full 2):
 PSYoungGen      total 233472K, used 233201K [0x00000000d5f00000, 0x00000000e5c00000, 0x0000000100000000)
  eden space 222208K, 100% used [0x00000000d5f00000,0x00000000e3800000,0x00000000e3800000)
  from space 11264K, 97% used [0x00000000e5100000,0x00000000e5bbc450,0x00000000e5c00000)
  to   space 12288K, 0% used [0x00000000e4400000,0x00000000e4400000,0x00000000e5000000)
 ParOldGen       total 89600K, used 13977K [0x0000000081c00000, 0x0000000087380000, 0x00000000d5f00000)
  object space 89600K, 15% used [0x0000000081c00000,0x00000000829a65c0,0x0000000087380000)
 Metaspace       used 48662K, capacity 51946K, committed 52224K, reserved 1093632K
  class space    used 6508K, capacity 7059K, committed 7168K, reserved 1048576K
Event: 8.861 GC heap after
Heap after GC invocations=13 (full 2):
 PSYoungGen      total 246784K, used 12282K [0x00000000d5f00000, 0x00000000e8880000, 0x0000000100000000)
  eden space 234496K, 0% used [0x00000000d5f00000,0x00000000d5f00000,0x00000000e4400000)
  from space 12288K, 99% used [0x00000000e4400000,0x00000000e4ffea30,0x00000000e5000000)
  to   space 14336K, 0% used [0x00000000e7a80000,0x00000000e7a80000,0x00000000e8880000)
 ParOldGen       total 89600K, used 14903K [0x0000000081c00000, 0x0000000087380000, 0x00000000d5f00000)
  object space 89600K, 16% used [0x0000000081c00000,0x0000000082a8df40,0x0000000087380000)
 Metaspace       used 48662K, capacity 51946K, committed 52224K, reserved 1093632K
  class space    used 6508K, capacity 7059K, committed 7168K, reserved 1048576K
}
Event: 10.227 GC heap before
{Heap before GC invocations=14 (full 2):
 PSYoungGen      total 246784K, used 206579K [0x00000000d5f00000, 0x00000000e8880000, 0x0000000100000000)
  eden space 234496K, 82% used [0x00000000d5f00000,0x00000000e1cbe218,0x00000000e4400000)
  from space 12288K, 99% used [0x00000000e4400000,0x00000000e4ffea30,0x00000000e5000000)
  to   space 14336K, 0% used [0x00000000e7a80000,0x00000000e7a80000,0x00000000e8880000)
 ParOldGen       total 89600K, used 14903K [0x0000000081c00000, 0x0000000087380000, 0x00000000d5f00000)
  object space 89600K, 16% used [0x0000000081c00000,0x0000000082a8df40,0x0000000087380000)
 Metaspace       used 55400K, capacity 58954K, committed 59136K, reserved 1099776K
  class space    used 7299K, capacity 7919K, committed 7936K, reserved 1048576K
Event: 10.251 GC heap after
Heap after GC invocations=14 (full 2):
 PSYoungGen      total 289280K, used 12956K [0x00000000d5f00000, 0x00000000e9b00000, 0x0000000100000000)
  eden space 274944K, 0% used [0x00000000d5f00000,0x00000000d5f00000,0x00000000e6b80000)
  from space 14336K, 90% used [0x00000000e7a80000,0x00000000e8727220,0x00000000e8880000)
  to   space 15360K, 0% used [0x00000000e6b80000,0x00000000e6b80000,0x00000000e7a80000)
 ParOldGen       total 89600K, used 18655K [0x0000000081c00000, 0x0000000087380000, 0x00000000d5f00000)
  object space 89600K, 20% used [0x0000000081c00000,0x0000000082e37fb0,0x0000000087380000)
 Metaspace       used 55400K, capacity 58954K, committed 59136K, reserved 1099776K
  class space    used 7299K, capacity 7919K, committed 7936K, reserved 1048576K
}
Event: 10.251 GC heap before
{Heap before GC invocations=15 (full 3):
 PSYoungGen      total 289280K, used 12956K [0x00000000d5f00000, 0x00000000e9b00000, 0x0000000100000000)
  eden space 274944K, 0% used [0x00000000d5f00000,0x00000000d5f00000,0x00000000e6b80000)
  from space 14336K, 90% used [0x00000000e7a80000,0x00000000e8727220,0x00000000e8880000)
  to   space 15360K, 0% used [0x00000000e6b80000,0x00000000e6b80000,0x00000000e7a80000)
 ParOldGen       total 89600K, used 18655K [0x0000000081c00000, 0x0000000087380000, 0x00000000d5f00000)
  object space 89600K, 20% used [0x0000000081c00000,0x0000000082e37fb0,0x0000000087380000)
 Metaspace       used 55400K, capacity 58954K, committed 59136K, reserved 1099776K
  class space    used 7299K, capacity 7919K, committed 7936K, reserved 1048576K
Event: 10.478 GC heap after
Heap after GC invocations=15 (full 3):
 PSYoungGen      total 289280K, used 0K [0x00000000d5f00000, 0x00000000e9b00000, 0x0000000100000000)
  eden space 274944K, 0% used [0x00000000d5f00000,0x00000000d5f00000,0x00000000e6b80000)
  from space 14336K, 0% used [0x00000000e7a80000,0x00000000e7a80000,0x00000000e8880000)
  to   space 15360K, 0% used [0x00000000e6b80000,0x00000000e6b80000,0x00000000e7a80000)
 ParOldGen       total 132096K, used 27063K [0x0000000081c00000, 0x0000000089d00000, 0x00000000d5f00000)
  object space 132096K, 20% used [0x0000000081c00000,0x000000008366dc80,0x0000000089d00000)
 Metaspace       used 55400K, capacity 58954K, committed 59136K, reserved 1099776K
  class space    used 7299K, capacity 7919K, committed 7936K, reserved 1048576K
}
Event: 12.933 GC heap before
{Heap before GC invocations=16 (full 3):
 PSYoungGen      total 289280K, used 274944K [0x00000000d5f00000, 0x00000000e9b00000, 0x0000000100000000)
  eden space 274944K, 100% used [0x00000000d5f00000,0x00000000e6b80000,0x00000000e6b80000)
  from space 14336K, 0% used [0x00000000e7a80000,0x00000000e7a80000,0x00000000e8880000)
  to   space 15360K, 0% used [0x00000000e6b80000,0x00000000e6b80000,0x00000000e7a80000)
 ParOldGen       total 132096K, used 27063K [0x0000000081c00000, 0x0000000089d00000, 0x00000000d5f00000)
  object space 132096K, 20% used [0x0000000081c00000,0x000000008366dc80,0x0000000089d00000)
 Metaspace       used 58698K, capacity 62558K, committed 62720K, reserved 1103872K
  class space    used 7706K, capacity 8387K, committed 8448K, reserved 1048576K
Event: 12.949 GC heap after
Heap after GC invocations=16 (full 3):
 PSYoungGen      total 290304K, used 9190K [0x00000000d5f00000, 0x00000000ebb80000, 0x0000000100000000)
  eden space 274944K, 0% used [0x00000000d5f00000,0x00000000d5f00000,0x00000000e6b80000)
  from space 15360K, 59% used [0x00000000e6b80000,0x00000000e7479818,0x00000000e7a80000)
  to   space 14848K, 0% used [0x00000000ead00000,0x00000000ead00000,0x00000000ebb80000)
 ParOldGen       total 132096K, used 27071K [0x0000000081c00000, 0x0000000089d00000, 0x00000000d5f00000)
  object space 132096K, 20% used [0x0000000081c00000,0x000000008366fc80,0x0000000089d00000)
 Metaspace       used 58698K, capacity 62558K, committed 62720K, reserved 1103872K
  class space    used 7706K, capacity 8387K, committed 8448K, reserved 1048576K
}
Event: 15.696 GC heap before
{Heap before GC invocations=17 (full 3):
 PSYoungGen      total 290304K, used 284134K [0x00000000d5f00000, 0x00000000ebb80000, 0x0000000100000000)
  eden space 274944K, 100% used [0x00000000d5f00000,0x00000000e6b80000,0x00000000e6b80000)
  from space 15360K, 59% used [0x00000000e6b80000,0x00000000e7479818,0x00000000e7a80000)
  to   space 14848K, 0% used [0x00000000ead00000,0x00000000ead00000,0x00000000ebb80000)
 ParOldGen       total 132096K, used 27071K [0x0000000081c00000, 0x0000000089d00000, 0x00000000d5f00000)
  object space 132096K, 20% used [0x0000000081c00000,0x000000008366fc80,0x0000000089d00000)
 Metaspace       used 65187K, capacity 69562K, committed 69760K, reserved 1110016K
  class space    used 8493K, capacity 9243K, committed 9344K, reserved 1048576K
Event: 15.718 GC heap after
Heap after GC invocations=17 (full 3):
 PSYoungGen      total 338432K, used 14820K [0x00000000d5f00000, 0x00000000ebf80000, 0x0000000100000000)
  eden space 323584K, 0% used [0x00000000d5f00000,0x00000000d5f00000,0x00000000e9b00000)
  from space 14848K, 99% used [0x00000000ead00000,0x00000000ebb793f8,0x00000000ebb80000)
  to   space 18432K, 0% used [0x00000000e9b00000,0x00000000e9b00000,0x00000000ead00000)
 ParOldGen       total 132096K, used 31305K [0x0000000081c00000, 0x0000000089d00000, 0x00000000d5f00000)
  object space 132096K, 23% used [0x0000000081c00000,0x0000000083a92488,0x0000000089d00000)
 Metaspace       used 65187K, capacity 69562K, committed 69760K, reserved 1110016K
  class space    used 8493K, capacity 9243K, committed 9344K, reserved 1048576K
}

Deoptimization events (10 events):
Event: 14.866 Thread 0x000000000326b000 Uncommon trap: reason=unstable_if action=reinterpret pc=0x00000000043146a0 method=java.net.URI.match(CJJ)Z @ 45
Event: 14.916 Thread 0x000000000326b000 Uncommon trap: reason=class_check action=maybe_recompile pc=0x000000000387f684 method=java.util.TreeMap.put(Ljava/lang/Object;Ljava/lang/Object;)Ljava/lang/Object; @ 127
Event: 14.917 Thread 0x000000000326b000 Uncommon trap: reason=class_check action=maybe_recompile pc=0x000000000387f684 method=java.util.TreeMap.put(Ljava/lang/Object;Ljava/lang/Object;)Ljava/lang/Object; @ 127
Event: 14.917 Thread 0x000000000326b000 Uncommon trap: reason=class_check action=maybe_recompile pc=0x000000000387f684 method=java.util.TreeMap.put(Ljava/lang/Object;Ljava/lang/Object;)Ljava/lang/Object; @ 127
Event: 14.917 Thread 0x000000000326b000 Uncommon trap: reason=class_check action=maybe_recompile pc=0x000000000387f684 method=java.util.TreeMap.put(Ljava/lang/Object;Ljava/lang/Object;)Ljava/lang/Object; @ 127
Event: 15.028 Thread 0x000000000326b000 Uncommon trap: reason=null_check action=make_not_entrant pc=0x000000000488bee4 method=java.lang.Class.isAnnotation()Z @ 1
Event: 15.132 Thread 0x000000000326b000 Uncommon trap: reason=unstable_if action=reinterpret pc=0x0000000003a7decc method=java.util.concurrent.ConcurrentHashMap.transfer([Ljava/util/concurrent/ConcurrentHashMap$Node;[Ljava/util/concurrent/ConcurrentHashMap$Node;)V @ 356
Event: 15.133 Thread 0x000000000326b000 Uncommon trap: reason=unstable_if action=reinterpret pc=0x0000000003a5f514 method=java.util.concurrent.ConcurrentHashMap.transfer([Ljava/util/concurrent/ConcurrentHashMap$Node;[Ljava/util/concurrent/ConcurrentHashMap$Node;)V @ 356
Event: 15.544 Thread 0x000000000326b000 Uncommon trap: reason=unstable_if action=reinterpret pc=0x000000000414f344 method=org.springframework.beans.factory.support.AbstractAutowireCapableBeanFactory.determineTargetType(Ljava/lang/String;Lorg/springframework/beans/factory/support/RootBeanDefinit
Event: 15.618 Thread 0x000000000326b000 Uncommon trap: reason=bimorphic action=maybe_recompile pc=0x0000000003f973ac method=java.util.Collections$SetFromMap.contains(Ljava/lang/Object;)Z @ 5

Classes redefined (0 events):
No events

Internal exceptions (10 events):
Event: 15.830 Thread 0x000000000326b000 Exception <a 'java/lang/ClassNotFoundException': org/springframework/data/web/config/ProjectingArgumentResolverRegistrarCustomizer> (0x00000000d6dcf058) thrown at [C:\ade\jenkins\workspace\8-2-build-windows-amd64-cygwin\jdk8u241\331\hotspot\src\share\vm\c
Event: 15.835 Thread 0x000000000326b000 Exception <a 'java/lang/ClassNotFoundException': java/lang/ObjectCustomizer> (0x00000000d6e2ff68) thrown at [C:\ade\jenkins\workspace\8-2-build-windows-amd64-cygwin\jdk8u241\331\hotspot\src\share\vm\classfile\systemDictionary.cpp, line 210]
Event: 15.836 Thread 0x000000000326b000 Exception <a 'java/lang/ClassNotFoundException': org/springframework/boot/autoconfigure/info/ProjectInfoPropertiesCustomizer> (0x00000000d6e88c28) thrown at [C:\ade\jenkins\workspace\8-2-build-windows-amd64-cygwin\jdk8u241\331\hotspot\src\share\vm\classfi
Event: 15.839 Thread 0x000000000326b000 Exception <a 'java/lang/ClassNotFoundException': java/lang/ObjectCustomizer> (0x00000000d6eb63b0) thrown at [C:\ade\jenkins\workspace\8-2-build-windows-amd64-cygwin\jdk8u241\331\hotspot\src\share\vm\classfile\systemDictionary.cpp, line 210]
Event: 15.841 Thread 0x000000000326b000 Exception <a 'java/lang/ClassNotFoundException': org/springframework/boot/autoconfigure/info/ProjectInfoAutoConfigurationCustomizer> (0x00000000d6f12728) thrown at [C:\ade\jenkins\workspace\8-2-build-windows-amd64-cygwin\jdk8u241\331\hotspot\src\share\vm\
Event: 15.842 Thread 0x000000000326b000 Exception <a 'java/lang/ClassNotFoundException': java/lang/ObjectCustomizer> (0x00000000d6f39308) thrown at [C:\ade\jenkins\workspace\8-2-build-windows-amd64-cygwin\jdk8u241\331\hotspot\src\share\vm\classfile\systemDictionary.cpp, line 210]
Event: 15.843 Thread 0x000000000326b000 Exception <a 'java/lang/ClassNotFoundException': org/springframework/boot/autoconfigure/jdbc/JdbcTemplateConfigurationCustomizer> (0x00000000d6f94430) thrown at [C:\ade\jenkins\workspace\8-2-build-windows-amd64-cygwin\jdk8u241\331\hotspot\src\share\vm\cla
Event: 15.845 Thread 0x000000000326b000 Exception <a 'java/lang/ClassNotFoundException': java/lang/ObjectCustomizer> (0x00000000d6fb3d40) thrown at [C:\ade\jenkins\workspace\8-2-build-windows-amd64-cygwin\jdk8u241\331\hotspot\src\share\vm\classfile\systemDictionary.cpp, line 210]
Event: 15.846 Thread 0x000000000326b000 Exception <a 'java/lang/ClassNotFoundException': org/springframework/boot/autoconfigure/sql/init/DataSourceInitializationConfigurationCustomizer> (0x00000000d701c7b8) thrown at [C:\ade\jenkins\workspace\8-2-build-windows-amd64-cygwin\jdk8u241\331\hotspot\
Event: 15.848 Thread 0x000000000326b000 Exception <a 'java/lang/ClassNotFoundException': java/lang/ObjectCustomizer> (0x00000000d7042130) thrown at [C:\ade\jenkins\workspace\8-2-build-windows-amd64-cygwin\jdk8u241\331\hotspot\src\share\vm\classfile\systemDictionary.cpp, line 210]

Events (10 events):
Event: 15.845 loading class org/springframework/boot/autoconfigure/sql/init/DataSourceInitializationConfigurationCustomizer
Event: 15.846 loading class org/springframework/boot/autoconfigure/sql/init/DataSourceInitializationConfigurationCustomizer done
Event: 15.847 loading class java/lang/ObjectCustomizer
Event: 15.847 loading class java/lang/ObjectCustomizer done
Event: 15.848 loading class java/lang/ObjectCustomizer
Event: 15.848 loading class java/lang/ObjectCustomizer done
Event: 15.848 loading class org/springframework/boot/autoconfigure/sql/init/SqlInitializationPropertiesCustomizer
Event: 15.848 loading class org/springframework/boot/autoconfigure/sql/init/SqlInitializationPropertiesCustomizer done
Event: 15.848 loading class org/springframework/boot/autoconfigure/sql/init/SqlInitializationPropertiesCustomizer
Event: 15.848 loading class org/springframework/boot/autoconfigure/sql/init/SqlInitializationPropertiesCustomizer done


Dynamic libraries:
0x00007ff695cb0000 - 0x00007ff695ce7000 	C:\jdk-8u241-windows-x64\bin\java.exe
0x00007ffbf3950000 - 0x00007ffbf3b45000 	C:\WINDOWS\SYSTEM32\ntdll.dll
0x00007ffbf2310000 - 0x00007ffbf23ce000 	C:\WINDOWS\System32\KERNEL32.DLL
0x00007ffbf16e0000 - 0x00007ffbf19a8000 	C:\WINDOWS\System32\KERNELBASE.dll
0x00007ffbf1e50000 - 0x00007ffbf1efe000 	C:\WINDOWS\System32\ADVAPI32.dll
0x00007ffbf2270000 - 0x00007ffbf230e000 	C:\WINDOWS\System32\msvcrt.dll
0x00007ffbf3870000 - 0x00007ffbf390c000 	C:\WINDOWS\System32\sechost.dll
0x00007ffbf2d80000 - 0x00007ffbf2ea5000 	C:\WINDOWS\System32\RPCRT4.dll
0x00007ffbf2a50000 - 0x00007ffbf2bf0000 	C:\WINDOWS\System32\USER32.dll
0x00007ffbf15b0000 - 0x00007ffbf15d2000 	C:\WINDOWS\System32\win32u.dll
0x00007ffbf1e20000 - 0x00007ffbf1e4a000 	C:\WINDOWS\System32\GDI32.dll
0x00007ffbf1070000 - 0x00007ffbf117b000 	C:\WINDOWS\System32\gdi32full.dll
0x00007ffbf1510000 - 0x00007ffbf15ad000 	C:\WINDOWS\System32\msvcp_win.dll
0x00007ffbf15e0000 - 0x00007ffbf16e0000 	C:\WINDOWS\System32\ucrtbase.dll
0x00007ffbdce60000 - 0x00007ffbdd0fa000 	C:\WINDOWS\WinSxS\amd64_microsoft.windows.common-controls_6595b64144ccf1df_6.0.19041.1110_none_60b5254171f9507e\COMCTL32.dll
0x00007ffbf2960000 - 0x00007ffbf2990000 	C:\WINDOWS\System32\IMM32.DLL
0x0000000065670000 - 0x0000000065742000 	C:\jdk-8u241-windows-x64\jre\bin\msvcr100.dll
0x0000000065830000 - 0x00000000660dc000 	C:\jdk-8u241-windows-x64\jre\bin\server\jvm.dll
0x00007ffbf2500000 - 0x00007ffbf2508000 	C:\WINDOWS\System32\PSAPI.DLL
0x00007ffbe5590000 - 0x00007ffbe559a000 	C:\WINDOWS\SYSTEM32\VERSION.dll
0x00007ffbd88f0000 - 0x00007ffbd88f9000 	C:\WINDOWS\SYSTEM32\WSOCK32.dll
0x00007ffbde740000 - 0x00007ffbde767000 	C:\WINDOWS\SYSTEM32\WINMM.dll
0x00007ffbf3800000 - 0x00007ffbf386b000 	C:\WINDOWS\System32\WS2_32.dll
0x00007ffbdc0f0000 - 0x00007ffbdc0ff000 	C:\jdk-8u241-windows-x64\jre\bin\verify.dll
0x00007ffbd2b00000 - 0x00007ffbd2b29000 	C:\jdk-8u241-windows-x64\jre\bin\java.dll
0x00007ffbe75b0000 - 0x00007ffbe75d3000 	C:\jdk-8u241-windows-x64\jre\bin\instrument.dll
0x00007ffbd2ae0000 - 0x00007ffbd2af6000 	C:\jdk-8u241-windows-x64\jre\bin\zip.dll
0x00007ffbf2f30000 - 0x00007ffbf3674000 	C:\WINDOWS\System32\SHELL32.dll
0x00007ffbef030000 - 0x00007ffbef7c4000 	C:\WINDOWS\SYSTEM32\windows.storage.dll
0x00007ffbf25f0000 - 0x00007ffbf2944000 	C:\WINDOWS\System32\combase.dll
0x00007ffbf0990000 - 0x00007ffbf09bc000 	C:\WINDOWS\SYSTEM32\Wldp.dll
0x00007ffbf3750000 - 0x00007ffbf37fd000 	C:\WINDOWS\System32\SHCORE.dll
0x00007ffbf2990000 - 0x00007ffbf29e5000 	C:\WINDOWS\System32\shlwapi.dll
0x00007ffbf0fb0000 - 0x00007ffbf0fcf000 	C:\WINDOWS\SYSTEM32\profapi.dll
0x00007ffbe7de0000 - 0x00007ffbe7dfa000 	D:\IntelliJ IDEA 2020.3.3\bin\breakgen64.dll
0x00007ffbcc040000 - 0x00007ffbcc05a000 	C:\jdk-8u241-windows-x64\jre\bin\net.dll
0x00007ffbf0770000 - 0x00007ffbf07da000 	C:\WINDOWS\system32\mswsock.dll
0x00007ffbcd010000 - 0x00007ffbcd01d000 	C:\jdk-8u241-windows-x64\jre\bin\management.dll
0x00007ffbd5b00000 - 0x00007ffbd5b17000 	C:\WINDOWS\system32\napinsp.dll
0x00007ffbd5a60000 - 0x00007ffbd5a7b000 	C:\WINDOWS\system32\pnrpnsp.dll
0x00007ffbeafa0000 - 0x00007ffbeafb5000 	C:\WINDOWS\system32\wshbth.dll
0x00007ffbebb90000 - 0x00007ffbebbad000 	C:\WINDOWS\system32\NLAapi.dll
0x00007ffbf0420000 - 0x00007ffbf045b000 	C:\WINDOWS\SYSTEM32\IPHLPAPI.DLL
0x00007ffbf0460000 - 0x00007ffbf052b000 	C:\WINDOWS\SYSTEM32\DNSAPI.dll
0x00007ffbf2950000 - 0x00007ffbf2958000 	C:\WINDOWS\System32\NSI.dll
0x00007ffbd0990000 - 0x00007ffbd09a2000 	C:\WINDOWS\System32\winrnr.dll
0x00007ffbe43e0000 - 0x00007ffbe43ea000 	C:\Windows\System32\rasadhlp.dll
0x00007ffbe5340000 - 0x00007ffbe53bf000 	C:\WINDOWS\System32\fwpuclnt.dll
0x00007ffbf1380000 - 0x00007ffbf13a7000 	C:\WINDOWS\System32\bcrypt.dll
0x00007ffbcc020000 - 0x00007ffbcc032000 	C:\jdk-8u241-windows-x64\jre\bin\nio.dll
0x00007ffbf09d0000 - 0x00007ffbf09e8000 	C:\WINDOWS\SYSTEM32\CRYPTSP.dll
0x00007ffbf00b0000 - 0x00007ffbf00e4000 	C:\WINDOWS\system32\rsaenh.dll
0x00007ffbf0f70000 - 0x00007ffbf0f9e000 	C:\WINDOWS\SYSTEM32\USERENV.dll
0x00007ffbf12f0000 - 0x00007ffbf1372000 	C:\WINDOWS\System32\bcryptprimitives.dll
0x00007ffbf0900000 - 0x00007ffbf090c000 	C:\WINDOWS\SYSTEM32\CRYPTBASE.dll
0x00007ffbe6790000 - 0x00007ffbe67a7000 	C:\WINDOWS\SYSTEM32\dhcpcsvc6.DLL
0x00007ffbe6770000 - 0x00007ffbe678d000 	C:\WINDOWS\SYSTEM32\dhcpcsvc.DLL
0x00007ffbe7580000 - 0x00007ffbe75a4000 	C:\jdk-8u241-windows-x64\jre\bin\sunec.dll
0x00007ffbebbb0000 - 0x00007ffbebbbb000 	C:\jdk-8u241-windows-x64\jre\bin\sunmscapi.dll
0x00007ffbf13b0000 - 0x00007ffbf1506000 	C:\WINDOWS\System32\CRYPT32.dll

VM Arguments:
jvm_args: -ea -Didea.test.cyclic.buffer.size=1048576 -javaagent:D:\IntelliJ IDEA 2020.3.3\lib\idea_rt.jar=55958:D:\IntelliJ IDEA 2020.3.3\bin -Dfile.encoding=UTF-8 
java_command: com.intellij.rt.junit.JUnitStarter -ideVersion5 -junit5 top.kaluna.pipelineMonitor.txtConfig.CustomTxtTest,testInsertCurveData
java_class_path (initial): D:\IntelliJ IDEA 2020.3.3\lib\idea_rt.jar;C:\Users\86158\.m2\repository\org\junit\platform\junit-platform-launcher\1.8.1\junit-platform-launcher-1.8.1.jar;C:\Users\86158\.m2\repository\org\junit\platform\junit-platform-engine\1.8.1\junit-platform-engine-1.8.1.jar;C:\Users\86158\.m2\repository\org\opentest4j\opentest4j\1.2.0\opentest4j-1.2.0.jar;C:\Users\86158\.m2\repository\org\junit\platform\junit-platform-commons\1.8.1\junit-platform-commons-1.8.1.jar;C:\Users\86158\.m2\repository\org\apiguardian\apiguardian-api\1.1.2\apiguardian-api-1.1.2.jar;C:\Users\86158\.m2\repository\org\junit\vintage\junit-vintage-engine\5.8.1\junit-vintage-engine-5.8.1.jar;D:\IntelliJ IDEA 2020.3.3\plugins\junit\lib\junit5-rt.jar;D:\IntelliJ IDEA 2020.3.3\plugins\junit\lib\junit-rt.jar;C:\jdk-8u241-windows-x64\jre\lib\charsets.jar;C:\jdk-8u241-windows-x64\jre\lib\deploy.jar;C:\jdk-8u241-windows-x64\jre\lib\ext\access-bridge-64.jar;C:\jdk-8u241-windows-x64\jre\lib\ext\cldrdata.jar;C:\jdk-8u241-windows-x64\jre\lib\ext\dnsns.jar;C:\jdk-8u241-windows-x64\jre\lib\ext\jaccess.jar;C:\jdk-8u241-windows-x64\jre\lib\ext\jfxrt.jar;C:\jdk-8u241-windows-x64\jre\lib\ext\localedata.jar;C:\jdk-8u241-windows-x64\jre\lib\ext\nashorn.jar;C:\jdk-8u241-windows-x64\jre\lib\ext\sunec.jar;C:\jdk-8u241-windows-x64\jre\lib\ext\sunjce_provider.jar;C:\jdk-8u241-windows-x64\jre\lib\ext\sunmscapi.jar;C:\jdk-8u241-windows-x64\jre\lib\ext\sunpkcs11.jar;C:\jdk-8u241-windows-x64\jre\lib\ext\zipfs.jar;C:\jdk-8u241-windows-x64\jre\lib\javaws.jar;C:\jdk-8u241-windows-x64\jre\lib\jce.jar;C:\jdk-8u241-windows-x64\jre\lib\jfr.jar;C:\jdk-8u241-windows-x64\jre\lib\jfxswt.jar;C:\jdk-8u241-windows-x64\jre\lib\jsse.jar;C:\jdk-8u241-windows-x64\jre\lib\management-agent.jar;C:\jdk-8u241-windows-x64\jre\lib\plugin.jar;C:\jdk-8u241-windows-x64\jre\lib\resources.jar;C:\jdk-8u241-windows-x64\jre\lib\rt.jar;X:\ideaworkspace\pipelineMonitor\target\test-classes;X:\ideaworkspace\pipelineMonitor\target\classes;D:\pa
Launcher Type: SUN_STANDARD

Environment Variables:
JAVA_HOME=C:\jdk-8u241-windows-x64
PATH=F:\anaconda3;C:\ProgramData\Oracle\Java\javapath;C:\Program Files (x86)\Common Files\Oracle\Java\javapath\;C:\Program Files (x86)\Intel\Intel(R) Management Engine Components\iCLS\;C:\Program Files\Intel\Intel(R) Management Engine Components\iCLS\;C:\Program Files\erl7.1\bin;C:\Windows\system32;C:\Windows;C:\Windows\System32\Wbem;C:\Windows\System32\WindowsPowerShell\v1.0\;C:\Windows\System32\OpenSSH\;C:\Program Files (x86)\Intel\Intel(R) Management Engine Components\DAL;C:\jdk-8u241-windows-x64\jre\bin;C:\Program Files\Intel\Intel(R) Management Engine Components\DAL;C:\Program Files (x86)\Intel\Intel(R) Management Engine Components\IPT;C:\Program Files\Intel\Intel(R) Management Engine Components\IPT;C:\jdk-8u241-windows-x64\bin;C:\Program Files (x86)\NVIDIA Corporation\PhysX\Common;C:\WINDOWS\system32;C:\WINDOWS;C:\WINDOWS\System32\Wbem;C:\WINDOWS\System32\WindowsPowerShell\v1.0\;C:\WINDOWS\System32\OpenSSH\;D:\Program Files\Git\cmd;C:\Users\86158\.dnx\bin;C:\Program Files\Microsoft DNX\Dn;C:\WINDOWS\system32;C:\WINDOWS;C:\WINDOWS\System32\Wbem;C:\WINDOWS\System32\WindowsPowerShell\v1.0\;C:\WINDOWS\System32\OpenSSH\;D:\apache-maven-3.5.0\bin;F:\cygwin\bin;F:\anaconda3\pkgs\graphviz-2.38-hfd603c8_2\Library\bin;F:\Graphviz 2.44.1\bin;C:\Program Files\Pandoc\;G:\matlab\runtime\win64;G:\matlab\bin;G:\matlab\polyspace\bin;F:\anaconda3\Scripts;F:\anaconda3\Library\bin;D:\apache-maven-3.5.0\\bin;E:\MySQLServer5.7\Install\bin;F:\node-v14.16.0-x64\node_global;F:\node-v14.16.0-x64;F:\node-v12.22.1-win-x64\;F:\gradle-4.6-bin\gradle-4.6\bin;D:\Git\cmd;F:\cygwin\usr\x86_64-w64-mingw32\sys-root\mingw\bin;X:\matlabRuntime\v912\runtime\win64;;C:\Program Files\Docker\Docker\resources\bin;C:\ProgramData\DockerDesktop\version-bin;C:\Users\86158\AppData\Local\Microsoft\WindowsApps;D:\Program Files\Markdown Monster;C:\Users\86158\AppData\Local\Microsoft\WindowsApps;C:\Users\86158\.dotnet\tools;C:\Users\86158\AppData\Roaming\npm;F:\Microsoft VS Code\bin;X:\MiKTeX\miktex\bin\x64\
USERNAME=86158
OS=Windows_NT
PROCESSOR_IDENTIFIER=Intel64 Family 6 Model 142 Stepping 10, GenuineIntel



---------------  S Y S T E M  ---------------

OS: Windows 10.0 , 64 bit Build 19041 (10.0.19041.1645)

CPU:total 8 (initial active 8) (4 cores per cpu, 2 threads per core) family 6 model 142 stepping 10, cmov, cx8, fxsr, mmx, sse, sse2, sse3, ssse3, sse4.1, sse4.2, popcnt, avx, avx2, aes, clmul, erms, 3dnowpref, lzcnt, ht, tsc, tscinvbit, bmi1, bmi2, adx

Memory: 4k page, physical 8268520k(465600k free), swap 15903172k(5300k free)

vm_info: Java HotSpot(TM) 64-Bit Server VM (25.241-b07) for windows-amd64 JRE (1.8.0_241-b07), built on Dec 11 2019 10:21:40 by "rejava" with MS VC++ 10.0 (VS2010)

time: Sun May 29 23:21:13 2022
timezone: 中国标准时间
elapsed time: 15 seconds (0d 0h 0m 15s)

