#
# There is insufficient memory for the Java Runtime Environment to continue.
# Native memory allocation (malloc) failed to allocate 32744 bytes for ChunkPool::allocate
# Possible reasons:
#   The system is out of physical RAM or swap space
#   The process is running with CompressedOops enabled, and the Java Heap may be blocking the growth of the native heap
# Possible solutions:
#   Reduce memory load on the system
#   Increase physical memory or swap space
#   Check if swap backing store is full
#   Decrease Java heap size (-Xmx/-Xms)
#   Decrease number of Java threads
#   Decrease Java thread stack sizes (-Xss)
#   Set larger code cache with -XX:ReservedCodeCacheSize=
#   JVM is running with Unscaled Compressed Oops mode in which the Java heap is
#     placed in the first 4GB address space. The Java Heap base address is the
#     maximum limit for the native heap growth. Please use -XX:HeapBaseMinAddress
#     to set the Java Heap base and to place the Java Heap above 4GB virtual address.
# This output file may be truncated or incomplete.
#
#  Out of Memory Error (allocation.cpp:272), pid=18008, tid=0x0000000000000c84
#
# JRE version: Java(TM) SE Runtime Environment (8.0_241-b07) (build 1.8.0_241-b07)
# Java VM: Java HotSpot(TM) 64-Bit Server VM (25.241-b07 mixed mode windows-amd64 compressed oops)
# Failed to write core dump. Minidumps are not enabled by default on client versions of Windows
#

---------------  T H R E A D  ---------------

Current thread (0x000000001c2f6800):  JavaThread "background-preinit" [_thread_in_vm, id=3204, stack(0x000000001e1c0000,0x000000001e2c0000)]

Stack: [0x000000001e1c0000,0x000000001e2c0000]
[error occurred during error reporting (printing stack bounds), id 0xc0000005]

Native frames: (J=compiled Java code, j=interpreted, Vv=VM code, C=native code)

Java frames: (J=compiled Java code, j=interpreted, Vv=VM code)
v  ~RuntimeStub::counter_overflow Runtime1 stub
J 2006 C1 java.io.WinNTFileSystem.normalize(Ljava/lang/String;)Ljava/lang/String; (143 bytes) @ 0x00000000039c404d [0x00000000039c3980+0x6cd]
J 1078 C2 sun.misc.URLClassPath.getResource(Ljava/lang/String;Z)Lsun/misc/Resource; (83 bytes) @ 0x000000000375ed80 [0x000000000375e040+0xd40]
J 771 C1 java.net.URLClassLoader$1.run()Ljava/lang/Class; (63 bytes) @ 0x000000000363ebbc [0x000000000363e9a0+0x21c]
J 770 C1 java.net.URLClassLoader$1.run()Ljava/lang/Object; (5 bytes) @ 0x00000000036395cc [0x0000000003639540+0x8c]
v  ~StubRoutines::call_stub
J 398  java.security.AccessController.doPrivileged(Ljava/security/PrivilegedExceptionAction;Ljava/security/AccessControlContext;)Ljava/lang/Object; (0 bytes) @ 0x00000000035261e6 [0x0000000003526180+0x66]
J 1960 C2 java.lang.ClassLoader.loadClass(Ljava/lang/String;Z)Ljava/lang/Class; (122 bytes) @ 0x00000000039ba220 [0x00000000039b9660+0xbc0]
J 765 C1 sun.misc.Launcher$AppClassLoader.loadClass(Ljava/lang/String;Z)Ljava/lang/Class; (85 bytes) @ 0x000000000363b6ec [0x000000000363ad40+0x9ac]
J 751 C1 java.lang.ClassLoader.loadClass(Ljava/lang/String;)Ljava/lang/Class; (7 bytes) @ 0x000000000362c80c [0x000000000362c700+0x10c]
v  ~StubRoutines::call_stub
j  com.fasterxml.jackson.databind.cfg.MapperConfigBase.<init>(Lcom/fasterxml/jackson/databind/cfg/BaseSettings;Lcom/fasterxml/jackson/databind/jsontype/SubtypeResolver;Lcom/fasterxml/jackson/databind/introspect/SimpleMixInResolver;Lcom/fasterxml/jackson/databind/util/RootNameLookup;Lcom/fasterxml/jackson/databind/cfg/ConfigOverrides;)V+35
j  com.fasterxml.jackson.databind.SerializationConfig.<init>(Lcom/fasterxml/jackson/databind/cfg/BaseSettings;Lcom/fasterxml/jackson/databind/jsontype/SubtypeResolver;Lcom/fasterxml/jackson/databind/introspect/SimpleMixInResolver;Lcom/fasterxml/jackson/databind/util/RootNameLookup;Lcom/fasterxml/jackson/databind/cfg/ConfigOverrides;)V+8
j  com.fasterxml.jackson.databind.ObjectMapper.<init>(Lcom/fasterxml/jackson/core/JsonFactory;Lcom/fasterxml/jackson/databind/ser/DefaultSerializerProvider;Lcom/fasterxml/jackson/databind/deser/DefaultDeserializationContext;)V+156
j  com.fasterxml.jackson.databind.ObjectMapper.<init>()V+4
j  org.springframework.http.converter.json.Jackson2ObjectMapperBuilder.build()Lcom/fasterxml/jackson/databind/ObjectMapper;+83
j  org.springframework.http.converter.json.MappingJackson2HttpMessageConverter.<init>()V+4
j  org.springframework.http.converter.support.AllEncompassingFormHttpMessageConverter.<init>()V+59
j  org.springframework.boot.autoconfigure.BackgroundPreinitializer$MessageConverterInitializer.run()V+4
j  org.springframework.boot.autoconfigure.BackgroundPreinitializer$1.runSafely(Ljava/lang/Runnable;)V+1
j  org.springframework.boot.autoconfigure.BackgroundPreinitializer$1.run()V+33
j  java.lang.Thread.run()V+11
v  ~StubRoutines::call_stub

---------------  P R O C E S S  ---------------

Java Threads: ( => current thread )
=>0x000000001c2f6800 JavaThread "background-preinit" [_thread_in_vm, id=3204, stack(0x000000001e1c0000,0x000000001e2c0000)]
  0x000000001a1eb000 JavaThread "Service Thread" daemon [_thread_blocked, id=15412, stack(0x000000001ad70000,0x000000001ae70000)]
  0x000000001a146000 JavaThread "C1 CompilerThread3" daemon [_thread_blocked, id=20684, stack(0x000000001ac70000,0x000000001ad70000)]
  0x000000001a139800 JavaThread "C2 CompilerThread2" daemon [_thread_in_native, id=16184, stack(0x000000001ab70000,0x000000001ac70000)]
  0x000000001a134800 JavaThread "C2 CompilerThread1" daemon [_thread_in_native, id=23176, stack(0x000000001aa70000,0x000000001ab70000)]
  0x000000001a131000 JavaThread "C2 CompilerThread0" daemon [_thread_in_native, id=12180, stack(0x000000001a970000,0x000000001aa70000)]
  0x000000001a126000 JavaThread "Monitor Ctrl-Break" daemon [_thread_in_native, id=788, stack(0x000000001a870000,0x000000001a970000)]
  0x000000001a10c800 JavaThread "Attach Listener" daemon [_thread_blocked, id=21276, stack(0x000000001a770000,0x000000001a870000)]
  0x000000001a0b7800 JavaThread "Signal Dispatcher" daemon [_thread_blocked, id=10708, stack(0x000000001a670000,0x000000001a770000)]
  0x00000000182b9800 JavaThread "Finalizer" daemon [_thread_blocked, id=11644, stack(0x000000001a570000,0x000000001a670000)]
  0x000000001a090800 JavaThread "Reference Handler" daemon [_thread_blocked, id=12576, stack(0x000000001a470000,0x000000001a570000)]
  0x000000000303b800 JavaThread "main" [_thread_in_vm, id=12824, stack(0x0000000002e90000,0x0000000002f90000)]

Other Threads:
  0x00000000182ac000 VMThread [stack: 0x0000000019f70000,0x000000001a070000] [id=10176]
  0x000000001a24a800 WatcherThread [stack: 0x000000001ae70000,0x000000001af70000] [id=12548]

VM state:not at safepoint (normal execution)

VM Mutex/Monitor currently owned by a thread: None

OutOfMemory and StackOverflow Exception counts:
OutOfMemoryError java_heap_errors=1

heap address: 0x0000000081c00000, size: 2020 MB, Compressed Oops mode: 32-bit
Narrow klass base: 0x0000000000000000, Narrow klass shift: 3
Compressed class space size: 1073741824 Address: 0x0000000100000000

Heap:
 PSYoungGen      total 71680K, used 65332K [0x00000000d5f00000, 0x00000000dd980000, 0x0000000100000000)
  eden space 62976K, 96% used [0x00000000d5f00000,0x00000000d9a420c8,0x00000000d9c80000)
  from space 8704K, 53% used [0x00000000d9c80000,0x00000000da10b048,0x00000000da500000)
  to   space 8704K, 0% used [0x00000000dd100000,0x00000000dd100000,0x00000000dd980000)
 ParOldGen       total 55808K, used 7844K [0x0000000081c00000, 0x0000000085280000, 0x00000000d5f00000)
  object space 55808K, 14% used [0x0000000081c00000,0x00000000823a9328,0x0000000085280000)
 Metaspace       used 27160K, capacity 29176K, committed 29440K, reserved 1075200K
  class space    used 3672K, capacity 4068K, committed 4096K, reserved 1048576K

Card table byte_map: [0x00000000126f0000,0x0000000012af0000] byte_map_base: 0x00000000122e2000

Marking Bits: (ParMarkBitMap*) 0x0000000062acbe30
 Begin Bits: [0x00000000135a0000, 0x0000000015530000)
 End Bits:   [0x0000000015530000, 0x00000000174c0000)

Polling page: 0x0000000002b20000

CodeCache: size=245760Kb used=8555Kb max_used=8555Kb free=237204Kb
 bounds [0x0000000003330000, 0x0000000003b90000, 0x0000000012330000]
 total_blobs=2952 nmethods=2541 adapters=323
 compilation: enabled

Compilation events (10 events):
Event: 5.440 Thread 0x000000001a146000 2553       3       org.springframework.core.annotation.AttributeMethods::lambda$static$0 (30 bytes)
Event: 5.440 Thread 0x000000001a146000 nmethod 2553 0x0000000003b8b610 code [0x0000000003b8b780, 0x0000000003b8bb88]
Event: 5.440 Thread 0x000000001a146000 2555       3       org.springframework.core.type.classreading.SimpleAnnotationMetadataReadingVisitor$$Lambda$584/641664202::accept (14 bytes)
Event: 5.441 Thread 0x000000001a146000 nmethod 2555 0x0000000003b8bc90 code [0x0000000003b8be00, 0x0000000003b8c108]
Event: 5.441 Thread 0x000000001a146000 2554       1       org.springframework.core.annotation.AnnotationTypeMapping::getSource (5 bytes)
Event: 5.441 Thread 0x000000001a146000 nmethod 2554 0x0000000003b8c210 code [0x0000000003b8c360, 0x0000000003b8c470]
Event: 5.442 Thread 0x000000001a146000 2556       3       java.lang.Class::createAnnotationData (192 bytes)
Event: 5.445 Thread 0x000000001a146000 nmethod 2556 0x0000000003b8c4d0 code [0x0000000003b8c7e0, 0x0000000003b8dd38]
Event: 5.445 Thread 0x000000001a146000 2557   !   3       org.springframework.core.io.UrlResource::getInputStream (34 bytes)
Event: 5.446 Thread 0x000000001a146000 nmethod 2557 0x0000000003b8e690 code [0x0000000003b8e880, 0x0000000003b8f3f8]

GC Heap History (10 events):
Event: 3.439 GC heap before
{Heap before GC invocations=4 (full 0):
 PSYoungGen      total 38400K, used 38389K [0x00000000d5f00000, 0x00000000daa00000, 0x0000000100000000)
  eden space 33280K, 100% used [0x00000000d5f00000,0x00000000d7f80000,0x00000000d7f80000)
  from space 5120K, 99% used [0x00000000d7f80000,0x00000000d847d520,0x00000000d8480000)
  to   space 5120K, 0% used [0x00000000da500000,0x00000000da500000,0x00000000daa00000)
 ParOldGen       total 87552K, used 2182K [0x0000000081c00000, 0x0000000087180000, 0x00000000d5f00000)
  object space 87552K, 2% used [0x0000000081c00000,0x0000000081e21be8,0x0000000087180000)
 Metaspace       used 16389K, capacity 17984K, committed 18176K, reserved 1064960K
  class space    used 2185K, capacity 2486K, committed 2560K, reserved 1048576K
Event: 3.451 GC heap after
Heap after GC invocations=4 (full 0):
 PSYoungGen      total 71680K, used 5094K [0x00000000d5f00000, 0x00000000daa00000, 0x0000000100000000)
  eden space 66560K, 0% used [0x00000000d5f00000,0x00000000d5f00000,0x00000000da000000)
  from space 5120K, 99% used [0x00000000da500000,0x00000000da9f99b0,0x00000000daa00000)
  to   space 5120K, 0% used [0x00000000da000000,0x00000000da000000,0x00000000da500000)
 ParOldGen       total 87552K, used 3830K [0x0000000081c00000, 0x0000000087180000, 0x00000000d5f00000)
  object space 87552K, 4% used [0x0000000081c00000,0x0000000081fbdbc8,0x0000000087180000)
 Metaspace       used 16389K, capacity 17984K, committed 18176K, reserved 1064960K
  class space    used 2185K, capacity 2486K, committed 2560K, reserved 1048576K
}
Event: 4.045 GC heap before
{Heap before GC invocations=5 (full 0):
 PSYoungGen      total 71680K, used 30425K [0x00000000d5f00000, 0x00000000daa00000, 0x0000000100000000)
  eden space 66560K, 38% used [0x00000000d5f00000,0x00000000d77bcc78,0x00000000da000000)
  from space 5120K, 99% used [0x00000000da500000,0x00000000da9f99b0,0x00000000daa00000)
  to   space 5120K, 0% used [0x00000000da000000,0x00000000da000000,0x00000000da500000)
 ParOldGen       total 87552K, used 3830K [0x0000000081c00000, 0x0000000087180000, 0x00000000d5f00000)
  object space 87552K, 4% used [0x0000000081c00000,0x0000000081fbdbc8,0x0000000087180000)
 Metaspace       used 19595K, capacity 21276K, committed 21296K, reserved 1067008K
  class space    used 2619K, capacity 2944K, committed 2944K, reserved 1048576K
Event: 4.055 GC heap after
Heap after GC invocations=5 (full 0):
 PSYoungGen      total 71680K, used 5099K [0x00000000d5f00000, 0x00000000daa00000, 0x0000000100000000)
  eden space 66560K, 0% used [0x00000000d5f00000,0x00000000d5f00000,0x00000000da000000)
  from space 5120K, 99% used [0x00000000da000000,0x00000000da4fac08,0x00000000da500000)
  to   space 5120K, 0% used [0x00000000da500000,0x00000000da500000,0x00000000daa00000)
 ParOldGen       total 87552K, used 6519K [0x0000000081c00000, 0x0000000087180000, 0x00000000d5f00000)
  object space 87552K, 7% used [0x0000000081c00000,0x000000008225dc48,0x0000000087180000)
 Metaspace       used 19595K, capacity 21276K, committed 21296K, reserved 1067008K
  class space    used 2619K, capacity 2944K, committed 2944K, reserved 1048576K
}
Event: 4.055 GC heap before
{Heap before GC invocations=6 (full 1):
 PSYoungGen      total 71680K, used 5099K [0x00000000d5f00000, 0x00000000daa00000, 0x0000000100000000)
  eden space 66560K, 0% used [0x00000000d5f00000,0x00000000d5f00000,0x00000000da000000)
  from space 5120K, 99% used [0x00000000da000000,0x00000000da4fac08,0x00000000da500000)
  to   space 5120K, 0% used [0x00000000da500000,0x00000000da500000,0x00000000daa00000)
 ParOldGen       total 87552K, used 6519K [0x0000000081c00000, 0x0000000087180000, 0x00000000d5f00000)
  object space 87552K, 7% used [0x0000000081c00000,0x000000008225dc48,0x0000000087180000)
 Metaspace       used 19595K, capacity 21276K, committed 21296K, reserved 1067008K
  class space    used 2619K, capacity 2944K, committed 2944K, reserved 1048576K
Event: 4.095 GC heap after
Heap after GC invocations=6 (full 1):
 PSYoungGen      total 71680K, used 0K [0x00000000d5f00000, 0x00000000daa00000, 0x0000000100000000)
  eden space 66560K, 0% used [0x00000000d5f00000,0x00000000d5f00000,0x00000000da000000)
  from space 5120K, 0% used [0x00000000da000000,0x00000000da000000,0x00000000da500000)
  to   space 5120K, 0% used [0x00000000da500000,0x00000000da500000,0x00000000daa00000)
 ParOldGen       total 55808K, used 7828K [0x0000000081c00000, 0x0000000085280000, 0x00000000d5f00000)
  object space 55808K, 14% used [0x0000000081c00000,0x00000000823a5328,0x0000000085280000)
 Metaspace       used 19595K, capacity 21276K, committed 21296K, reserved 1067008K
  class space    used 2619K, capacity 2944K, committed 2944K, reserved 1048576K
}
Event: 4.451 GC heap before
{Heap before GC invocations=7 (full 1):
 PSYoungGen      total 71680K, used 66560K [0x00000000d5f00000, 0x00000000daa00000, 0x0000000100000000)
  eden space 66560K, 100% used [0x00000000d5f00000,0x00000000da000000,0x00000000da000000)
  from space 5120K, 0% used [0x00000000da000000,0x00000000da000000,0x00000000da500000)
  to   space 5120K, 0% used [0x00000000da500000,0x00000000da500000,0x00000000daa00000)
 ParOldGen       total 55808K, used 7828K [0x0000000081c00000, 0x0000000085280000, 0x00000000d5f00000)
  object space 55808K, 14% used [0x0000000081c00000,0x00000000823a5328,0x0000000085280000)
 Metaspace       used 22953K, capacity 24810K, committed 25088K, reserved 1071104K
  class space    used 3139K, capacity 3485K, committed 3584K, reserved 1048576K
Event: 4.455 GC heap after
Heap after GC invocations=7 (full 1):
 PSYoungGen      total 68096K, used 3603K [0x00000000d5f00000, 0x00000000dda80000, 0x0000000100000000)
  eden space 62976K, 0% used [0x00000000d5f00000,0x00000000d5f00000,0x00000000d9c80000)
  from space 5120K, 70% used [0x00000000da500000,0x00000000da884cd0,0x00000000daa00000)
  to   space 8704K, 0% used [0x00000000d9c80000,0x00000000d9c80000,0x00000000da500000)
 ParOldGen       total 55808K, used 7836K [0x0000000081c00000, 0x0000000085280000, 0x00000000d5f00000)
  object space 55808K, 14% used [0x0000000081c00000,0x00000000823a7328,0x0000000085280000)
 Metaspace       used 22953K, capacity 24810K, committed 25088K, reserved 1071104K
  class space    used 3139K, capacity 3485K, committed 3584K, reserved 1048576K
}
Event: 4.927 GC heap before
{Heap before GC invocations=8 (full 1):
 PSYoungGen      total 68096K, used 66579K [0x00000000d5f00000, 0x00000000dda80000, 0x0000000100000000)
  eden space 62976K, 100% used [0x00000000d5f00000,0x00000000d9c80000,0x00000000d9c80000)
  from space 5120K, 70% used [0x00000000da500000,0x00000000da884cd0,0x00000000daa00000)
  to   space 8704K, 0% used [0x00000000d9c80000,0x00000000d9c80000,0x00000000da500000)
 ParOldGen       total 55808K, used 7836K [0x0000000081c00000, 0x0000000085280000, 0x00000000d5f00000)
  object space 55808K, 14% used [0x0000000081c00000,0x00000000823a7328,0x0000000085280000)
 Metaspace       used 25004K, capacity 26916K, committed 27136K, reserved 1073152K
  class space    used 3469K, capacity 3838K, committed 3840K, reserved 1048576K
Event: 4.949 GC heap after
Heap after GC invocations=8 (full 1):
 PSYoungGen      total 71680K, used 4652K [0x00000000d5f00000, 0x00000000dd980000, 0x0000000100000000)
  eden space 62976K, 0% used [0x00000000d5f00000,0x00000000d5f00000,0x00000000d9c80000)
  from space 8704K, 53% used [0x00000000d9c80000,0x00000000da10b048,0x00000000da500000)
  to   space 8704K, 0% used [0x00000000dd100000,0x00000000dd100000,0x00000000dd980000)
 ParOldGen       total 55808K, used 7844K [0x0000000081c00000, 0x0000000085280000, 0x00000000d5f00000)
  object space 55808K, 14% used [0x0000000081c00000,0x00000000823a9328,0x0000000085280000)
 Metaspace       used 25004K, capacity 26916K, committed 27136K, reserved 1073152K
  class space    used 3469K, capacity 3838K, committed 3840K, reserved 1048576K
}

Deoptimization events (10 events):
Event: 4.160 Thread 0x000000001c2f6800 Uncommon trap: reason=predicate action=maybe_recompile pc=0x0000000003981b44 method=java.util.AbstractCollection.toArray([Ljava/lang/Object;)[Ljava/lang/Object; @ 49
Event: 4.182 Thread 0x000000000303b800 Uncommon trap: reason=array_check action=maybe_recompile pc=0x000000000397b180 method=java.util.AbstractCollection.toArray([Ljava/lang/Object;)[Ljava/lang/Object; @ 119
Event: 4.183 Thread 0x000000001c2f6800 Uncommon trap: reason=array_check action=maybe_recompile pc=0x000000000397b180 method=java.util.AbstractCollection.toArray([Ljava/lang/Object;)[Ljava/lang/Object; @ 119
Event: 4.188 Thread 0x000000000303b800 Uncommon trap: reason=array_check action=maybe_recompile pc=0x000000000397b180 method=java.util.AbstractCollection.toArray([Ljava/lang/Object;)[Ljava/lang/Object; @ 119
Event: 4.208 Thread 0x000000000303b800 Uncommon trap: reason=array_check action=maybe_recompile pc=0x000000000397b180 method=java.util.AbstractCollection.toArray([Ljava/lang/Object;)[Ljava/lang/Object; @ 119
Event: 4.387 Thread 0x000000000303b800 Uncommon trap: reason=unstable_if action=reinterpret pc=0x000000000398b25c method=java.io.WinNTFileSystem.normalize(Ljava/lang/String;)Ljava/lang/String; @ 128
Event: 4.625 Thread 0x000000000303b800 Uncommon trap: reason=unstable_if action=reinterpret pc=0x0000000003835e14 method=java.util.concurrent.ConcurrentHashMap.putVal(Ljava/lang/Object;Ljava/lang/Object;Z)Ljava/lang/Object; @ 113
Event: 4.954 Thread 0x000000000303b800 Uncommon trap: reason=unstable_if action=reinterpret pc=0x00000000039019cc method=java.util.WeakHashMap.expungeStaleEntries()V @ 66
Event: 5.318 Thread 0x000000000303b800 Uncommon trap: reason=unstable_if action=reinterpret pc=0x0000000003a5d300 method=org.springframework.asm.ClassReader.readUtf(II[C)Ljava/lang/String; @ 41
Event: 5.318 Thread 0x000000000303b800 Uncommon trap: reason=unstable_if action=reinterpret pc=0x0000000003a1cd04 method=org.springframework.asm.ClassReader.readUtf(II[C)Ljava/lang/String; @ 41

Classes redefined (0 events):
No events

Internal exceptions (10 events):
Event: 4.348 Thread 0x000000000303b800 Exception <a 'java/lang/ClassNotFoundException': org/springframework/beans/factory/AwareCustomizer> (0x00000000d8da09a8) thrown at [C:\ade\jenkins\workspace\8-2-build-windows-amd64-cygwin\jdk8u241\331\hotspot\src\share\vm\classfile\systemDictionary.cpp, l
Event: 4.351 Thread 0x000000000303b800 Exception <a 'java/lang/ClassNotFoundException': org/springframework/context/ApplicationStartupAwareCustomizer> (0x00000000d8de9ab0) thrown at [C:\ade\jenkins\workspace\8-2-build-windows-amd64-cygwin\jdk8u241\331\hotspot\src\share\vm\classfile\systemDicti
Event: 4.353 Thread 0x000000000303b800 Exception <a 'java/lang/ClassNotFoundException': org/springframework/beans/factory/AwareCustomizer> (0x00000000d8e29188) thrown at [C:\ade\jenkins\workspace\8-2-build-windows-amd64-cygwin\jdk8u241\331\hotspot\src\share\vm\classfile\systemDictionary.cpp, l
Event: 4.354 Thread 0x000000000303b800 Exception <a 'java/lang/ClassNotFoundException': org/springframework/beans/factory/BeanClassLoaderAwareCustomizer> (0x00000000d8e74b38) thrown at [C:\ade\jenkins\workspace\8-2-build-windows-amd64-cygwin\jdk8u241\331\hotspot\src\share\vm\classfile\systemDi
Event: 4.356 Thread 0x000000000303b800 Exception <a 'java/lang/ClassNotFoundException': org/springframework/beans/factory/AwareCustomizer> (0x00000000d8f5a540) thrown at [C:\ade\jenkins\workspace\8-2-build-windows-amd64-cygwin\jdk8u241\331\hotspot\src\share\vm\classfile\systemDictionary.cpp, l
Event: 4.357 Thread 0x000000000303b800 Exception <a 'java/lang/ClassNotFoundException': org/springframework/context/EnvironmentAwareCustomizer> (0x00000000d8f9c998) thrown at [C:\ade\jenkins\workspace\8-2-build-windows-amd64-cygwin\jdk8u241\331\hotspot\src\share\vm\classfile\systemDictionary.c
Event: 4.357 Thread 0x000000000303b800 Exception <a 'java/lang/ClassNotFoundException': org/springframework/beans/factory/AwareCustomizer> (0x00000000d8fdbae0) thrown at [C:\ade\jenkins\workspace\8-2-build-windows-amd64-cygwin\jdk8u241\331\hotspot\src\share\vm\classfile\systemDictionary.cpp, l
Event: 4.855 Thread 0x000000000303b800 Exception <a 'java/lang/NoSuchMethodError': java.lang.Object.lambda$getAllAnnotationAttributes$0(Lorg/springframework/util/MultiValueMap;)Lorg/springframework/util/MultiValueMap;> (0x00000000d9483bf8) thrown at [C:\ade\jenkins\workspace\8-2-build-windows-
Event: 4.855 Thread 0x000000000303b800 Exception <a 'java/lang/NoSuchMethodError': java.lang.Object.lambda$identity$2(Ljava/lang/Object;)Ljava/lang/Object;> (0x00000000d94878f0) thrown at [C:\ade\jenkins\workspace\8-2-build-windows-amd64-cygwin\jdk8u241\331\hotspot\src\share\vm\interpreter\lin
Event: 5.447 Thread 0x000000000303b800 Exception <a 'java/lang/OutOfMemoryError'> (0x00000000d98e38b8) thrown at [C:\ade\jenkins\workspace\8-2-build-windows-amd64-cygwin\jdk8u241\331\hotspot\src\share\vm\prims\jni.cpp, line 736]

Events (10 events):
Event: 5.446 loading class com/fasterxml/jackson/core/util/Separators
Event: 5.446 loading class com/fasterxml/jackson/core/util/Separators done
Event: 5.447 loading class com/fasterxml/jackson/databind/SerializationFeature
Event: 5.447 loading class com/fasterxml/jackson/databind/SerializationFeature done
Event: 5.447 loading class java/util/zip/DataFormatException
Event: 5.448 loading class java/util/zip/DataFormatException done
Event: 5.448 loading class org/springframework/core/NestedExceptionUtils
Event: 5.448 loading class org/springframework/core/NestedExceptionUtils done
Event: 5.448 loading class com/fasterxml/jackson/databind/cfg/ContextAttributes
Event: 5.448 loading class com/fasterxml/jackson/databind/cfg/ContextAttributes done


Dynamic libraries:
0x00007ff6d4d90000 - 0x00007ff6d4dc7000 	C:\jdk-8u241-windows-x64\bin\java.exe
0x00007ffe221b0000 - 0x00007ffe223a5000 	C:\WINDOWS\SYSTEM32\ntdll.dll
0x00007ffe21b20000 - 0x00007ffe21bde000 	C:\WINDOWS\System32\KERNEL32.DLL
0x00007ffe1f970000 - 0x00007ffe1fc38000 	C:\WINDOWS\System32\KERNELBASE.dll
0x00007ffe20fd0000 - 0x00007ffe2107e000 	C:\WINDOWS\System32\ADVAPI32.dll
0x00007ffe20870000 - 0x00007ffe2090e000 	C:\WINDOWS\System32\msvcrt.dll
0x00007ffe204e0000 - 0x00007ffe2057c000 	C:\WINDOWS\System32\sechost.dll
0x00007ffe21fd0000 - 0x00007ffe220f5000 	C:\WINDOWS\System32\RPCRT4.dll
0x00007ffe20340000 - 0x00007ffe204e0000 	C:\WINDOWS\System32\USER32.dll
0x00007ffe201e0000 - 0x00007ffe20202000 	C:\WINDOWS\System32\win32u.dll
0x00007ffe20610000 - 0x00007ffe2063a000 	C:\WINDOWS\System32\GDI32.dll
0x00007ffe1fc40000 - 0x00007ffe1fd4b000 	C:\WINDOWS\System32\gdi32full.dll
0x00007ffe1f8d0000 - 0x00007ffe1f96d000 	C:\WINDOWS\System32\msvcp_win.dll
0x00007ffe1fe30000 - 0x00007ffe1ff30000 	C:\WINDOWS\System32\ucrtbase.dll
0x00007ffe0e030000 - 0x00007ffe0e2ca000 	C:\WINDOWS\WinSxS\amd64_microsoft.windows.common-controls_6595b64144ccf1df_6.0.19041.1110_none_60b5254171f9507e\COMCTL32.dll
0x00007ffe20580000 - 0x00007ffe205b0000 	C:\WINDOWS\System32\IMM32.DLL
0x00000000618e0000 - 0x00000000619b2000 	C:\jdk-8u241-windows-x64\jre\bin\msvcr100.dll
0x00000000622a0000 - 0x0000000062b4c000 	C:\jdk-8u241-windows-x64\jre\bin\server\jvm.dll
0x00007ffe22100000 - 0x00007ffe22108000 	C:\WINDOWS\System32\PSAPI.DLL
0x00007ffe0b2b0000 - 0x00007ffe0b2b9000 	C:\WINDOWS\SYSTEM32\WSOCK32.dll
0x00007ffe21be0000 - 0x00007ffe21c4b000 	C:\WINDOWS\System32\WS2_32.dll
0x00007ffe0ee60000 - 0x00007ffe0ee87000 	C:\WINDOWS\SYSTEM32\WINMM.dll
0x00007ffe13080000 - 0x00007ffe1308a000 	C:\WINDOWS\SYSTEM32\VERSION.dll
0x00007ffe08550000 - 0x00007ffe0855f000 	C:\jdk-8u241-windows-x64\jre\bin\verify.dll
0x00007ffe055f0000 - 0x00007ffe05619000 	C:\jdk-8u241-windows-x64\jre\bin\java.dll
0x00007ffe15be0000 - 0x00007ffe15c03000 	C:\jdk-8u241-windows-x64\jre\bin\instrument.dll
0x00007ffe01ef0000 - 0x00007ffe01f06000 	C:\jdk-8u241-windows-x64\jre\bin\zip.dll
0x00007ffe21230000 - 0x00007ffe21974000 	C:\WINDOWS\System32\SHELL32.dll
0x00007ffe1d890000 - 0x00007ffe1e024000 	C:\WINDOWS\SYSTEM32\windows.storage.dll
0x00007ffe21c70000 - 0x00007ffe21fc4000 	C:\WINDOWS\System32\combase.dll
0x00007ffe1f1f0000 - 0x00007ffe1f21c000 	C:\WINDOWS\SYSTEM32\Wldp.dll
0x00007ffe20f10000 - 0x00007ffe20fbd000 	C:\WINDOWS\System32\SHCORE.dll
0x00007ffe205b0000 - 0x00007ffe20605000 	C:\WINDOWS\System32\shlwapi.dll
0x00007ffe1f810000 - 0x00007ffe1f82f000 	C:\WINDOWS\SYSTEM32\profapi.dll
0x00007ffe0d5a0000 - 0x00007ffe0d5ba000 	D:\IntelliJ IDEA 2020.3.3\bin\breakgen64.dll
0x00007ffe05480000 - 0x00007ffe0549a000 	C:\jdk-8u241-windows-x64\jre\bin\net.dll
0x00007ffe1ef70000 - 0x00007ffe1efda000 	C:\WINDOWS\system32\mswsock.dll
0x00007ffe06700000 - 0x00007ffe0670d000 	C:\jdk-8u241-windows-x64\jre\bin\management.dll
0x00007ffe084e0000 - 0x00007ffe084f7000 	C:\WINDOWS\system32\napinsp.dll
0x00007ffe084a0000 - 0x00007ffe084bb000 	C:\WINDOWS\system32\pnrpnsp.dll
0x00007ffe19970000 - 0x00007ffe19985000 	C:\WINDOWS\system32\wshbth.dll
0x00007ffe1a330000 - 0x00007ffe1a34d000 	C:\WINDOWS\system32\NLAapi.dll
0x00007ffe1ec80000 - 0x00007ffe1ecbb000 	C:\WINDOWS\SYSTEM32\IPHLPAPI.DLL
0x00007ffe1ecc0000 - 0x00007ffe1ed8b000 	C:\WINDOWS\SYSTEM32\DNSAPI.dll
0x00007ffe20fc0000 - 0x00007ffe20fc8000 	C:\WINDOWS\System32\NSI.dll
0x00007ffe06620000 - 0x00007ffe06632000 	C:\WINDOWS\System32\winrnr.dll
0x00007ffe10290000 - 0x00007ffe1029a000 	C:\Windows\System32\rasadhlp.dll
0x00007ffe102d0000 - 0x00007ffe1034f000 	C:\WINDOWS\System32\fwpuclnt.dll
0x00007ffe1ffe0000 - 0x00007ffe20007000 	C:\WINDOWS\System32\bcrypt.dll
0x00007ffe00c10000 - 0x00007ffe00c22000 	C:\jdk-8u241-windows-x64\jre\bin\nio.dll

VM Arguments:
jvm_args: -ea -Didea.test.cyclic.buffer.size=1048576 -javaagent:D:\IntelliJ IDEA 2020.3.3\lib\idea_rt.jar=65254:D:\IntelliJ IDEA 2020.3.3\bin -Dfile.encoding=UTF-8 
java_command: com.intellij.rt.junit.JUnitStarter -ideVersion5 -junit5 top.kaluna.pipelineMonitor.txtConfig.CustomTxtTest,testParseLocalFile
java_class_path (initial): D:\IntelliJ IDEA 2020.3.3\lib\idea_rt.jar;C:\Users\86158\.m2\repository\org\junit\platform\junit-platform-launcher\1.8.1\junit-platform-launcher-1.8.1.jar;C:\Users\86158\.m2\repository\org\junit\platform\junit-platform-engine\1.8.1\junit-platform-engine-1.8.1.jar;C:\Users\86158\.m2\repository\org\opentest4j\opentest4j\1.2.0\opentest4j-1.2.0.jar;C:\Users\86158\.m2\repository\org\junit\platform\junit-platform-commons\1.8.1\junit-platform-commons-1.8.1.jar;C:\Users\86158\.m2\repository\org\apiguardian\apiguardian-api\1.1.2\apiguardian-api-1.1.2.jar;C:\Users\86158\.m2\repository\org\junit\vintage\junit-vintage-engine\5.8.1\junit-vintage-engine-5.8.1.jar;D:\IntelliJ IDEA 2020.3.3\plugins\junit\lib\junit5-rt.jar;D:\IntelliJ IDEA 2020.3.3\plugins\junit\lib\junit-rt.jar;C:\jdk-8u241-windows-x64\jre\lib\charsets.jar;C:\jdk-8u241-windows-x64\jre\lib\deploy.jar;C:\jdk-8u241-windows-x64\jre\lib\ext\access-bridge-64.jar;C:\jdk-8u241-windows-x64\jre\lib\ext\cldrdata.jar;C:\jdk-8u241-windows-x64\jre\lib\ext\dnsns.jar;C:\jdk-8u241-windows-x64\jre\lib\ext\jaccess.jar;C:\jdk-8u241-windows-x64\jre\lib\ext\jfxrt.jar;C:\jdk-8u241-windows-x64\jre\lib\ext\localedata.jar;C:\jdk-8u241-windows-x64\jre\lib\ext\nashorn.jar;C:\jdk-8u241-windows-x64\jre\lib\ext\sunec.jar;C:\jdk-8u241-windows-x64\jre\lib\ext\sunjce_provider.jar;C:\jdk-8u241-windows-x64\jre\lib\ext\sunmscapi.jar;C:\jdk-8u241-windows-x64\jre\lib\ext\sunpkcs11.jar;C:\jdk-8u241-windows-x64\jre\lib\ext\zipfs.jar;C:\jdk-8u241-windows-x64\jre\lib\javaws.jar;C:\jdk-8u241-windows-x64\jre\lib\jce.jar;C:\jdk-8u241-windows-x64\jre\lib\jfr.jar;C:\jdk-8u241-windows-x64\jre\lib\jfxswt.jar;C:\jdk-8u241-windows-x64\jre\lib\jsse.jar;C:\jdk-8u241-windows-x64\jre\lib\management-agent.jar;C:\jdk-8u241-windows-x64\jre\lib\plugin.jar;C:\jdk-8u241-windows-x64\jre\lib\resources.jar;C:\jdk-8u241-windows-x64\jre\lib\rt.jar;X:\ideaworkspace\pipelineMonitor\target\test-classes;X:\ideaworkspace\pipelineMonitor\target\classes;D:\pa
Launcher Type: SUN_STANDARD

Environment Variables:
JAVA_HOME=C:\jdk-8u241-windows-x64
PATH=F:\anaconda3;C:\ProgramData\Oracle\Java\javapath;C:\Program Files (x86)\Common Files\Oracle\Java\javapath\;C:\Program Files (x86)\Intel\Intel(R) Management Engine Components\iCLS\;C:\Program Files\Intel\Intel(R) Management Engine Components\iCLS\;C:\Program Files\erl7.1\bin;C:\Windows\system32;C:\Windows;C:\Windows\System32\Wbem;C:\Windows\System32\WindowsPowerShell\v1.0\;C:\Windows\System32\OpenSSH\;C:\Program Files (x86)\Intel\Intel(R) Management Engine Components\DAL;C:\jdk-8u241-windows-x64\jre\bin;C:\Program Files\Intel\Intel(R) Management Engine Components\DAL;C:\Program Files (x86)\Intel\Intel(R) Management Engine Components\IPT;C:\Program Files\Intel\Intel(R) Management Engine Components\IPT;C:\jdk-8u241-windows-x64\bin;C:\Program Files (x86)\NVIDIA Corporation\PhysX\Common;C:\WINDOWS\system32;C:\WINDOWS;C:\WINDOWS\System32\Wbem;C:\WINDOWS\System32\WindowsPowerShell\v1.0\;C:\WINDOWS\System32\OpenSSH\;D:\Program Files\Git\cmd;C:\Users\86158\.dnx\bin;C:\Program Files\Microsoft DNX\Dn;C:\WINDOWS\system32;C:\WINDOWS;C:\WINDOWS\System32\Wbem;C:\WINDOWS\System32\WindowsPowerShell\v1.0\;C:\WINDOWS\System32\OpenSSH\;D:\apache-maven-3.5.0\bin;F:\cygwin\bin;F:\anaconda3\pkgs\graphviz-2.38-hfd603c8_2\Library\bin;F:\Graphviz 2.44.1\bin;C:\Program Files\Pandoc\;G:\matlab\runtime\win64;G:\matlab\bin;G:\matlab\polyspace\bin;F:\anaconda3\Scripts;F:\anaconda3\Library\bin;D:\apache-maven-3.5.0\\bin;E:\MySQLServer5.7\Install\bin;F:\node-v14.16.0-x64\node_global;F:\node-v14.16.0-x64;F:\node-v12.22.1-win-x64\;F:\gradle-4.6-bin\gradle-4.6\bin;D:\Git\cmd;F:\cygwin\usr\x86_64-w64-mingw32\sys-root\mingw\bin;X:\matlabRuntime\v912\runtime\win64;;C:\Program Files\Docker\Docker\resources\bin;C:\ProgramData\DockerDesktop\version-bin;C:\Users\86158\AppData\Local\Microsoft\WindowsApps;D:\Program Files\Markdown Monster;C:\Users\86158\AppData\Local\Microsoft\WindowsApps;C:\Users\86158\.dotnet\tools;C:\Users\86158\AppData\Roaming\npm;F:\Microsoft VS Code\bin;X:\MiKTeX\miktex\bin\x64\
USERNAME=86158
OS=Windows_NT
PROCESSOR_IDENTIFIER=Intel64 Family 6 Model 142 Stepping 10, GenuineIntel



---------------  S Y S T E M  ---------------

OS: Windows 10.0 , 64 bit Build 19041 (10.0.19041.1645)

CPU:total 8 (initial active 8) (4 cores per cpu, 2 threads per core) family 6 model 142 stepping 10, cmov, cx8, fxsr, mmx, sse, sse2, sse3, ssse3, sse4.1, sse4.2, popcnt, avx, avx2, aes, clmul, erms, 3dnowpref, lzcnt, ht, tsc, tscinvbit, bmi1, bmi2, adx

Memory: 4k page, physical 8268520k(733748k free), swap 16823324k(4108k free)

vm_info: Java HotSpot(TM) 64-Bit Server VM (25.241-b07) for windows-amd64 JRE (1.8.0_241-b07), built on Dec 11 2019 10:21:40 by "rejava" with MS VC++ 10.0 (VS2010)

time: Mon May 23 21:07:06 2022
timezone: 中国标准时间
elapsed time: 5 seconds (0d 0h 0m 5s)

