#
# There is insufficient memory for the Java Runtime Environment to continue.
# Native memory allocation (malloc) failed to allocate 1465760 bytes for Chunk::new
# Possible reasons:
#   The system is out of physical RAM or swap space
#   The process is running with CompressedOops enabled, and the Java Heap may be blocking the growth of the native heap
# Possible solutions:
#   Reduce memory load on the system
#   Increase physical memory or swap space
#   Check if swap backing store is full
#   Decrease Java heap size (-Xmx/-Xms)
#   Decrease number of Java threads
#   Decrease Java thread stack sizes (-Xss)
#   Set larger code cache with -XX:ReservedCodeCacheSize=
#   JVM is running with Unscaled Compressed Oops mode in which the Java heap is
#     placed in the first 4GB address space. The Java Heap base address is the
#     maximum limit for the native heap growth. Please use -XX:HeapBaseMinAddress
#     to set the Java Heap base and to place the Java Heap above 4GB virtual address.
# This output file may be truncated or incomplete.
#
#  Out of Memory Error (allocation.cpp:389), pid=12148, tid=0x0000000000000f1c
#
# JRE version: Java(TM) SE Runtime Environment (8.0_241-b07) (build 1.8.0_241-b07)
# Java VM: Java HotSpot(TM) 64-Bit Server VM (25.241-b07 mixed mode windows-amd64 compressed oops)
# Failed to write core dump. Minidumps are not enabled by default on client versions of Windows
#

---------------  T H R E A D  ---------------

Current thread (0x0000000019a65800):  JavaThread "C2 CompilerThread2" daemon [_thread_in_native, id=3868, stack(0x000000001a500000,0x000000001a600000)]

Stack: [0x000000001a500000,0x000000001a600000]
[error occurred during error reporting (printing stack bounds), id 0xc0000005]

Native frames: (J=compiled Java code, j=interpreted, Vv=VM code, C=native code)


Current CompileTask:
C2:   6242 2221       4       java.net.URLClassLoader$1::run (5 bytes)


---------------  P R O C E S S  ---------------

Java Threads: ( => current thread )
  0x000000001cd8d800 JavaThread "background-preinit" [_thread_in_native, id=2640, stack(0x000000001db50000,0x000000001dc50000)]
  0x0000000019b10000 JavaThread "Service Thread" daemon [_thread_blocked, id=19348, stack(0x000000001a700000,0x000000001a800000)]
  0x0000000019a70800 JavaThread "C1 CompilerThread3" daemon [_thread_blocked, id=3932, stack(0x000000001a600000,0x000000001a700000)]
=>0x0000000019a65800 JavaThread "C2 CompilerThread2" daemon [_thread_in_native, id=3868, stack(0x000000001a500000,0x000000001a600000)]
  0x0000000019a5e800 JavaThread "C2 CompilerThread1" daemon [_thread_blocked, id=20164, stack(0x000000001a400000,0x000000001a500000)]
  0x0000000019a5b000 JavaThread "C2 CompilerThread0" daemon [_thread_in_native, id=15884, stack(0x000000001a300000,0x000000001a400000)]
  0x0000000019a50800 JavaThread "Monitor Ctrl-Break" daemon [_thread_in_native, id=22892, stack(0x000000001a200000,0x000000001a300000)]
  0x00000000199e7800 JavaThread "Attach Listener" daemon [_thread_blocked, id=16160, stack(0x000000001a100000,0x000000001a200000)]
  0x0000000019a42800 JavaThread "Signal Dispatcher" daemon [_thread_blocked, id=18084, stack(0x000000001a000000,0x000000001a100000)]
  0x0000000017bc9800 JavaThread "Finalizer" daemon [_thread_blocked, id=15868, stack(0x0000000019ea0000,0x0000000019fa0000)]
  0x00000000199c0800 JavaThread "Reference Handler" daemon [_thread_blocked, id=16440, stack(0x0000000019da0000,0x0000000019ea0000)]
  0x0000000002a4b800 JavaThread "main" [_thread_in_native, id=10764, stack(0x0000000002870000,0x0000000002970000)]

Other Threads:
  0x0000000017bbc000 VMThread [stack: 0x00000000198a0000,0x00000000199a0000] [id=5692]
  0x0000000019b46800 WatcherThread [stack: 0x000000001a800000,0x000000001a900000] [id=22732]

VM state:not at safepoint (normal execution)

VM Mutex/Monitor currently owned by a thread: None

heap address: 0x0000000081c00000, size: 2020 MB, Compressed Oops mode: 32-bit
Narrow klass base: 0x0000000000000000, Narrow klass shift: 3
Compressed class space size: 1073741824 Address: 0x0000000100000000

Heap:
 PSYoungGen      total 68096K, used 61624K [0x00000000d5f00000, 0x00000000dc280000, 0x0000000100000000)
  eden space 58880K, 99% used [0x00000000d5f00000,0x00000000d983a178,0x00000000d9880000)
  from space 9216K, 32% used [0x00000000d9880000,0x00000000d9b74008,0x00000000da180000)
  to   space 9216K, 0% used [0x00000000db980000,0x00000000db980000,0x00000000dc280000)
 ParOldGen       total 57344K, used 7838K [0x0000000081c00000, 0x0000000085400000, 0x00000000d5f00000)
  object space 57344K, 13% used [0x0000000081c00000,0x00000000823a7910,0x0000000085400000)
 Metaspace       used 25474K, capacity 27396K, committed 27776K, reserved 1073152K
  class space    used 3527K, capacity 3870K, committed 3968K, reserved 1048576K

Card table byte_map: [0x0000000012000000,0x0000000012400000] byte_map_base: 0x0000000011bf2000

Marking Bits: (ParMarkBitMap*) 0x0000000062acbe30
 Begin Bits: [0x0000000012eb0000, 0x0000000014e40000)
 End Bits:   [0x0000000014e40000, 0x0000000016dd0000)

Polling page: 0x0000000002510000

CodeCache: size=245760Kb used=7213Kb max_used=7673Kb free=238546Kb
 bounds [0x0000000002c40000, 0x00000000033d0000, 0x0000000011c40000]
 total_blobs=2631 nmethods=2224 adapters=319
 compilation: enabled

Compilation events (10 events):
Event: 6.221 Thread 0x0000000019a70800 2433       3       org.springframework.core.annotation.TypeMappedAnnotation::of (35 bytes)
Event: 6.222 Thread 0x0000000019a70800 nmethod 2433 0x0000000002da9390 code [0x0000000002da95a0, 0x0000000002da9f18]
Event: 6.223 Thread 0x0000000019a70800 2434       1       sun.net.www.protocol.jar.JarURLConnection::access$000 (5 bytes)
Event: 6.223 Thread 0x0000000019a70800 nmethod 2434 0x0000000002ef5790 code [0x0000000002ef58e0, 0x0000000002ef59d0]
Event: 6.226 Thread 0x0000000019a70800 2435       3       org.springframework.core.annotation.AnnotationAttributes::fromMap (27 bytes)
Event: 6.227 Thread 0x0000000019a70800 nmethod 2435 0x0000000002eaf9d0 code [0x0000000002eafb80, 0x0000000002eb0288]
Event: 6.227 Thread 0x0000000019a70800 2436       3       org.springframework.context.annotation.AnnotationConfigUtils::attributesFor (12 bytes)
Event: 6.227 Thread 0x0000000019a70800 nmethod 2436 0x0000000002e3dad0 code [0x0000000002e3dca0, 0x0000000002e3e4b8]
Event: 6.228 Thread 0x0000000019a70800 2437       3       org.springframework.core.type.StandardClassMetadata::getClassName (8 bytes)
Event: 6.228 Thread 0x0000000019a70800 nmethod 2437 0x0000000003099f90 code [0x000000000309a100, 0x000000000309a3e8]

GC Heap History (10 events):
Event: 4.352 GC heap before
{Heap before GC invocations=4 (full 0):
 PSYoungGen      total 38400K, used 38374K [0x00000000d5f00000, 0x00000000d8980000, 0x0000000100000000)
  eden space 33280K, 100% used [0x00000000d5f00000,0x00000000d7f80000,0x00000000d7f80000)
  from space 5120K, 99% used [0x00000000d7f80000,0x00000000d8479970,0x00000000d8480000)
  to   space 5120K, 0% used [0x00000000d8480000,0x00000000d8480000,0x00000000d8980000)
 ParOldGen       total 87552K, used 2240K [0x0000000081c00000, 0x0000000087180000, 0x00000000d5f00000)
  object space 87552K, 2% used [0x0000000081c00000,0x0000000081e302d8,0x0000000087180000)
 Metaspace       used 16383K, capacity 17980K, committed 18176K, reserved 1064960K
  class space    used 2186K, capacity 2486K, committed 2560K, reserved 1048576K
Event: 4.369 GC heap after
Heap after GC invocations=4 (full 0):
 PSYoungGen      total 38400K, used 5110K [0x00000000d5f00000, 0x00000000daa00000, 0x0000000100000000)
  eden space 33280K, 0% used [0x00000000d5f00000,0x00000000d5f00000,0x00000000d7f80000)
  from space 5120K, 99% used [0x00000000d8480000,0x00000000d897d980,0x00000000d8980000)
  to   space 5120K, 0% used [0x00000000d7f80000,0x00000000d7f80000,0x00000000d8480000)
 ParOldGen       total 87552K, used 3862K [0x0000000081c00000, 0x0000000087180000, 0x00000000d5f00000)
  object space 87552K, 4% used [0x0000000081c00000,0x0000000081fc5a50,0x0000000087180000)
 Metaspace       used 16383K, capacity 17980K, committed 18176K, reserved 1064960K
  class space    used 2186K, capacity 2486K, committed 2560K, reserved 1048576K
}
Event: 4.924 GC heap before
{Heap before GC invocations=5 (full 0):
 PSYoungGen      total 38400K, used 30046K [0x00000000d5f00000, 0x00000000daa00000, 0x0000000100000000)
  eden space 33280K, 74% used [0x00000000d5f00000,0x00000000d775a1f0,0x00000000d7f80000)
  from space 5120K, 99% used [0x00000000d8480000,0x00000000d897d980,0x00000000d8980000)
  to   space 5120K, 0% used [0x00000000d7f80000,0x00000000d7f80000,0x00000000d8480000)
 ParOldGen       total 87552K, used 3862K [0x0000000081c00000, 0x0000000087180000, 0x00000000d5f00000)
  object space 87552K, 4% used [0x0000000081c00000,0x0000000081fc5a50,0x0000000087180000)
 Metaspace       used 19591K, capacity 21268K, committed 21296K, reserved 1067008K
  class space    used 2625K, capacity 2944K, committed 2944K, reserved 1048576K
Event: 4.973 GC heap after
Heap after GC invocations=5 (full 0):
 PSYoungGen      total 38400K, used 5103K [0x00000000d5f00000, 0x00000000db100000, 0x0000000100000000)
  eden space 33280K, 0% used [0x00000000d5f00000,0x00000000d5f00000,0x00000000d7f80000)
  from space 5120K, 99% used [0x00000000d7f80000,0x00000000d847be78,0x00000000d8480000)
  to   space 8704K, 0% used [0x00000000da880000,0x00000000da880000,0x00000000db100000)
 ParOldGen       total 87552K, used 6568K [0x0000000081c00000, 0x0000000087180000, 0x00000000d5f00000)
  object space 87552K, 7% used [0x0000000081c00000,0x000000008226a200,0x0000000087180000)
 Metaspace       used 19591K, capacity 21268K, committed 21296K, reserved 1067008K
  class space    used 2625K, capacity 2944K, committed 2944K, reserved 1048576K
}
Event: 4.973 GC heap before
{Heap before GC invocations=6 (full 1):
 PSYoungGen      total 38400K, used 5103K [0x00000000d5f00000, 0x00000000db100000, 0x0000000100000000)
  eden space 33280K, 0% used [0x00000000d5f00000,0x00000000d5f00000,0x00000000d7f80000)
  from space 5120K, 99% used [0x00000000d7f80000,0x00000000d847be78,0x00000000d8480000)
  to   space 8704K, 0% used [0x00000000da880000,0x00000000da880000,0x00000000db100000)
 ParOldGen       total 87552K, used 6568K [0x0000000081c00000, 0x0000000087180000, 0x00000000d5f00000)
  object space 87552K, 7% used [0x0000000081c00000,0x000000008226a200,0x0000000087180000)
 Metaspace       used 19591K, capacity 21268K, committed 21296K, reserved 1067008K
  class space    used 2625K, capacity 2944K, committed 2944K, reserved 1048576K
Event: 5.059 GC heap after
Heap after GC invocations=6 (full 1):
 PSYoungGen      total 38400K, used 0K [0x00000000d5f00000, 0x00000000db100000, 0x0000000100000000)
  eden space 33280K, 0% used [0x00000000d5f00000,0x00000000d5f00000,0x00000000d7f80000)
  from space 5120K, 0% used [0x00000000d7f80000,0x00000000d7f80000,0x00000000d8480000)
  to   space 8704K, 0% used [0x00000000da880000,0x00000000da880000,0x00000000db100000)
 ParOldGen       total 57344K, used 7822K [0x0000000081c00000, 0x0000000085400000, 0x00000000d5f00000)
  object space 57344K, 13% used [0x0000000081c00000,0x00000000823a3910,0x0000000085400000)
 Metaspace       used 19591K, capacity 21268K, committed 21296K, reserved 1067008K
  class space    used 2625K, capacity 2944K, committed 2944K, reserved 1048576K
}
Event: 5.367 GC heap before
{Heap before GC invocations=7 (full 1):
 PSYoungGen      total 38400K, used 33280K [0x00000000d5f00000, 0x00000000db100000, 0x0000000100000000)
  eden space 33280K, 100% used [0x00000000d5f00000,0x00000000d7f80000,0x00000000d7f80000)
  from space 5120K, 0% used [0x00000000d7f80000,0x00000000d7f80000,0x00000000d8480000)
  to   space 8704K, 0% used [0x00000000da880000,0x00000000da880000,0x00000000db100000)
 ParOldGen       total 57344K, used 7822K [0x0000000081c00000, 0x0000000085400000, 0x00000000d5f00000)
  object space 57344K, 13% used [0x0000000081c00000,0x00000000823a3910,0x0000000085400000)
 Metaspace       used 21265K, capacity 23098K, committed 23296K, reserved 1069056K
  class space    used 2914K, capacity 3241K, committed 3328K, reserved 1048576K
Event: 5.371 GC heap after
Heap after GC invocations=7 (full 1):
 PSYoungGen      total 54784K, used 1902K [0x00000000d5f00000, 0x00000000daa80000, 0x0000000100000000)
  eden space 52736K, 0% used [0x00000000d5f00000,0x00000000d5f00000,0x00000000d9280000)
  from space 2048K, 92% used [0x00000000da880000,0x00000000daa5b9d0,0x00000000daa80000)
  to   space 9216K, 0% used [0x00000000d9880000,0x00000000d9880000,0x00000000da180000)
 ParOldGen       total 57344K, used 7830K [0x0000000081c00000, 0x0000000085400000, 0x00000000d5f00000)
  object space 57344K, 13% used [0x0000000081c00000,0x00000000823a5910,0x0000000085400000)
 Metaspace       used 21265K, capacity 23098K, committed 23296K, reserved 1069056K
  class space    used 2914K, capacity 3241K, committed 3328K, reserved 1048576K
}
Event: 5.651 GC heap before
{Heap before GC invocations=8 (full 1):
 PSYoungGen      total 54784K, used 54638K [0x00000000d5f00000, 0x00000000daa80000, 0x0000000100000000)
  eden space 52736K, 100% used [0x00000000d5f00000,0x00000000d9280000,0x00000000d9280000)
  from space 2048K, 92% used [0x00000000da880000,0x00000000daa5b9d0,0x00000000daa80000)
  to   space 9216K, 0% used [0x00000000d9880000,0x00000000d9880000,0x00000000da180000)
 ParOldGen       total 57344K, used 7830K [0x0000000081c00000, 0x0000000085400000, 0x00000000d5f00000)
  object space 57344K, 13% used [0x0000000081c00000,0x00000000823a5910,0x0000000085400000)
 Metaspace       used 23501K, capacity 25388K, committed 25728K, reserved 1071104K
  class space    used 3254K, capacity 3588K, committed 3712K, reserved 1048576K
Event: 5.657 GC heap after
Heap after GC invocations=8 (full 1):
 PSYoungGen      total 68096K, used 3024K [0x00000000d5f00000, 0x00000000dc280000, 0x0000000100000000)
  eden space 58880K, 0% used [0x00000000d5f00000,0x00000000d5f00000,0x00000000d9880000)
  from space 9216K, 32% used [0x00000000d9880000,0x00000000d9b74008,0x00000000da180000)
  to   space 9216K, 0% used [0x00000000db980000,0x00000000db980000,0x00000000dc280000)
 ParOldGen       total 57344K, used 7838K [0x0000000081c00000, 0x0000000085400000, 0x00000000d5f00000)
  object space 57344K, 13% used [0x0000000081c00000,0x00000000823a7910,0x0000000085400000)
 Metaspace       used 23501K, capacity 25388K, committed 25728K, reserved 1071104K
  class space    used 3254K, capacity 3588K, committed 3712K, reserved 1048576K
}

Deoptimization events (10 events):
Event: 4.104 Thread 0x0000000002a4b800 Uncommon trap: reason=unstable_if action=reinterpret pc=0x0000000002fa8748 method=java.util.HashMap.putVal(ILjava/lang/Object;Ljava/lang/Object;ZZ)Ljava/lang/Object; @ 236
Event: 4.289 Thread 0x0000000002a4b800 Uncommon trap: reason=unstable_if action=reinterpret pc=0x0000000002f07280 method=java.io.WinNTFileSystem.normalize(Ljava/lang/String;II)Ljava/lang/String; @ 8
Event: 4.289 Thread 0x0000000002a4b800 Uncommon trap: reason=unstable_if action=reinterpret pc=0x0000000002e9bed4 method=java.io.WinNTFileSystem.normalize(Ljava/lang/String;II)Ljava/lang/String; @ 8
Event: 4.829 Thread 0x0000000002a4b800 Uncommon trap: reason=unstable_if action=reinterpret pc=0x0000000003158000 method=java.net.URL.<init>(Ljava/net/URL;Ljava/lang/String;Ljava/net/URLStreamHandler;)V @ 347
Event: 5.239 Thread 0x000000001cd8d800 Uncommon trap: reason=predicate action=maybe_recompile pc=0x0000000003286e04 method=java.util.AbstractCollection.toArray([Ljava/lang/Object;)[Ljava/lang/Object; @ 49
Event: 5.443 Thread 0x0000000002a4b800 Uncommon trap: reason=array_check action=maybe_recompile pc=0x00000000032b5480 method=java.util.AbstractCollection.toArray([Ljava/lang/Object;)[Ljava/lang/Object; @ 119
Event: 5.444 Thread 0x0000000002a4b800 Uncommon trap: reason=array_check action=maybe_recompile pc=0x00000000032b5480 method=java.util.AbstractCollection.toArray([Ljava/lang/Object;)[Ljava/lang/Object; @ 119
Event: 5.446 Thread 0x0000000002a4b800 Uncommon trap: reason=array_check action=maybe_recompile pc=0x00000000032b5480 method=java.util.AbstractCollection.toArray([Ljava/lang/Object;)[Ljava/lang/Object; @ 119
Event: 5.447 Thread 0x0000000002a4b800 Uncommon trap: reason=array_check action=maybe_recompile pc=0x00000000032b5480 method=java.util.AbstractCollection.toArray([Ljava/lang/Object;)[Ljava/lang/Object; @ 119
Event: 5.513 Thread 0x0000000002a4b800 Uncommon trap: reason=unstable_if action=reinterpret pc=0x00000000032952b0 method=java.io.WinNTFileSystem.normalize(Ljava/lang/String;)Ljava/lang/String; @ 128

Classes redefined (0 events):
No events

Internal exceptions (10 events):
Event: 5.457 Thread 0x0000000002a4b800 Exception <a 'java/lang/ClassNotFoundException': org/springframework/context/ResourceLoaderAwareCustomizer> (0x00000000d6a88570) thrown at [C:\ade\jenkins\workspace\8-2-build-windows-amd64-cygwin\jdk8u241\331\hotspot\src\share\vm\classfile\systemDictionar
Event: 5.459 Thread 0x0000000002a4b800 Exception <a 'java/lang/ClassNotFoundException': org/springframework/beans/factory/AwareCustomizer> (0x00000000d6b3c0e0) thrown at [C:\ade\jenkins\workspace\8-2-build-windows-amd64-cygwin\jdk8u241\331\hotspot\src\share\vm\classfile\systemDictionary.cpp, l
Event: 5.460 Thread 0x0000000002a4b800 Exception <a 'java/lang/ClassNotFoundException': org/springframework/context/ApplicationStartupAwareCustomizer> (0x00000000d6b851e8) thrown at [C:\ade\jenkins\workspace\8-2-build-windows-amd64-cygwin\jdk8u241\331\hotspot\src\share\vm\classfile\systemDicti
Event: 5.462 Thread 0x0000000002a4b800 Exception <a 'java/lang/ClassNotFoundException': org/springframework/beans/factory/AwareCustomizer> (0x00000000d6bc48c0) thrown at [C:\ade\jenkins\workspace\8-2-build-windows-amd64-cygwin\jdk8u241\331\hotspot\src\share\vm\classfile\systemDictionary.cpp, l
Event: 5.462 Thread 0x0000000002a4b800 Exception <a 'java/lang/ClassNotFoundException': org/springframework/beans/factory/BeanClassLoaderAwareCustomizer> (0x00000000d6c82cb0) thrown at [C:\ade\jenkins\workspace\8-2-build-windows-amd64-cygwin\jdk8u241\331\hotspot\src\share\vm\classfile\systemDi
Event: 5.463 Thread 0x0000000002a4b800 Exception <a 'java/lang/ClassNotFoundException': org/springframework/beans/factory/AwareCustomizer> (0x00000000d6cc1f18) thrown at [C:\ade\jenkins\workspace\8-2-build-windows-amd64-cygwin\jdk8u241\331\hotspot\src\share\vm\classfile\systemDictionary.cpp, l
Event: 5.464 Thread 0x0000000002a4b800 Exception <a 'java/lang/ClassNotFoundException': org/springframework/context/EnvironmentAwareCustomizer> (0x00000000d6d04370) thrown at [C:\ade\jenkins\workspace\8-2-build-windows-amd64-cygwin\jdk8u241\331\hotspot\src\share\vm\classfile\systemDictionary.c
Event: 5.466 Thread 0x0000000002a4b800 Exception <a 'java/lang/ClassNotFoundException': org/springframework/beans/factory/AwareCustomizer> (0x00000000d6d43530) thrown at [C:\ade\jenkins\workspace\8-2-build-windows-amd64-cygwin\jdk8u241\331\hotspot\src\share\vm\classfile\systemDictionary.cpp, l
Event: 5.909 Thread 0x0000000002a4b800 Exception <a 'java/lang/NoSuchMethodError': java.lang.Object.lambda$getAllAnnotationAttributes$0(Lorg/springframework/util/MultiValueMap;)Lorg/springframework/util/MultiValueMap;> (0x00000000d8013690) thrown at [C:\ade\jenkins\workspace\8-2-build-windows-
Event: 5.909 Thread 0x0000000002a4b800 Exception <a 'java/lang/NoSuchMethodError': java.lang.Object.lambda$identity$2(Ljava/lang/Object;)Ljava/lang/Object;> (0x00000000d8017388) thrown at [C:\ade\jenkins\workspace\8-2-build-windows-amd64-cygwin\jdk8u241\331\hotspot\src\share\vm\interpreter\lin

Events (10 events):
Event: 6.217 loading class com/fasterxml/jackson/databind/SerializerProvider
Event: 6.217 loading class com/fasterxml/jackson/databind/SerializerProvider done
Event: 6.219 loading class com/fasterxml/jackson/databind/DatabindContext
Event: 6.219 loading class com/fasterxml/jackson/databind/DatabindContext done
Event: 6.223 loading class com/fasterxml/jackson/databind/ser/DefaultSerializerProvider$Impl
Event: 6.223 loading class com/fasterxml/jackson/databind/ser/DefaultSerializerProvider$Impl done
Event: 6.225 loading class com/fasterxml/jackson/databind/deser/DeserializerFactory
Event: 6.226 loading class com/fasterxml/jackson/databind/deser/DeserializerFactory done
Event: 6.228 loading class com/fasterxml/jackson/databind/deser/BeanDeserializerFactory
Event: 6.228 loading class com/fasterxml/jackson/databind/deser/BeanDeserializerFactory done


Dynamic libraries:
0x00007ff6d4d90000 - 0x00007ff6d4dc7000 	C:\jdk-8u241-windows-x64\bin\java.exe
0x00007ffe221b0000 - 0x00007ffe223a5000 	C:\WINDOWS\SYSTEM32\ntdll.dll
0x00007ffe21b20000 - 0x00007ffe21bde000 	C:\WINDOWS\System32\KERNEL32.DLL
0x00007ffe1f970000 - 0x00007ffe1fc38000 	C:\WINDOWS\System32\KERNELBASE.dll
0x00007ffe20fd0000 - 0x00007ffe2107e000 	C:\WINDOWS\System32\ADVAPI32.dll
0x00007ffe20870000 - 0x00007ffe2090e000 	C:\WINDOWS\System32\msvcrt.dll
0x00007ffe204e0000 - 0x00007ffe2057c000 	C:\WINDOWS\System32\sechost.dll
0x00007ffe21fd0000 - 0x00007ffe220f5000 	C:\WINDOWS\System32\RPCRT4.dll
0x00007ffe20340000 - 0x00007ffe204e0000 	C:\WINDOWS\System32\USER32.dll
0x00007ffe201e0000 - 0x00007ffe20202000 	C:\WINDOWS\System32\win32u.dll
0x00007ffe20610000 - 0x00007ffe2063a000 	C:\WINDOWS\System32\GDI32.dll
0x00007ffe1fc40000 - 0x00007ffe1fd4b000 	C:\WINDOWS\System32\gdi32full.dll
0x00007ffe1f8d0000 - 0x00007ffe1f96d000 	C:\WINDOWS\System32\msvcp_win.dll
0x00007ffe1fe30000 - 0x00007ffe1ff30000 	C:\WINDOWS\System32\ucrtbase.dll
0x00007ffe0e030000 - 0x00007ffe0e2ca000 	C:\WINDOWS\WinSxS\amd64_microsoft.windows.common-controls_6595b64144ccf1df_6.0.19041.1110_none_60b5254171f9507e\COMCTL32.dll
0x00007ffe20580000 - 0x00007ffe205b0000 	C:\WINDOWS\System32\IMM32.DLL
0x00000000618e0000 - 0x00000000619b2000 	C:\jdk-8u241-windows-x64\jre\bin\msvcr100.dll
0x00000000622a0000 - 0x0000000062b4c000 	C:\jdk-8u241-windows-x64\jre\bin\server\jvm.dll
0x00007ffe22100000 - 0x00007ffe22108000 	C:\WINDOWS\System32\PSAPI.DLL
0x00007ffe0b2b0000 - 0x00007ffe0b2b9000 	C:\WINDOWS\SYSTEM32\WSOCK32.dll
0x00007ffe13080000 - 0x00007ffe1308a000 	C:\WINDOWS\SYSTEM32\VERSION.dll
0x00007ffe0ee60000 - 0x00007ffe0ee87000 	C:\WINDOWS\SYSTEM32\WINMM.dll
0x00007ffe21be0000 - 0x00007ffe21c4b000 	C:\WINDOWS\System32\WS2_32.dll
0x00007ffe08550000 - 0x00007ffe0855f000 	C:\jdk-8u241-windows-x64\jre\bin\verify.dll
0x00007ffe055f0000 - 0x00007ffe05619000 	C:\jdk-8u241-windows-x64\jre\bin\java.dll
0x00007ffe15be0000 - 0x00007ffe15c03000 	C:\jdk-8u241-windows-x64\jre\bin\instrument.dll
0x00007ffe01ef0000 - 0x00007ffe01f06000 	C:\jdk-8u241-windows-x64\jre\bin\zip.dll
0x00007ffe21230000 - 0x00007ffe21974000 	C:\WINDOWS\System32\SHELL32.dll
0x00007ffe1d890000 - 0x00007ffe1e024000 	C:\WINDOWS\SYSTEM32\windows.storage.dll
0x00007ffe21c70000 - 0x00007ffe21fc4000 	C:\WINDOWS\System32\combase.dll
0x00007ffe1f1f0000 - 0x00007ffe1f21c000 	C:\WINDOWS\SYSTEM32\Wldp.dll
0x00007ffe20f10000 - 0x00007ffe20fbd000 	C:\WINDOWS\System32\SHCORE.dll
0x00007ffe205b0000 - 0x00007ffe20605000 	C:\WINDOWS\System32\shlwapi.dll
0x00007ffe1f810000 - 0x00007ffe1f82f000 	C:\WINDOWS\SYSTEM32\profapi.dll
0x00007ffe0d5a0000 - 0x00007ffe0d5ba000 	D:\IntelliJ IDEA 2020.3.3\bin\breakgen64.dll
0x00007ffe05480000 - 0x00007ffe0549a000 	C:\jdk-8u241-windows-x64\jre\bin\net.dll
0x00007ffe1ef70000 - 0x00007ffe1efda000 	C:\WINDOWS\system32\mswsock.dll
0x00007ffe06700000 - 0x00007ffe0670d000 	C:\jdk-8u241-windows-x64\jre\bin\management.dll
0x00007ffe084e0000 - 0x00007ffe084f7000 	C:\WINDOWS\system32\napinsp.dll
0x00007ffe084a0000 - 0x00007ffe084bb000 	C:\WINDOWS\system32\pnrpnsp.dll
0x00007ffe19970000 - 0x00007ffe19985000 	C:\WINDOWS\system32\wshbth.dll
0x00007ffe1a330000 - 0x00007ffe1a34d000 	C:\WINDOWS\system32\NLAapi.dll
0x00007ffe1ec80000 - 0x00007ffe1ecbb000 	C:\WINDOWS\SYSTEM32\IPHLPAPI.DLL
0x00007ffe1ecc0000 - 0x00007ffe1ed8b000 	C:\WINDOWS\SYSTEM32\DNSAPI.dll
0x00007ffe20fc0000 - 0x00007ffe20fc8000 	C:\WINDOWS\System32\NSI.dll
0x00007ffe06620000 - 0x00007ffe06632000 	C:\WINDOWS\System32\winrnr.dll
0x00007ffe10290000 - 0x00007ffe1029a000 	C:\Windows\System32\rasadhlp.dll
0x00007ffe102d0000 - 0x00007ffe1034f000 	C:\WINDOWS\System32\fwpuclnt.dll
0x00007ffe1ffe0000 - 0x00007ffe20007000 	C:\WINDOWS\System32\bcrypt.dll
0x00007ffe00c10000 - 0x00007ffe00c22000 	C:\jdk-8u241-windows-x64\jre\bin\nio.dll

VM Arguments:
jvm_args: -ea -Didea.test.cyclic.buffer.size=1048576 -javaagent:D:\IntelliJ IDEA 2020.3.3\lib\idea_rt.jar=65224:D:\IntelliJ IDEA 2020.3.3\bin -Dfile.encoding=UTF-8 
java_command: com.intellij.rt.junit.JUnitStarter -ideVersion5 -junit5 top.kaluna.pipelineMonitor.txtConfig.CustomTxtTest,testParseLocalFile
java_class_path (initial): D:\IntelliJ IDEA 2020.3.3\lib\idea_rt.jar;C:\Users\86158\.m2\repository\org\junit\platform\junit-platform-launcher\1.8.1\junit-platform-launcher-1.8.1.jar;C:\Users\86158\.m2\repository\org\junit\platform\junit-platform-engine\1.8.1\junit-platform-engine-1.8.1.jar;C:\Users\86158\.m2\repository\org\opentest4j\opentest4j\1.2.0\opentest4j-1.2.0.jar;C:\Users\86158\.m2\repository\org\junit\platform\junit-platform-commons\1.8.1\junit-platform-commons-1.8.1.jar;C:\Users\86158\.m2\repository\org\apiguardian\apiguardian-api\1.1.2\apiguardian-api-1.1.2.jar;C:\Users\86158\.m2\repository\org\junit\vintage\junit-vintage-engine\5.8.1\junit-vintage-engine-5.8.1.jar;D:\IntelliJ IDEA 2020.3.3\plugins\junit\lib\junit5-rt.jar;D:\IntelliJ IDEA 2020.3.3\plugins\junit\lib\junit-rt.jar;C:\jdk-8u241-windows-x64\jre\lib\charsets.jar;C:\jdk-8u241-windows-x64\jre\lib\deploy.jar;C:\jdk-8u241-windows-x64\jre\lib\ext\access-bridge-64.jar;C:\jdk-8u241-windows-x64\jre\lib\ext\cldrdata.jar;C:\jdk-8u241-windows-x64\jre\lib\ext\dnsns.jar;C:\jdk-8u241-windows-x64\jre\lib\ext\jaccess.jar;C:\jdk-8u241-windows-x64\jre\lib\ext\jfxrt.jar;C:\jdk-8u241-windows-x64\jre\lib\ext\localedata.jar;C:\jdk-8u241-windows-x64\jre\lib\ext\nashorn.jar;C:\jdk-8u241-windows-x64\jre\lib\ext\sunec.jar;C:\jdk-8u241-windows-x64\jre\lib\ext\sunjce_provider.jar;C:\jdk-8u241-windows-x64\jre\lib\ext\sunmscapi.jar;C:\jdk-8u241-windows-x64\jre\lib\ext\sunpkcs11.jar;C:\jdk-8u241-windows-x64\jre\lib\ext\zipfs.jar;C:\jdk-8u241-windows-x64\jre\lib\javaws.jar;C:\jdk-8u241-windows-x64\jre\lib\jce.jar;C:\jdk-8u241-windows-x64\jre\lib\jfr.jar;C:\jdk-8u241-windows-x64\jre\lib\jfxswt.jar;C:\jdk-8u241-windows-x64\jre\lib\jsse.jar;C:\jdk-8u241-windows-x64\jre\lib\management-agent.jar;C:\jdk-8u241-windows-x64\jre\lib\plugin.jar;C:\jdk-8u241-windows-x64\jre\lib\resources.jar;C:\jdk-8u241-windows-x64\jre\lib\rt.jar;X:\ideaworkspace\pipelineMonitor\target\test-classes;X:\ideaworkspace\pipelineMonitor\target\classes;D:\pa
Launcher Type: SUN_STANDARD

Environment Variables:
JAVA_HOME=C:\jdk-8u241-windows-x64
PATH=F:\anaconda3;C:\ProgramData\Oracle\Java\javapath;C:\Program Files (x86)\Common Files\Oracle\Java\javapath\;C:\Program Files (x86)\Intel\Intel(R) Management Engine Components\iCLS\;C:\Program Files\Intel\Intel(R) Management Engine Components\iCLS\;C:\Program Files\erl7.1\bin;C:\Windows\system32;C:\Windows;C:\Windows\System32\Wbem;C:\Windows\System32\WindowsPowerShell\v1.0\;C:\Windows\System32\OpenSSH\;C:\Program Files (x86)\Intel\Intel(R) Management Engine Components\DAL;C:\jdk-8u241-windows-x64\jre\bin;C:\Program Files\Intel\Intel(R) Management Engine Components\DAL;C:\Program Files (x86)\Intel\Intel(R) Management Engine Components\IPT;C:\Program Files\Intel\Intel(R) Management Engine Components\IPT;C:\jdk-8u241-windows-x64\bin;C:\Program Files (x86)\NVIDIA Corporation\PhysX\Common;C:\WINDOWS\system32;C:\WINDOWS;C:\WINDOWS\System32\Wbem;C:\WINDOWS\System32\WindowsPowerShell\v1.0\;C:\WINDOWS\System32\OpenSSH\;D:\Program Files\Git\cmd;C:\Users\86158\.dnx\bin;C:\Program Files\Microsoft DNX\Dn;C:\WINDOWS\system32;C:\WINDOWS;C:\WINDOWS\System32\Wbem;C:\WINDOWS\System32\WindowsPowerShell\v1.0\;C:\WINDOWS\System32\OpenSSH\;D:\apache-maven-3.5.0\bin;F:\cygwin\bin;F:\anaconda3\pkgs\graphviz-2.38-hfd603c8_2\Library\bin;F:\Graphviz 2.44.1\bin;C:\Program Files\Pandoc\;G:\matlab\runtime\win64;G:\matlab\bin;G:\matlab\polyspace\bin;F:\anaconda3\Scripts;F:\anaconda3\Library\bin;D:\apache-maven-3.5.0\\bin;E:\MySQLServer5.7\Install\bin;F:\node-v14.16.0-x64\node_global;F:\node-v14.16.0-x64;F:\node-v12.22.1-win-x64\;F:\gradle-4.6-bin\gradle-4.6\bin;D:\Git\cmd;F:\cygwin\usr\x86_64-w64-mingw32\sys-root\mingw\bin;X:\matlabRuntime\v912\runtime\win64;;C:\Program Files\Docker\Docker\resources\bin;C:\ProgramData\DockerDesktop\version-bin;C:\Users\86158\AppData\Local\Microsoft\WindowsApps;D:\Program Files\Markdown Monster;C:\Users\86158\AppData\Local\Microsoft\WindowsApps;C:\Users\86158\.dotnet\tools;C:\Users\86158\AppData\Roaming\npm;F:\Microsoft VS Code\bin;X:\MiKTeX\miktex\bin\x64\
USERNAME=86158
OS=Windows_NT
PROCESSOR_IDENTIFIER=Intel64 Family 6 Model 142 Stepping 10, GenuineIntel



---------------  S Y S T E M  ---------------

OS: Windows 10.0 , 64 bit Build 19041 (10.0.19041.1645)

CPU:total 8 (initial active 8) (4 cores per cpu, 2 threads per core) family 6 model 142 stepping 10, cmov, cx8, fxsr, mmx, sse, sse2, sse3, ssse3, sse4.1, sse4.2, popcnt, avx, avx2, aes, clmul, erms, 3dnowpref, lzcnt, ht, tsc, tscinvbit, bmi1, bmi2, adx

Memory: 4k page, physical 8268520k(669796k free), swap 16823324k(5696k free)

vm_info: Java HotSpot(TM) 64-Bit Server VM (25.241-b07) for windows-amd64 JRE (1.8.0_241-b07), built on Dec 11 2019 10:21:40 by "rejava" with MS VC++ 10.0 (VS2010)

time: Mon May 23 21:05:44 2022
timezone: 中国标准时间
elapsed time: 6 seconds (0d 0h 0m 6s)

