#
# There is insufficient memory for the Java Runtime Environment to continue.
# Native memory allocation (malloc) failed to allocate 1559504 bytes for Chunk::new
# Possible reasons:
#   The system is out of physical RAM or swap space
#   The process is running with CompressedOops enabled, and the Java Heap may be blocking the growth of the native heap
# Possible solutions:
#   Reduce memory load on the system
#   Increase physical memory or swap space
#   Check if swap backing store is full
#   Decrease Java heap size (-Xmx/-Xms)
#   Decrease number of Java threads
#   Decrease Java thread stack sizes (-Xss)
#   Set larger code cache with -XX:ReservedCodeCacheSize=
#   JVM is running with Unscaled Compressed Oops mode in which the Java heap is
#     placed in the first 4GB address space. The Java Heap base address is the
#     maximum limit for the native heap growth. Please use -XX:HeapBaseMinAddress
#     to set the Java Heap base and to place the Java Heap above 4GB virtual address.
# This output file may be truncated or incomplete.
#
#  Out of Memory Error (allocation.cpp:389), pid=20916, tid=0x000000000000183c
#
# JRE version: Java(TM) SE Runtime Environment (8.0_241-b07) (build 1.8.0_241-b07)
# Java VM: Java HotSpot(TM) 64-Bit Server VM (25.241-b07 mixed mode windows-amd64 compressed oops)
# Failed to write core dump. Minidumps are not enabled by default on client versions of Windows
#

---------------  T H R E A D  ---------------

Current thread (0x000000001a5ae000):  JavaThread "C2 CompilerThread1" daemon [_thread_in_native, id=6204, stack(0x000000001af50000,0x000000001b050000)]

Stack: [0x000000001af50000,0x000000001b050000]
[error occurred during error reporting (printing stack bounds), id 0xc0000005]

Native frames: (J=compiled Java code, j=interpreted, Vv=VM code, C=native code)


Current CompileTask:
C2:  19857 6131  s    4       java.lang.reflect.Executable::declaredAnnotations (59 bytes)


---------------  P R O C E S S  ---------------

Java Threads: ( => current thread )
  0x0000000021ba8000 JavaThread "lettuce-timer-3-1" daemon [_thread_blocked, id=18444, stack(0x0000000023930000,0x0000000023a30000)]
  0x0000000021ba7000 JavaThread "Thread-3" daemon [_thread_in_native, id=8908, stack(0x00000000227c0000,0x00000000228c0000)]
  0x0000000021ba5800 JavaThread "container-0" [_thread_blocked, id=8288, stack(0x0000000021060000,0x0000000021160000)]
  0x0000000021ba6800 JavaThread "Catalina-utility-2" [_thread_blocked, id=11820, stack(0x000000001fd70000,0x000000001fe70000)]
  0x0000000021ba3800 JavaThread "Catalina-utility-1" [_thread_blocked, id=876, stack(0x000000001e6a0000,0x000000001e7a0000)]
  0x000000001a5d5000 JavaThread "Service Thread" daemon [_thread_blocked, id=22444, stack(0x000000001b250000,0x000000001b350000)]
  0x000000001a5b6000 JavaThread "C1 CompilerThread3" daemon [_thread_blocked, id=21376, stack(0x000000001b150000,0x000000001b250000)]
  0x000000001a5b3000 JavaThread "C2 CompilerThread2" daemon [_thread_in_native, id=21608, stack(0x000000001b050000,0x000000001b150000)]
=>0x000000001a5ae000 JavaThread "C2 CompilerThread1" daemon [_thread_in_native, id=6204, stack(0x000000001af50000,0x000000001b050000)]
  0x000000001a5aa800 JavaThread "C2 CompilerThread0" daemon [_thread_in_native, id=10140, stack(0x000000001ae50000,0x000000001af50000)]
  0x000000001a59f800 JavaThread "Monitor Ctrl-Break" daemon [_thread_in_native, id=21216, stack(0x000000001ad50000,0x000000001ae50000)]
  0x000000001a58d800 JavaThread "Attach Listener" daemon [_thread_blocked, id=22604, stack(0x000000001ac50000,0x000000001ad50000)]
  0x000000001a537800 JavaThread "Signal Dispatcher" daemon [_thread_blocked, id=13480, stack(0x000000001ab50000,0x000000001ac50000)]
  0x0000000018719800 JavaThread "Finalizer" daemon [_thread_blocked, id=7332, stack(0x000000001a9f0000,0x000000001aaf0000)]
  0x000000001a510800 JavaThread "Reference Handler" daemon [_thread_blocked, id=9956, stack(0x000000001a8f0000,0x000000001a9f0000)]
  0x000000000359b800 JavaThread "main" [_thread_in_Java, id=24052, stack(0x0000000003490000,0x0000000003590000)]

Other Threads:
  0x000000001870c000 VMThread [stack: 0x000000001a3f0000,0x000000001a4f0000] [id=23840]
  0x000000001a6d7800 WatcherThread [stack: 0x000000001b350000,0x000000001b450000] [id=22180]

VM state:not at safepoint (normal execution)

VM Mutex/Monitor currently owned by a thread: None

heap address: 0x0000000081c00000, size: 2020 MB, Compressed Oops mode: 32-bit
Narrow klass base: 0x0000000000000000, Narrow klass shift: 3
Compressed class space size: 1073741824 Address: 0x0000000100000000

Heap:
 PSYoungGen      total 380416K, used 84621K [0x00000000d5f00000, 0x00000000f3200000, 0x0000000100000000)
  eden space 362496K, 20% used [0x00000000d5f00000,0x00000000da5fc6e8,0x00000000ec100000)
  from space 17920K, 66% used [0x00000000ec100000,0x00000000ecca7018,0x00000000ed280000)
  to   space 17920K, 0% used [0x00000000f2080000,0x00000000f2080000,0x00000000f3200000)
 ParOldGen       total 130560K, used 24116K [0x0000000081c00000, 0x0000000089b80000, 0x00000000d5f00000)
  object space 130560K, 18% used [0x0000000081c00000,0x000000008338d2b0,0x0000000089b80000)
 Metaspace       used 62334K, capacity 66436K, committed 66688K, reserved 1107968K
  class space    used 8115K, capacity 8828K, committed 8832K, reserved 1048576K

Card table byte_map: [0x0000000012b50000,0x0000000012f50000] byte_map_base: 0x0000000012742000

Marking Bits: (ParMarkBitMap*) 0x0000000062acbe30
 Begin Bits: [0x0000000013a00000, 0x0000000015990000)
 End Bits:   [0x0000000015990000, 0x0000000017920000)

Polling page: 0x0000000001750000

CodeCache: size=245760Kb used=21475Kb max_used=21475Kb free=224284Kb
 bounds [0x0000000003790000, 0x0000000004ca0000, 0x0000000012790000]
 total_blobs=5987 nmethods=5472 adapters=426
 compilation: enabled

Compilation events (10 events):
Event: 19.834 Thread 0x000000001a5b6000 6219  s    2       java.io.ByteArrayOutputStream::write (66 bytes)
Event: 19.835 Thread 0x000000001a5b6000 nmethod 6219 0x0000000004c93050 code [0x0000000004c931e0, 0x0000000004c936a8]
Event: 19.835 Thread 0x000000001a5b6000 6221       2       java.io.ByteArrayInputStream::mark (9 bytes)
Event: 19.835 Thread 0x000000001a5b6000 nmethod 6221 0x0000000004c93890 code [0x0000000004c939e0, 0x0000000004c93b30]
Event: 19.840 Thread 0x000000001a5b6000 6222       2       sun.security.util.DerInputStream::getLength (243 bytes)
Event: 19.842 Thread 0x000000001a5b6000 nmethod 6222 0x0000000004c93b90 code [0x0000000004c93e80, 0x0000000004c94cd8]
Event: 19.842 Thread 0x000000001a5b6000 6223       2       sun.security.util.DerInputStream::available (8 bytes)
Event: 19.842 Thread 0x000000001a5b6000 nmethod 6223 0x0000000004c956d0 code [0x0000000004c95820, 0x0000000004c95b10]
Event: 19.845 Thread 0x000000001a5b6000 6224       2       java.lang.CharacterDataLatin1::isWhitespace (23 bytes)
Event: 19.846 Thread 0x000000001a5b6000 nmethod 6224 0x0000000004c95bd0 code [0x0000000004c95d20, 0x0000000004c95ed0]

GC Heap History (10 events):
Event: 8.695 GC heap before
{Heap before GC invocations=10 (full 2):
 PSYoungGen      total 214528K, used 202752K [0x00000000d5f00000, 0x00000000eb200000, 0x0000000100000000)
  eden space 202752K, 100% used [0x00000000d5f00000,0x00000000e2500000,0x00000000e2500000)
  from space 11776K, 0% used [0x00000000e2500000,0x00000000e2500000,0x00000000e3080000)
  to   space 12800K, 0% used [0x00000000ea580000,0x00000000ea580000,0x00000000eb200000)
 ParOldGen       total 94208K, used 15496K [0x0000000081c00000, 0x0000000087800000, 0x00000000d5f00000)
  object space 94208K, 16% used [0x0000000081c00000,0x0000000082b22250,0x0000000087800000)
 Metaspace       used 41928K, capacity 44580K, committed 44800K, reserved 1087488K
  class space    used 5604K, capacity 6078K, committed 6144K, reserved 1048576K
Event: 8.721 GC heap after
Heap after GC invocations=10 (full 2):
 PSYoungGen      total 305152K, used 12294K [0x00000000d5f00000, 0x00000000eb200000, 0x0000000100000000)
  eden space 292352K, 0% used [0x00000000d5f00000,0x00000000d5f00000,0x00000000e7c80000)
  from space 12800K, 96% used [0x00000000ea580000,0x00000000eb181b30,0x00000000eb200000)
  to   space 13824K, 0% used [0x00000000e9700000,0x00000000e9700000,0x00000000ea480000)
 ParOldGen       total 94208K, used 15504K [0x0000000081c00000, 0x0000000087800000, 0x00000000d5f00000)
  object space 94208K, 16% used [0x0000000081c00000,0x0000000082b24250,0x0000000087800000)
 Metaspace       used 41928K, capacity 44580K, committed 44800K, reserved 1087488K
  class space    used 5604K, capacity 6078K, committed 6144K, reserved 1048576K
}
Event: 14.601 GC heap before
{Heap before GC invocations=11 (full 2):
 PSYoungGen      total 305152K, used 304646K [0x00000000d5f00000, 0x00000000eb200000, 0x0000000100000000)
  eden space 292352K, 100% used [0x00000000d5f00000,0x00000000e7c80000,0x00000000e7c80000)
  from space 12800K, 96% used [0x00000000ea580000,0x00000000eb181b30,0x00000000eb200000)
  to   space 13824K, 0% used [0x00000000e9700000,0x00000000e9700000,0x00000000ea480000)
 ParOldGen       total 94208K, used 15504K [0x0000000081c00000, 0x0000000087800000, 0x00000000d5f00000)
  object space 94208K, 16% used [0x0000000081c00000,0x0000000082b24250,0x0000000087800000)
 Metaspace       used 52470K, capacity 55862K, committed 56064K, reserved 1097728K
  class space    used 6957K, capacity 7567K, committed 7680K, reserved 1048576K
Event: 14.637 GC heap after
Heap after GC invocations=11 (full 2):
 PSYoungGen      total 333312K, used 13800K [0x00000000d5f00000, 0x00000000ee380000, 0x0000000100000000)
  eden space 319488K, 0% used [0x00000000d5f00000,0x00000000d5f00000,0x00000000e9700000)
  from space 13824K, 99% used [0x00000000e9700000,0x00000000ea47a160,0x00000000ea480000)
  to   space 17408K, 0% used [0x00000000ed280000,0x00000000ed280000,0x00000000ee380000)
 ParOldGen       total 94208K, used 19929K [0x0000000081c00000, 0x0000000087800000, 0x00000000d5f00000)
  object space 94208K, 21% used [0x0000000081c00000,0x0000000082f76558,0x0000000087800000)
 Metaspace       used 52470K, capacity 55862K, committed 56064K, reserved 1097728K
  class space    used 6957K, capacity 7567K, committed 7680K, reserved 1048576K
}
Event: 15.736 GC heap before
{Heap before GC invocations=12 (full 2):
 PSYoungGen      total 333312K, used 119555K [0x00000000d5f00000, 0x00000000ee380000, 0x0000000100000000)
  eden space 319488K, 33% used [0x00000000d5f00000,0x00000000dc646d70,0x00000000e9700000)
  from space 13824K, 99% used [0x00000000e9700000,0x00000000ea47a160,0x00000000ea480000)
  to   space 17408K, 0% used [0x00000000ed280000,0x00000000ed280000,0x00000000ee380000)
 ParOldGen       total 94208K, used 19929K [0x0000000081c00000, 0x0000000087800000, 0x00000000d5f00000)
  object space 94208K, 21% used [0x0000000081c00000,0x0000000082f76558,0x0000000087800000)
 Metaspace       used 55479K, capacity 59018K, committed 59136K, reserved 1099776K
  class space    used 7298K, capacity 7919K, committed 7936K, reserved 1048576K
Event: 15.754 GC heap after
Heap after GC invocations=12 (full 2):
 PSYoungGen      total 379904K, used 13576K [0x00000000d5f00000, 0x00000000f0800000, 0x0000000100000000)
  eden space 362496K, 0% used [0x00000000d5f00000,0x00000000d5f00000,0x00000000ec100000)
  from space 17408K, 77% used [0x00000000ed280000,0x00000000edfc2080,0x00000000ee380000)
  to   space 17920K, 0% used [0x00000000ec100000,0x00000000ec100000,0x00000000ed280000)
 ParOldGen       total 94208K, used 19937K [0x0000000081c00000, 0x0000000087800000, 0x00000000d5f00000)
  object space 94208K, 21% used [0x0000000081c00000,0x0000000082f78558,0x0000000087800000)
 Metaspace       used 55479K, capacity 59018K, committed 59136K, reserved 1099776K
  class space    used 7298K, capacity 7919K, committed 7936K, reserved 1048576K
}
Event: 15.754 GC heap before
{Heap before GC invocations=13 (full 3):
 PSYoungGen      total 379904K, used 13576K [0x00000000d5f00000, 0x00000000f0800000, 0x0000000100000000)
  eden space 362496K, 0% used [0x00000000d5f00000,0x00000000d5f00000,0x00000000ec100000)
  from space 17408K, 77% used [0x00000000ed280000,0x00000000edfc2080,0x00000000ee380000)
  to   space 17920K, 0% used [0x00000000ec100000,0x00000000ec100000,0x00000000ed280000)
 ParOldGen       total 94208K, used 19937K [0x0000000081c00000, 0x0000000087800000, 0x00000000d5f00000)
  object space 94208K, 21% used [0x0000000081c00000,0x0000000082f78558,0x0000000087800000)
 Metaspace       used 55479K, capacity 59018K, committed 59136K, reserved 1099776K
  class space    used 7298K, capacity 7919K, committed 7936K, reserved 1048576K
Event: 15.965 GC heap after
Heap after GC invocations=13 (full 3):
 PSYoungGen      total 379904K, used 0K [0x00000000d5f00000, 0x00000000f0800000, 0x0000000100000000)
  eden space 362496K, 0% used [0x00000000d5f00000,0x00000000d5f00000,0x00000000ec100000)
  from space 17408K, 0% used [0x00000000ed280000,0x00000000ed280000,0x00000000ee380000)
  to   space 17920K, 0% used [0x00000000ec100000,0x00000000ec100000,0x00000000ed280000)
 ParOldGen       total 130560K, used 24108K [0x0000000081c00000, 0x0000000089b80000, 0x00000000d5f00000)
  object space 130560K, 18% used [0x0000000081c00000,0x000000008338b2b0,0x0000000089b80000)
 Metaspace       used 55479K, capacity 59018K, committed 59136K, reserved 1099776K
  class space    used 7298K, capacity 7919K, committed 7936K, reserved 1048576K
}
Event: 19.118 GC heap before
{Heap before GC invocations=14 (full 3):
 PSYoungGen      total 379904K, used 362496K [0x00000000d5f00000, 0x00000000f0800000, 0x0000000100000000)
  eden space 362496K, 100% used [0x00000000d5f00000,0x00000000ec100000,0x00000000ec100000)
  from space 17408K, 0% used [0x00000000ed280000,0x00000000ed280000,0x00000000ee380000)
  to   space 17920K, 0% used [0x00000000ec100000,0x00000000ec100000,0x00000000ed280000)
 ParOldGen       total 130560K, used 24108K [0x0000000081c00000, 0x0000000089b80000, 0x00000000d5f00000)
  object space 130560K, 18% used [0x0000000081c00000,0x000000008338b2b0,0x0000000089b80000)
 Metaspace       used 59893K, capacity 63802K, committed 63872K, reserved 1103872K
  class space    used 7867K, capacity 8547K, committed 8576K, reserved 1048576K
Event: 19.138 GC heap after
Heap after GC invocations=14 (full 3):
 PSYoungGen      total 380416K, used 11932K [0x00000000d5f00000, 0x00000000f3200000, 0x0000000100000000)
  eden space 362496K, 0% used [0x00000000d5f00000,0x00000000d5f00000,0x00000000ec100000)
  from space 17920K, 66% used [0x00000000ec100000,0x00000000ecca7018,0x00000000ed280000)
  to   space 17920K, 0% used [0x00000000f2080000,0x00000000f2080000,0x00000000f3200000)
 ParOldGen       total 130560K, used 24116K [0x0000000081c00000, 0x0000000089b80000, 0x00000000d5f00000)
  object space 130560K, 18% used [0x0000000081c00000,0x000000008338d2b0,0x0000000089b80000)
 Metaspace       used 59893K, capacity 63802K, committed 63872K, reserved 1103872K
  class space    used 7867K, capacity 8547K, committed 8576K, reserved 1048576K
}

Deoptimization events (10 events):
Event: 18.045 Thread 0x000000000359b800 Uncommon trap: reason=unstable_if action=reinterpret pc=0x0000000004414d98 method=org.aspectj.weaver.World.resolve(Lorg/aspectj/weaver/UnresolvedType;Z)Lorg/aspectj/weaver/ResolvedType; @ 253
Event: 18.234 Thread 0x000000000359b800 Uncommon trap: reason=unstable_if action=reinterpret pc=0x00000000046c237c method=java.util.WeakHashMap.get(Ljava/lang/Object;)Ljava/lang/Object; @ 56
Event: 18.514 Thread 0x000000000359b800 Uncommon trap: reason=unstable_if action=reinterpret pc=0x000000000458bdf0 method=java.lang.Class$MethodArray.addIfNotPresent(Ljava/lang/reflect/Method;)V @ 19
Event: 18.995 Thread 0x000000000359b800 Uncommon trap: reason=unstable_if action=reinterpret pc=0x000000000494a130 method=org.aspectj.weaver.UnresolvedType.nameToSignature(Ljava/lang/String;)Ljava/lang/String; @ 58
Event: 19.033 Thread 0x000000000359b800 Uncommon trap: reason=unstable_if action=reinterpret pc=0x00000000049c4558 method=org.springframework.beans.factory.support.AbstractBeanFactory.isTypeMatch(Ljava/lang/String;Lorg/springframework/core/ResolvableType;Z)Z @ 581
Event: 19.313 Thread 0x000000000359b800 Uncommon trap: reason=null_check action=make_not_entrant pc=0x00000000044ef3f8 method=org.springframework.beans.factory.support.DefaultSingletonBeanRegistry.getSingleton(Ljava/lang/String;Z)Ljava/lang/Object; @ 90
Event: 19.658 Thread 0x000000000359b800 Uncommon trap: reason=unstable_if action=reinterpret pc=0x000000000484b808 method=org.springframework.boot.context.properties.source.SystemEnvironmentPropertyMapper.isAncestorOf(Lorg/springframework/boot/context/properties/source/ConfigurationPropertyName
Event: 19.795 Thread 0x000000000359b800 Uncommon trap: reason=unstable_if action=reinterpret pc=0x0000000004776b80 method=java.util.jar.JarFile.maybeInstantiateVerifier()V @ 75
Event: 19.845 Thread 0x000000000359b800 Uncommon trap: reason=unstable_if action=reinterpret pc=0x0000000003afdabc method=java.lang.CharacterDataLatin1.isWhitespace(I)Z @ 14
Event: 19.849 Thread 0x000000000359b800 Uncommon trap: reason=class_check action=maybe_recompile pc=0x0000000004080e04 method=java.util.Collections$SynchronizedMap.get(Ljava/lang/Object;)Ljava/lang/Object; @ 12

Classes redefined (0 events):
No events

Internal exceptions (10 events):
Event: 19.742 Thread 0x000000000359b800 Exception <a 'java/lang/ClassNotFoundException': org/springframework/beans/factory/AwareCustomizer> (0x00000000d9f81858) thrown at [C:\ade\jenkins\workspace\8-2-build-windows-amd64-cygwin\jdk8u241\331\hotspot\src\share\vm\classfile\systemDictionary.cpp, l
Event: 19.748 Thread 0x000000000359b800 Exception <a 'java/lang/ClassNotFoundException': java/lang/ObjectCustomizer> (0x00000000d9fcfb18) thrown at [C:\ade\jenkins\workspace\8-2-build-windows-amd64-cygwin\jdk8u241\331\hotspot\src\share\vm\classfile\systemDictionary.cpp, line 210]
Event: 19.749 Thread 0x000000000359b800 Exception <a 'java/lang/ClassNotFoundException': org/springframework/boot/autoconfigure/amqp/RabbitAutoConfiguration$RabbitConnectionFactoryCreatorCustomizer> (0x00000000da044710) thrown at [C:\ade\jenkins\workspace\8-2-build-windows-amd64-cygwin\jdk8u241
Event: 19.763 Thread 0x000000000359b800 Exception <a 'java/lang/ClassNotFoundException': java/lang/ObjectCustomizer> (0x00000000da1928b0) thrown at [C:\ade\jenkins\workspace\8-2-build-windows-amd64-cygwin\jdk8u241\331\hotspot\src\share\vm\classfile\systemDictionary.cpp, line 210]
Event: 19.764 Thread 0x000000000359b800 Exception <a 'java/lang/ClassNotFoundException': org/springframework/boot/autoconfigure/amqp/RabbitPropertiesCustomizer> (0x00000000da1e6850) thrown at [C:\ade\jenkins\workspace\8-2-build-windows-amd64-cygwin\jdk8u241\331\hotspot\src\share\vm\classfile\sy
Event: 19.776 Thread 0x000000000359b800 Exception <a 'java/lang/ClassNotFoundException': java/lang/ObjectCustomizer> (0x00000000da317768) thrown at [C:\ade\jenkins\workspace\8-2-build-windows-amd64-cygwin\jdk8u241\331\hotspot\src\share\vm\classfile\systemDictionary.cpp, line 210]
Event: 19.778 Thread 0x000000000359b800 Exception <a 'java/lang/ClassNotFoundException': org/springframework/boot/autoconfigure/amqp/RabbitConnectionFactoryBeanConfigurerCustomizer> (0x00000000da37ea38) thrown at [C:\ade\jenkins\workspace\8-2-build-windows-amd64-cygwin\jdk8u241\331\hotspot\src\
Event: 19.783 Thread 0x000000000359b800 Exception <a 'java/lang/ClassNotFoundException': java/lang/ObjectCustomizer> (0x00000000da3b4090) thrown at [C:\ade\jenkins\workspace\8-2-build-windows-amd64-cygwin\jdk8u241\331\hotspot\src\share\vm\classfile\systemDictionary.cpp, line 210]
Event: 19.785 Thread 0x000000000359b800 Exception <a 'java/lang/ClassNotFoundException': org/springframework/boot/autoconfigure/amqp/AbstractConnectionFactoryConfigurerCustomizer> (0x00000000da417dd0) thrown at [C:\ade\jenkins\workspace\8-2-build-windows-amd64-cygwin\jdk8u241\331\hotspot\src\sh
Event: 19.786 Thread 0x000000000359b800 Exception <a 'java/lang/ClassNotFoundException': org/springframework/boot/autoconfigure/amqp/CachingConnectionFactoryConfigurerCustomizer> (0x00000000da47b5b0) thrown at [C:\ade\jenkins\workspace\8-2-build-windows-amd64-cygwin\jdk8u241\331\hotspot\src\sha

Events (10 events):
Event: 19.850 loading class sun/security/rsa/RSASignature$SHA1withRSA done
Event: 19.851 loading class sun/security/rsa/RSAPrivateKeyImpl
Event: 19.851 loading class sun/security/pkcs/PKCS8Key
Event: 19.851 loading class sun/security/pkcs/PKCS8Key done
Event: 19.851 loading class sun/security/rsa/RSAPrivateKeyImpl done
Event: 19.851 loading class sun/security/rsa/RSAPrivateCrtKeyImpl
Event: 19.851 loading class java/security/interfaces/RSAPrivateCrtKey
Event: 19.851 loading class java/security/interfaces/RSAPrivateCrtKey done
Event: 19.851 loading class sun/security/rsa/RSAPrivateCrtKeyImpl done
Event: 19.851 loading class sun/security/rsa/RSACore


Dynamic libraries:
0x00007ff6d4d90000 - 0x00007ff6d4dc7000 	C:\jdk-8u241-windows-x64\bin\java.exe
0x00007ffe221b0000 - 0x00007ffe223a5000 	C:\WINDOWS\SYSTEM32\ntdll.dll
0x00007ffe21b20000 - 0x00007ffe21bde000 	C:\WINDOWS\System32\KERNEL32.DLL
0x00007ffe1f970000 - 0x00007ffe1fc38000 	C:\WINDOWS\System32\KERNELBASE.dll
0x00007ffe20fd0000 - 0x00007ffe2107e000 	C:\WINDOWS\System32\ADVAPI32.dll
0x00007ffe20870000 - 0x00007ffe2090e000 	C:\WINDOWS\System32\msvcrt.dll
0x00007ffe204e0000 - 0x00007ffe2057c000 	C:\WINDOWS\System32\sechost.dll
0x00007ffe21fd0000 - 0x00007ffe220f5000 	C:\WINDOWS\System32\RPCRT4.dll
0x00007ffe20340000 - 0x00007ffe204e0000 	C:\WINDOWS\System32\USER32.dll
0x00007ffe201e0000 - 0x00007ffe20202000 	C:\WINDOWS\System32\win32u.dll
0x00007ffe20610000 - 0x00007ffe2063a000 	C:\WINDOWS\System32\GDI32.dll
0x00007ffe1fc40000 - 0x00007ffe1fd4b000 	C:\WINDOWS\System32\gdi32full.dll
0x00007ffe1f8d0000 - 0x00007ffe1f96d000 	C:\WINDOWS\System32\msvcp_win.dll
0x00007ffe1fe30000 - 0x00007ffe1ff30000 	C:\WINDOWS\System32\ucrtbase.dll
0x00007ffe0e030000 - 0x00007ffe0e2ca000 	C:\WINDOWS\WinSxS\amd64_microsoft.windows.common-controls_6595b64144ccf1df_6.0.19041.1110_none_60b5254171f9507e\COMCTL32.dll
0x00007ffe20580000 - 0x00007ffe205b0000 	C:\WINDOWS\System32\IMM32.DLL
0x0000000061dd0000 - 0x0000000061ea2000 	C:\jdk-8u241-windows-x64\jre\bin\msvcr100.dll
0x00000000622a0000 - 0x0000000062b4c000 	C:\jdk-8u241-windows-x64\jre\bin\server\jvm.dll
0x00007ffe22100000 - 0x00007ffe22108000 	C:\WINDOWS\System32\PSAPI.DLL
0x00007ffe0ee60000 - 0x00007ffe0ee87000 	C:\WINDOWS\SYSTEM32\WINMM.dll
0x00007ffe0b2b0000 - 0x00007ffe0b2b9000 	C:\WINDOWS\SYSTEM32\WSOCK32.dll
0x00007ffe13080000 - 0x00007ffe1308a000 	C:\WINDOWS\SYSTEM32\VERSION.dll
0x00007ffe21be0000 - 0x00007ffe21c4b000 	C:\WINDOWS\System32\WS2_32.dll
0x00007ffe08550000 - 0x00007ffe0855f000 	C:\jdk-8u241-windows-x64\jre\bin\verify.dll
0x00007ffe055f0000 - 0x00007ffe05619000 	C:\jdk-8u241-windows-x64\jre\bin\java.dll
0x00007ffe0f870000 - 0x00007ffe0f893000 	C:\jdk-8u241-windows-x64\jre\bin\instrument.dll
0x00007ffe01ef0000 - 0x00007ffe01f06000 	C:\jdk-8u241-windows-x64\jre\bin\zip.dll
0x00007ffe21230000 - 0x00007ffe21974000 	C:\WINDOWS\System32\SHELL32.dll
0x00007ffe1d890000 - 0x00007ffe1e024000 	C:\WINDOWS\SYSTEM32\windows.storage.dll
0x00007ffe21c70000 - 0x00007ffe21fc4000 	C:\WINDOWS\System32\combase.dll
0x00007ffe1f1f0000 - 0x00007ffe1f21c000 	C:\WINDOWS\SYSTEM32\Wldp.dll
0x00007ffe20f10000 - 0x00007ffe20fbd000 	C:\WINDOWS\System32\SHCORE.dll
0x00007ffe205b0000 - 0x00007ffe20605000 	C:\WINDOWS\System32\shlwapi.dll
0x00007ffe1f810000 - 0x00007ffe1f82f000 	C:\WINDOWS\SYSTEM32\profapi.dll
0x00007ffe160e0000 - 0x00007ffe160fa000 	D:\IntelliJ IDEA 2020.3.3\bin\breakgen64.dll
0x00007ffe05480000 - 0x00007ffe0549a000 	C:\jdk-8u241-windows-x64\jre\bin\net.dll
0x00007ffe1ef70000 - 0x00007ffe1efda000 	C:\WINDOWS\system32\mswsock.dll
0x00007ffe06700000 - 0x00007ffe0670d000 	C:\jdk-8u241-windows-x64\jre\bin\management.dll
0x00007ffe084e0000 - 0x00007ffe084f7000 	C:\WINDOWS\system32\napinsp.dll
0x00007ffe084a0000 - 0x00007ffe084bb000 	C:\WINDOWS\system32\pnrpnsp.dll
0x00007ffe19970000 - 0x00007ffe19985000 	C:\WINDOWS\system32\wshbth.dll
0x00007ffe1a330000 - 0x00007ffe1a34d000 	C:\WINDOWS\system32\NLAapi.dll
0x00007ffe1ec80000 - 0x00007ffe1ecbb000 	C:\WINDOWS\SYSTEM32\IPHLPAPI.DLL
0x00007ffe1ecc0000 - 0x00007ffe1ed8b000 	C:\WINDOWS\SYSTEM32\DNSAPI.dll
0x00007ffe20fc0000 - 0x00007ffe20fc8000 	C:\WINDOWS\System32\NSI.dll
0x00007ffe06620000 - 0x00007ffe06632000 	C:\WINDOWS\System32\winrnr.dll
0x00007ffe10290000 - 0x00007ffe1029a000 	C:\Windows\System32\rasadhlp.dll
0x00007ffe102d0000 - 0x00007ffe1034f000 	C:\WINDOWS\System32\fwpuclnt.dll
0x00007ffe1ffe0000 - 0x00007ffe20007000 	C:\WINDOWS\System32\bcrypt.dll
0x00007ffe00c10000 - 0x00007ffe00c22000 	C:\jdk-8u241-windows-x64\jre\bin\nio.dll
0x00007ffe1f2a0000 - 0x00007ffe1f2b8000 	C:\WINDOWS\SYSTEM32\CRYPTSP.dll
0x00007ffe1e910000 - 0x00007ffe1e944000 	C:\WINDOWS\system32\rsaenh.dll
0x00007ffe1f7d0000 - 0x00007ffe1f7fe000 	C:\WINDOWS\SYSTEM32\USERENV.dll
0x00007ffe1fda0000 - 0x00007ffe1fe22000 	C:\WINDOWS\System32\bcryptprimitives.dll
0x00007ffe1f160000 - 0x00007ffe1f16c000 	C:\WINDOWS\SYSTEM32\CRYPTBASE.dll
0x00007ffe16570000 - 0x00007ffe16587000 	C:\WINDOWS\SYSTEM32\dhcpcsvc6.DLL
0x00007ffe16550000 - 0x00007ffe1656d000 	C:\WINDOWS\SYSTEM32\dhcpcsvc.DLL

VM Arguments:
jvm_args: -ea -Didea.test.cyclic.buffer.size=1048576 -javaagent:D:\IntelliJ IDEA 2020.3.3\lib\idea_rt.jar=57670:D:\IntelliJ IDEA 2020.3.3\bin -Dfile.encoding=UTF-8 
java_command: com.intellij.rt.junit.JUnitStarter -ideVersion5 -junit5 top.kaluna.pipelineMonitor.txtConfig.CustomTxtTest,testAvgService
java_class_path (initial): D:\IntelliJ IDEA 2020.3.3\lib\idea_rt.jar;C:\Users\86158\.m2\repository\org\junit\platform\junit-platform-launcher\1.8.1\junit-platform-launcher-1.8.1.jar;C:\Users\86158\.m2\repository\org\junit\platform\junit-platform-engine\1.8.1\junit-platform-engine-1.8.1.jar;C:\Users\86158\.m2\repository\org\opentest4j\opentest4j\1.2.0\opentest4j-1.2.0.jar;C:\Users\86158\.m2\repository\org\junit\platform\junit-platform-commons\1.8.1\junit-platform-commons-1.8.1.jar;C:\Users\86158\.m2\repository\org\apiguardian\apiguardian-api\1.1.2\apiguardian-api-1.1.2.jar;C:\Users\86158\.m2\repository\org\junit\vintage\junit-vintage-engine\5.8.1\junit-vintage-engine-5.8.1.jar;D:\IntelliJ IDEA 2020.3.3\plugins\junit\lib\junit5-rt.jar;D:\IntelliJ IDEA 2020.3.3\plugins\junit\lib\junit-rt.jar;C:\jdk-8u241-windows-x64\jre\lib\charsets.jar;C:\jdk-8u241-windows-x64\jre\lib\deploy.jar;C:\jdk-8u241-windows-x64\jre\lib\ext\access-bridge-64.jar;C:\jdk-8u241-windows-x64\jre\lib\ext\cldrdata.jar;C:\jdk-8u241-windows-x64\jre\lib\ext\dnsns.jar;C:\jdk-8u241-windows-x64\jre\lib\ext\jaccess.jar;C:\jdk-8u241-windows-x64\jre\lib\ext\jfxrt.jar;C:\jdk-8u241-windows-x64\jre\lib\ext\localedata.jar;C:\jdk-8u241-windows-x64\jre\lib\ext\nashorn.jar;C:\jdk-8u241-windows-x64\jre\lib\ext\sunec.jar;C:\jdk-8u241-windows-x64\jre\lib\ext\sunjce_provider.jar;C:\jdk-8u241-windows-x64\jre\lib\ext\sunmscapi.jar;C:\jdk-8u241-windows-x64\jre\lib\ext\sunpkcs11.jar;C:\jdk-8u241-windows-x64\jre\lib\ext\zipfs.jar;C:\jdk-8u241-windows-x64\jre\lib\javaws.jar;C:\jdk-8u241-windows-x64\jre\lib\jce.jar;C:\jdk-8u241-windows-x64\jre\lib\jfr.jar;C:\jdk-8u241-windows-x64\jre\lib\jfxswt.jar;C:\jdk-8u241-windows-x64\jre\lib\jsse.jar;C:\jdk-8u241-windows-x64\jre\lib\management-agent.jar;C:\jdk-8u241-windows-x64\jre\lib\plugin.jar;C:\jdk-8u241-windows-x64\jre\lib\resources.jar;C:\jdk-8u241-windows-x64\jre\lib\rt.jar;X:\ideaworkspace\pipelineMonitor\target\test-classes;X:\ideaworkspace\pipelineMonitor\target\classes;D:\pa
Launcher Type: SUN_STANDARD

Environment Variables:
JAVA_HOME=C:\jdk-8u241-windows-x64
PATH=F:\anaconda3;C:\ProgramData\Oracle\Java\javapath;C:\Program Files (x86)\Common Files\Oracle\Java\javapath\;C:\Program Files (x86)\Intel\Intel(R) Management Engine Components\iCLS\;C:\Program Files\Intel\Intel(R) Management Engine Components\iCLS\;C:\Program Files\erl7.1\bin;C:\Windows\system32;C:\Windows;C:\Windows\System32\Wbem;C:\Windows\System32\WindowsPowerShell\v1.0\;C:\Windows\System32\OpenSSH\;C:\Program Files (x86)\Intel\Intel(R) Management Engine Components\DAL;C:\jdk-8u241-windows-x64\jre\bin;C:\Program Files\Intel\Intel(R) Management Engine Components\DAL;C:\Program Files (x86)\Intel\Intel(R) Management Engine Components\IPT;C:\Program Files\Intel\Intel(R) Management Engine Components\IPT;C:\jdk-8u241-windows-x64\bin;C:\Program Files (x86)\NVIDIA Corporation\PhysX\Common;C:\WINDOWS\system32;C:\WINDOWS;C:\WINDOWS\System32\Wbem;C:\WINDOWS\System32\WindowsPowerShell\v1.0\;C:\WINDOWS\System32\OpenSSH\;D:\Program Files\Git\cmd;C:\Users\86158\.dnx\bin;C:\Program Files\Microsoft DNX\Dn;C:\WINDOWS\system32;C:\WINDOWS;C:\WINDOWS\System32\Wbem;C:\WINDOWS\System32\WindowsPowerShell\v1.0\;C:\WINDOWS\System32\OpenSSH\;D:\apache-maven-3.5.0\bin;F:\cygwin\bin;F:\anaconda3\pkgs\graphviz-2.38-hfd603c8_2\Library\bin;F:\Graphviz 2.44.1\bin;C:\Program Files\Pandoc\;G:\matlab\runtime\win64;G:\matlab\bin;G:\matlab\polyspace\bin;F:\anaconda3\Scripts;F:\anaconda3\Library\bin;D:\apache-maven-3.5.0\\bin;E:\MySQLServer5.7\Install\bin;F:\node-v14.16.0-x64\node_global;F:\node-v14.16.0-x64;F:\node-v12.22.1-win-x64\;F:\gradle-4.6-bin\gradle-4.6\bin;D:\Git\cmd;F:\cygwin\usr\x86_64-w64-mingw32\sys-root\mingw\bin;X:\matlabRuntime\v912\runtime\win64;;C:\Program Files\Docker\Docker\resources\bin;C:\ProgramData\DockerDesktop\version-bin;C:\Users\86158\AppData\Local\Microsoft\WindowsApps;D:\Program Files\Markdown Monster;C:\Users\86158\AppData\Local\Microsoft\WindowsApps;C:\Users\86158\.dotnet\tools;C:\Users\86158\AppData\Roaming\npm;F:\Microsoft VS Code\bin;X:\MiKTeX\miktex\bin\x64\
USERNAME=86158
OS=Windows_NT
PROCESSOR_IDENTIFIER=Intel64 Family 6 Model 142 Stepping 10, GenuineIntel



---------------  S Y S T E M  ---------------

OS: Windows 10.0 , 64 bit Build 19041 (10.0.19041.1645)

CPU:total 8 (initial active 8) (4 cores per cpu, 2 threads per core) family 6 model 142 stepping 10, cmov, cx8, fxsr, mmx, sse, sse2, sse3, ssse3, sse4.1, sse4.2, popcnt, avx, avx2, aes, clmul, erms, 3dnowpref, lzcnt, ht, tsc, tscinvbit, bmi1, bmi2, adx

Memory: 4k page, physical 8268520k(605628k free), swap 16499064k(4856k free)

vm_info: Java HotSpot(TM) 64-Bit Server VM (25.241-b07) for windows-amd64 JRE (1.8.0_241-b07), built on Dec 11 2019 10:21:40 by "rejava" with MS VC++ 10.0 (VS2010)

time: Fri May 27 18:41:34 2022
timezone: 中国标准时间
elapsed time: 19 seconds (0d 0h 0m 19s)

