#
# There is insufficient memory for the Java Runtime Environment to continue.
# Native memory allocation (malloc) failed to allocate 1156304 bytes for Chunk::new
# Possible reasons:
#   The system is out of physical RAM or swap space
#   The process is running with CompressedOops enabled, and the Java Heap may be blocking the growth of the native heap
# Possible solutions:
#   Reduce memory load on the system
#   Increase physical memory or swap space
#   Check if swap backing store is full
#   Decrease Java heap size (-Xmx/-Xms)
#   Decrease number of Java threads
#   Decrease Java thread stack sizes (-Xss)
#   Set larger code cache with -XX:ReservedCodeCacheSize=
#   JVM is running with Unscaled Compressed Oops mode in which the Java heap is
#     placed in the first 4GB address space. The Java Heap base address is the
#     maximum limit for the native heap growth. Please use -XX:HeapBaseMinAddress
#     to set the Java Heap base and to place the Java Heap above 4GB virtual address.
# This output file may be truncated or incomplete.
#
#  Out of Memory Error (allocation.cpp:389), pid=9144, tid=0x0000000000004f10
#
# JRE version: Java(TM) SE Runtime Environment (8.0_241-b07) (build 1.8.0_241-b07)
# Java VM: Java HotSpot(TM) 64-Bit Server VM (25.241-b07 mixed mode windows-amd64 compressed oops)
# Failed to write core dump. Minidumps are not enabled by default on client versions of Windows
#

---------------  T H R E A D  ---------------

Current thread (0x0000000019b0c800):  JavaThread "C2 CompilerThread1" daemon [_thread_in_native, id=20240, stack(0x000000001a450000,0x000000001a550000)]

Stack: [0x000000001a450000,0x000000001a550000]
[error occurred during error reporting (printing stack bounds), id 0xc0000005]

Native frames: (J=compiled Java code, j=interpreted, Vv=VM code, C=native code)


Current CompileTask:
C2:  13827 5828       4       org.aspectj.weaver.ResolvedMemberImpl::matches (103 bytes)


---------------  P R O C E S S  ---------------

Java Threads: ( => current thread )
  0x000000002045b800 JavaThread "lettuce-timer-3-1" daemon [_thread_blocked, id=14232, stack(0x0000000023a70000,0x0000000023b70000)]
  0x000000001e5dc000 JavaThread "Thread-3" daemon [_thread_in_native, id=20988, stack(0x00000000228c0000,0x00000000229c0000)]
  0x000000001fddb800 JavaThread "container-0" [_thread_blocked, id=3132, stack(0x00000000225c0000,0x00000000226c0000)]
  0x000000001cd43800 JavaThread "Catalina-utility-2" [_thread_blocked, id=19024, stack(0x000000001f470000,0x000000001f570000)]
  0x000000001eaaf000 JavaThread "Catalina-utility-1" [_thread_blocked, id=5764, stack(0x000000001dba0000,0x000000001dca0000)]
  0x0000000019bc0000 JavaThread "Service Thread" daemon [_thread_blocked, id=16708, stack(0x000000001a750000,0x000000001a850000)]
  0x0000000019b18800 JavaThread "C1 CompilerThread3" daemon [_thread_blocked, id=15888, stack(0x000000001a650000,0x000000001a750000)]
  0x0000000019b13800 JavaThread "C2 CompilerThread2" daemon [_thread_in_native, id=15740, stack(0x000000001a550000,0x000000001a650000)]
=>0x0000000019b0c800 JavaThread "C2 CompilerThread1" daemon [_thread_in_native, id=20240, stack(0x000000001a450000,0x000000001a550000)]
  0x0000000019b0b000 JavaThread "C2 CompilerThread0" daemon [_thread_in_native, id=16264, stack(0x000000001a350000,0x000000001a450000)]
  0x0000000019b00800 JavaThread "Monitor Ctrl-Break" daemon [_thread_in_native, id=4344, stack(0x000000001a250000,0x000000001a350000)]
  0x0000000019a97800 JavaThread "Attach Listener" daemon [_thread_blocked, id=7820, stack(0x000000001a150000,0x000000001a250000)]
  0x0000000019af2800 JavaThread "Signal Dispatcher" daemon [_thread_blocked, id=14200, stack(0x000000001a050000,0x000000001a150000)]
  0x0000000017c89800 JavaThread "Finalizer" daemon [_thread_blocked, id=8892, stack(0x0000000019f50000,0x000000001a050000)]
  0x0000000019a70800 JavaThread "Reference Handler" daemon [_thread_blocked, id=19948, stack(0x0000000019e50000,0x0000000019f50000)]
  0x0000000002a0b000 JavaThread "main" [_thread_in_Java, id=3052, stack(0x0000000002540000,0x0000000002640000)]

Other Threads:
  0x0000000017c7c000 VMThread [stack: 0x0000000019950000,0x0000000019a50000] [id=7412]
  0x0000000019ce4000 WatcherThread [stack: 0x000000001a850000,0x000000001a950000] [id=14452]

VM state:not at safepoint (normal execution)

VM Mutex/Monitor currently owned by a thread: None

heap address: 0x0000000081c00000, size: 2020 MB, Compressed Oops mode: 32-bit
Narrow klass base: 0x0000000000000000, Narrow klass shift: 3
Compressed class space size: 1073741824 Address: 0x0000000100000000

Heap:
 PSYoungGen      total 262144K, used 109945K [0x00000000d5f00000, 0x00000000e7400000, 0x0000000100000000)
  eden space 250880K, 41% used [0x00000000d5f00000,0x00000000dc375f70,0x00000000e5400000)
  from space 11264K, 62% used [0x00000000e6900000,0x00000000e6fe8598,0x00000000e7400000)
  to   space 16384K, 0% used [0x00000000e5400000,0x00000000e5400000,0x00000000e6400000)
 ParOldGen       total 139776K, used 24131K [0x0000000081c00000, 0x000000008a480000, 0x00000000d5f00000)
  object space 139776K, 17% used [0x0000000081c00000,0x0000000083390ce8,0x000000008a480000)
 Metaspace       used 59211K, capacity 63058K, committed 63232K, reserved 1103872K
  class space    used 7774K, capacity 8425K, committed 8448K, reserved 1048576K

Card table byte_map: [0x00000000120c0000,0x00000000124c0000] byte_map_base: 0x0000000011cb2000

Marking Bits: (ParMarkBitMap*) 0x000000006605be30
 Begin Bits: [0x0000000012f70000, 0x0000000014f00000)
 End Bits:   [0x0000000014f00000, 0x0000000016e90000)

Polling page: 0x0000000002640000

CodeCache: size=245760Kb used=20417Kb max_used=20417Kb free=225342Kb
 bounds [0x0000000002d00000, 0x0000000004110000, 0x0000000011d00000]
 total_blobs=5956 nmethods=5452 adapters=415
 compilation: enabled

Compilation events (10 events):
Event: 13.704 Thread 0x0000000019b18800 6037   !   3       org.springframework.beans.factory.support.AbstractAutowireCapableBeanFactory::createBeanInstance (254 bytes)
Event: 13.707 Thread 0x0000000019b18800 nmethod 6037 0x00000000040fbad0 code [0x00000000040fbe80, 0x00000000040fe718]
Event: 13.710 Thread 0x0000000019b18800 6039       2       java.lang.Class$MethodArray::addIfNotPresent (47 bytes)
Event: 13.710 Thread 0x0000000019b18800 nmethod 6039 0x00000000040d3650 code [0x00000000040d37c0, 0x00000000040d3a18]
Event: 13.722 Thread 0x0000000019b18800 6040       2       org.aspectj.weaver.ResolvedType::parameterize (229 bytes)
Event: 13.724 Thread 0x0000000019b18800 nmethod 6040 0x00000000040ff850 code [0x00000000040ffa80, 0x0000000004100378]
Event: 13.756 Thread 0x0000000019b18800 6041       2       java.util.WeakHashMap::get (77 bytes)
Event: 13.756 Thread 0x0000000019b18800 nmethod 6041 0x00000000040d2f90 code [0x00000000040d3120, 0x00000000040d3428]
Event: 13.819 Thread 0x0000000019b18800 6042       1       com.fasterxml.jackson.databind.JavaType::getRawClass (5 bytes)
Event: 13.819 Thread 0x0000000019b18800 nmethod 6042 0x00000000040d2cd0 code [0x00000000040d2e20, 0x00000000040d2f30]

GC Heap History (10 events):
Event: 8.524 GC heap before
{Heap before GC invocations=13 (full 2):
 PSYoungGen      total 181248K, used 181173K [0x00000000d5f00000, 0x00000000e2180000, 0x0000000100000000)
  eden space 172544K, 100% used [0x00000000d5f00000,0x00000000e0780000,0x00000000e0780000)
  from space 8704K, 99% used [0x00000000e1900000,0x00000000e216d500,0x00000000e2180000)
  to   space 11776K, 0% used [0x00000000e0a80000,0x00000000e0a80000,0x00000000e1600000)
 ParOldGen       total 98304K, used 14514K [0x0000000081c00000, 0x0000000087c00000, 0x00000000d5f00000)
  object space 98304K, 14% used [0x0000000081c00000,0x0000000082a2ca58,0x0000000087c00000)
 Metaspace       used 45281K, capacity 48460K, committed 48640K, reserved 1091584K
  class space    used 6029K, capacity 6572K, committed 6656K, reserved 1048576K
Event: 8.538 GC heap after
Heap after GC invocations=13 (full 2):
 PSYoungGen      total 187392K, used 11768K [0x00000000d5f00000, 0x00000000e4780000, 0x0000000100000000)
  eden space 175616K, 0% used [0x00000000d5f00000,0x00000000d5f00000,0x00000000e0a80000)
  from space 11776K, 99% used [0x00000000e0a80000,0x00000000e15fe1c0,0x00000000e1600000)
  to   space 13312K, 0% used [0x00000000e3a80000,0x00000000e3a80000,0x00000000e4780000)
 ParOldGen       total 98304K, used 14712K [0x0000000081c00000, 0x0000000087c00000, 0x00000000d5f00000)
  object space 98304K, 14% used [0x0000000081c00000,0x0000000082a5e0c0,0x0000000087c00000)
 Metaspace       used 45281K, capacity 48460K, committed 48640K, reserved 1091584K
  class space    used 6029K, capacity 6572K, committed 6656K, reserved 1048576K
}
Event: 10.652 GC heap before
{Heap before GC invocations=14 (full 2):
 PSYoungGen      total 187392K, used 187384K [0x00000000d5f00000, 0x00000000e4780000, 0x0000000100000000)
  eden space 175616K, 100% used [0x00000000d5f00000,0x00000000e0a80000,0x00000000e0a80000)
  from space 11776K, 99% used [0x00000000e0a80000,0x00000000e15fe1c0,0x00000000e1600000)
  to   space 13312K, 0% used [0x00000000e3a80000,0x00000000e3a80000,0x00000000e4780000)
 ParOldGen       total 98304K, used 14712K [0x0000000081c00000, 0x0000000087c00000, 0x00000000d5f00000)
  object space 98304K, 14% used [0x0000000081c00000,0x0000000082a5e0c0,0x0000000087c00000)
 Metaspace       used 52405K, capacity 55862K, committed 56064K, reserved 1097728K
  class space    used 6956K, capacity 7567K, committed 7680K, reserved 1048576K
Event: 10.675 GC heap after
Heap after GC invocations=14 (full 2):
 PSYoungGen      total 222208K, used 13300K [0x00000000d5f00000, 0x00000000e4f00000, 0x0000000100000000)
  eden space 208896K, 0% used [0x00000000d5f00000,0x00000000d5f00000,0x00000000e2b00000)
  from space 13312K, 99% used [0x00000000e3a80000,0x00000000e477d3c0,0x00000000e4780000)
  to   space 15872K, 0% used [0x00000000e2b00000,0x00000000e2b00000,0x00000000e3a80000)
 ParOldGen       total 98304K, used 17395K [0x0000000081c00000, 0x0000000087c00000, 0x00000000d5f00000)
  object space 98304K, 17% used [0x0000000081c00000,0x0000000082cfcfc0,0x0000000087c00000)
 Metaspace       used 52405K, capacity 55862K, committed 56064K, reserved 1097728K
  class space    used 6956K, capacity 7567K, committed 7680K, reserved 1048576K
}
Event: 11.619 GC heap before
{Heap before GC invocations=15 (full 2):
 PSYoungGen      total 222208K, used 115685K [0x00000000d5f00000, 0x00000000e4f00000, 0x0000000100000000)
  eden space 208896K, 49% used [0x00000000d5f00000,0x00000000dc2fc418,0x00000000e2b00000)
  from space 13312K, 99% used [0x00000000e3a80000,0x00000000e477d3c0,0x00000000e4780000)
  to   space 15872K, 0% used [0x00000000e2b00000,0x00000000e2b00000,0x00000000e3a80000)
 ParOldGen       total 98304K, used 17395K [0x0000000081c00000, 0x0000000087c00000, 0x00000000d5f00000)
  object space 98304K, 17% used [0x0000000081c00000,0x0000000082cfcfc0,0x0000000087c00000)
 Metaspace       used 55417K, capacity 58954K, committed 59136K, reserved 1099776K
  class space    used 7298K, capacity 7919K, committed 7936K, reserved 1048576K
Event: 11.634 GC heap after
Heap after GC invocations=15 (full 2):
 PSYoungGen      total 224768K, used 13556K [0x00000000d5f00000, 0x00000000e7980000, 0x0000000100000000)
  eden space 208896K, 0% used [0x00000000d5f00000,0x00000000d5f00000,0x00000000e2b00000)
  from space 15872K, 85% used [0x00000000e2b00000,0x00000000e383d330,0x00000000e3a80000)
  to   space 16896K, 0% used [0x00000000e6900000,0x00000000e6900000,0x00000000e7980000)
 ParOldGen       total 98304K, used 17403K [0x0000000081c00000, 0x0000000087c00000, 0x00000000d5f00000)
  object space 98304K, 17% used [0x0000000081c00000,0x0000000082cfefc0,0x0000000087c00000)
 Metaspace       used 55417K, capacity 58954K, committed 59136K, reserved 1099776K
  class space    used 7298K, capacity 7919K, committed 7936K, reserved 1048576K
}
Event: 11.634 GC heap before
{Heap before GC invocations=16 (full 3):
 PSYoungGen      total 224768K, used 13556K [0x00000000d5f00000, 0x00000000e7980000, 0x0000000100000000)
  eden space 208896K, 0% used [0x00000000d5f00000,0x00000000d5f00000,0x00000000e2b00000)
  from space 15872K, 85% used [0x00000000e2b00000,0x00000000e383d330,0x00000000e3a80000)
  to   space 16896K, 0% used [0x00000000e6900000,0x00000000e6900000,0x00000000e7980000)
 ParOldGen       total 98304K, used 17403K [0x0000000081c00000, 0x0000000087c00000, 0x00000000d5f00000)
  object space 98304K, 17% used [0x0000000081c00000,0x0000000082cfefc0,0x0000000087c00000)
 Metaspace       used 55417K, capacity 58954K, committed 59136K, reserved 1099776K
  class space    used 7298K, capacity 7919K, committed 7936K, reserved 1048576K
Event: 11.795 GC heap after
Heap after GC invocations=16 (full 3):
 PSYoungGen      total 224768K, used 0K [0x00000000d5f00000, 0x00000000e7980000, 0x0000000100000000)
  eden space 208896K, 0% used [0x00000000d5f00000,0x00000000d5f00000,0x00000000e2b00000)
  from space 15872K, 0% used [0x00000000e2b00000,0x00000000e2b00000,0x00000000e3a80000)
  to   space 16896K, 0% used [0x00000000e6900000,0x00000000e6900000,0x00000000e7980000)
 ParOldGen       total 139776K, used 24123K [0x0000000081c00000, 0x000000008a480000, 0x00000000d5f00000)
  object space 139776K, 17% used [0x0000000081c00000,0x000000008338ece8,0x000000008a480000)
 Metaspace       used 55417K, capacity 58954K, committed 59136K, reserved 1099776K
  class space    used 7298K, capacity 7919K, committed 7936K, reserved 1048576K
}
Event: 13.249 GC heap before
{Heap before GC invocations=17 (full 3):
 PSYoungGen      total 224768K, used 208896K [0x00000000d5f00000, 0x00000000e7980000, 0x0000000100000000)
  eden space 208896K, 100% used [0x00000000d5f00000,0x00000000e2b00000,0x00000000e2b00000)
  from space 15872K, 0% used [0x00000000e2b00000,0x00000000e2b00000,0x00000000e3a80000)
  to   space 16896K, 0% used [0x00000000e6900000,0x00000000e6900000,0x00000000e7980000)
 ParOldGen       total 139776K, used 24123K [0x0000000081c00000, 0x000000008a480000, 0x00000000d5f00000)
  object space 139776K, 17% used [0x0000000081c00000,0x000000008338ece8,0x000000008a480000)
 Metaspace       used 58194K, capacity 61956K, committed 62080K, reserved 1103872K
  class space    used 7643K, capacity 8282K, committed 8320K, reserved 1048576K
Event: 13.262 GC heap after
Heap after GC invocations=17 (full 3):
 PSYoungGen      total 262144K, used 7073K [0x00000000d5f00000, 0x00000000e7400000, 0x0000000100000000)
  eden space 250880K, 0% used [0x00000000d5f00000,0x00000000d5f00000,0x00000000e5400000)
  from space 11264K, 62% used [0x00000000e6900000,0x00000000e6fe8598,0x00000000e7400000)
  to   space 16384K, 0% used [0x00000000e5400000,0x00000000e5400000,0x00000000e6400000)
 ParOldGen       total 139776K, used 24131K [0x0000000081c00000, 0x000000008a480000, 0x00000000d5f00000)
  object space 139776K, 17% used [0x0000000081c00000,0x0000000083390ce8,0x000000008a480000)
 Metaspace       used 58194K, capacity 61956K, committed 62080K, reserved 1103872K
  class space    used 7643K, capacity 8282K, committed 8320K, reserved 1048576K
}

Deoptimization events (10 events):
Event: 12.307 Thread 0x0000000002a0b000 Uncommon trap: reason=bimorphic action=maybe_recompile pc=0x0000000002eb8668 method=org.springframework.core.annotation.TypeMappedAnnotation.getValue(IZZ)Ljava/lang/Object; @ 121
Event: 12.774 Thread 0x0000000002a0b000 Uncommon trap: reason=unstable_if action=reinterpret pc=0x0000000003255ff4 method=java.util.concurrent.ConcurrentHashMap.transfer([Ljava/util/concurrent/ConcurrentHashMap$Node;[Ljava/util/concurrent/ConcurrentHashMap$Node;)V @ 356
Event: 12.787 Thread 0x0000000002a0b000 Uncommon trap: reason=unstable_if action=reinterpret pc=0x0000000002e432c4 method=org.springframework.core.ResolvableType.resolveType()Lorg/springframework/core/ResolvableType; @ 37
Event: 12.897 Thread 0x0000000002a0b000 Uncommon trap: reason=unstable_if action=reinterpret pc=0x0000000002fbc03c method=org.springframework.util.AntPathMatcher.skipSegment(Ljava/lang/String;ILjava/lang/String;)I @ 60
Event: 12.926 Thread 0x0000000002a0b000 Uncommon trap: reason=unstable_if action=reinterpret pc=0x0000000003cc7c74 method=sun.reflect.generics.parser.SignatureParser.parseClassTypeSignatureSuffix(Ljava/util/List;)V @ 6
Event: 13.305 Thread 0x0000000002a0b000 Uncommon trap: reason=unstable_if action=reinterpret pc=0x000000000344912c method=java.lang.Class$MethodArray.removeLessSpecifics()V @ 78
Event: 13.305 Thread 0x0000000002a0b000 Uncommon trap: reason=unstable_if action=reinterpret pc=0x000000000361367c method=java.lang.Class$MethodArray.removeLessSpecifics()V @ 78
Event: 13.368 Thread 0x0000000002a0b000 Uncommon trap: reason=unstable_if action=reinterpret pc=0x0000000002fed7c0 method=org.aspectj.weaver.World.resolve(Lorg/aspectj/weaver/UnresolvedType;Z)Lorg/aspectj/weaver/ResolvedType; @ 253
Event: 13.710 Thread 0x0000000002a0b000 Uncommon trap: reason=unstable_if action=reinterpret pc=0x0000000003a9eea4 method=java.lang.Class$MethodArray.addIfNotPresent(Ljava/lang/reflect/Method;)V @ 19
Event: 13.713 Thread 0x0000000002a0b000 Uncommon trap: reason=unstable_if action=reinterpret pc=0x0000000003c2643c method=java.util.WeakHashMap.get(Ljava/lang/Object;)Ljava/lang/Object; @ 56

Classes redefined (0 events):
No events

Internal exceptions (10 events):
Event: 13.735 Thread 0x0000000002a0b000 Exception <a 'java/lang/ClassNotFoundException': org/springframework/http/converter/AbstractHttpMessageConverterCustomizer> (0x00000000db18d3e8) thrown at [C:\ade\jenkins\workspace\8-2-build-windows-amd64-cygwin\jdk8u241\331\hotspot\src\share\vm\classfile
Event: 13.736 Thread 0x0000000002a0b000 Exception <a 'java/lang/ClassNotFoundException': org/springframework/http/converter/AbstractGenericHttpMessageConverterCustomizer> (0x00000000db1f0430) thrown at [C:\ade\jenkins\workspace\8-2-build-windows-amd64-cygwin\jdk8u241\331\hotspot\src\share\vm\cl
Event: 13.737 Thread 0x0000000002a0b000 Exception <a 'java/lang/ClassNotFoundException': org/springframework/http/converter/json/AbstractJackson2HttpMessageConverterCustomizer> (0x00000000db252e30) thrown at [C:\ade\jenkins\workspace\8-2-build-windows-amd64-cygwin\jdk8u241\331\hotspot\src\share
Event: 13.738 Thread 0x0000000002a0b000 Exception <a 'java/lang/ClassNotFoundException': org/springframework/http/converter/json/MappingJackson2HttpMessageConverterCustomizer> (0x00000000db2beb70) thrown at [C:\ade\jenkins\workspace\8-2-build-windows-amd64-cygwin\jdk8u241\331\hotspot\src\share\
Event: 13.739 Thread 0x0000000002a0b000 Exception <a 'java/lang/ClassNotFoundException': org/springframework/http/converter/GenericHttpMessageConverterCustomizer> (0x00000000db31c4f0) thrown at [C:\ade\jenkins\workspace\8-2-build-windows-amd64-cygwin\jdk8u241\331\hotspot\src\share\vm\classfile\
Event: 13.740 Thread 0x0000000002a0b000 Exception <a 'java/lang/ClassNotFoundException': org/springframework/http/converter/HttpMessageConverterCustomizer> (0x00000000db36af20) thrown at [C:\ade\jenkins\workspace\8-2-build-windows-amd64-cygwin\jdk8u241\331\hotspot\src\share\vm\classfile\systemD
Event: 13.740 Thread 0x0000000002a0b000 Exception <a 'java/lang/ClassNotFoundException': org/springframework/http/converter/HttpMessageConverterCustomizer> (0x00000000db3bbe58) thrown at [C:\ade\jenkins\workspace\8-2-build-windows-amd64-cygwin\jdk8u241\331\hotspot\src\share\vm\classfile\systemD
Event: 13.754 Thread 0x0000000002a0b000 Exception <a 'java/lang/ClassNotFoundException': java/lang/ObjectCustomizer> (0x00000000db5b3ca0) thrown at [C:\ade\jenkins\workspace\8-2-build-windows-amd64-cygwin\jdk8u241\331\hotspot\src\share\vm\classfile\systemDictionary.cpp, line 210]
Event: 13.755 Thread 0x0000000002a0b000 Exception <a 'java/lang/ClassNotFoundException': org/springframework/boot/autoconfigure/http/HttpMessageConvertersCustomizer> (0x00000000db60d388) thrown at [C:\ade\jenkins\workspace\8-2-build-windows-amd64-cygwin\jdk8u241\331\hotspot\src\share\vm\classfi
Event: 13.756 Thread 0x0000000002a0b000 Exception <a 'java/lang/ClassNotFoundException': java/lang/IterableCustomizer> (0x00000000db62b688) thrown at [C:\ade\jenkins\workspace\8-2-build-windows-amd64-cygwin\jdk8u241\331\hotspot\src\share\vm\classfile\systemDictionary.cpp, line 210]

Events (10 events):
Event: 13.820 loading class com/fasterxml/jackson/databind/KeyDeserializer$None
Event: 13.820 loading class com/fasterxml/jackson/databind/KeyDeserializer$None done
Event: 13.821 loading class com/jayway/jsonpath/spi/mapper/JacksonMappingProvider
Event: 13.821 loading class com/jayway/jsonpath/spi/mapper/JacksonMappingProvider done
Event: 13.821 loading class com/jayway/jsonpath/spi/mapper/MappingException
Event: 13.821 loading class com/jayway/jsonpath/spi/mapper/MappingException done
Event: 13.821 loading class com/jayway/jsonpath/Configuration
Event: 13.821 loading class com/jayway/jsonpath/Configuration done
Event: 13.822 loading class com/jayway/jsonpath/Configuration$Defaults
Event: 13.822 loading class com/jayway/jsonpath/Configuration$Defaults done


Dynamic libraries:
0x00007ff695cb0000 - 0x00007ff695ce7000 	C:\jdk-8u241-windows-x64\bin\java.exe
0x00007ffbf3950000 - 0x00007ffbf3b45000 	C:\WINDOWS\SYSTEM32\ntdll.dll
0x00007ffbf2310000 - 0x00007ffbf23ce000 	C:\WINDOWS\System32\KERNEL32.DLL
0x00007ffbf16e0000 - 0x00007ffbf19a8000 	C:\WINDOWS\System32\KERNELBASE.dll
0x00007ffbf1e50000 - 0x00007ffbf1efe000 	C:\WINDOWS\System32\ADVAPI32.dll
0x00007ffbf2270000 - 0x00007ffbf230e000 	C:\WINDOWS\System32\msvcrt.dll
0x00007ffbf3870000 - 0x00007ffbf390c000 	C:\WINDOWS\System32\sechost.dll
0x00007ffbf2d80000 - 0x00007ffbf2ea5000 	C:\WINDOWS\System32\RPCRT4.dll
0x00007ffbf2a50000 - 0x00007ffbf2bf0000 	C:\WINDOWS\System32\USER32.dll
0x00007ffbf15b0000 - 0x00007ffbf15d2000 	C:\WINDOWS\System32\win32u.dll
0x00007ffbf1e20000 - 0x00007ffbf1e4a000 	C:\WINDOWS\System32\GDI32.dll
0x00007ffbf1070000 - 0x00007ffbf117b000 	C:\WINDOWS\System32\gdi32full.dll
0x00007ffbf1510000 - 0x00007ffbf15ad000 	C:\WINDOWS\System32\msvcp_win.dll
0x00007ffbf15e0000 - 0x00007ffbf16e0000 	C:\WINDOWS\System32\ucrtbase.dll
0x00007ffbdce60000 - 0x00007ffbdd0fa000 	C:\WINDOWS\WinSxS\amd64_microsoft.windows.common-controls_6595b64144ccf1df_6.0.19041.1110_none_60b5254171f9507e\COMCTL32.dll
0x00007ffbf2960000 - 0x00007ffbf2990000 	C:\WINDOWS\System32\IMM32.DLL
0x0000000065670000 - 0x0000000065742000 	C:\jdk-8u241-windows-x64\jre\bin\msvcr100.dll
0x0000000065830000 - 0x00000000660dc000 	C:\jdk-8u241-windows-x64\jre\bin\server\jvm.dll
0x00007ffbf2500000 - 0x00007ffbf2508000 	C:\WINDOWS\System32\PSAPI.DLL
0x00007ffbde740000 - 0x00007ffbde767000 	C:\WINDOWS\SYSTEM32\WINMM.dll
0x00007ffbd88f0000 - 0x00007ffbd88f9000 	C:\WINDOWS\SYSTEM32\WSOCK32.dll
0x00007ffbe5590000 - 0x00007ffbe559a000 	C:\WINDOWS\SYSTEM32\VERSION.dll
0x00007ffbf3800000 - 0x00007ffbf386b000 	C:\WINDOWS\System32\WS2_32.dll
0x00007ffbdc0f0000 - 0x00007ffbdc0ff000 	C:\jdk-8u241-windows-x64\jre\bin\verify.dll
0x00007ffbd2b00000 - 0x00007ffbd2b29000 	C:\jdk-8u241-windows-x64\jre\bin\java.dll
0x00007ffbea550000 - 0x00007ffbea573000 	C:\jdk-8u241-windows-x64\jre\bin\instrument.dll
0x00007ffbd2ae0000 - 0x00007ffbd2af6000 	C:\jdk-8u241-windows-x64\jre\bin\zip.dll
0x00007ffbf2f30000 - 0x00007ffbf3674000 	C:\WINDOWS\System32\SHELL32.dll
0x00007ffbef030000 - 0x00007ffbef7c4000 	C:\WINDOWS\SYSTEM32\windows.storage.dll
0x00007ffbf25f0000 - 0x00007ffbf2944000 	C:\WINDOWS\System32\combase.dll
0x00007ffbf0990000 - 0x00007ffbf09bc000 	C:\WINDOWS\SYSTEM32\Wldp.dll
0x00007ffbf3750000 - 0x00007ffbf37fd000 	C:\WINDOWS\System32\SHCORE.dll
0x00007ffbf2990000 - 0x00007ffbf29e5000 	C:\WINDOWS\System32\shlwapi.dll
0x00007ffbf0fb0000 - 0x00007ffbf0fcf000 	C:\WINDOWS\SYSTEM32\profapi.dll
0x00007ffbea530000 - 0x00007ffbea54a000 	D:\IntelliJ IDEA 2020.3.3\bin\breakgen64.dll
0x00007ffbcc040000 - 0x00007ffbcc05a000 	C:\jdk-8u241-windows-x64\jre\bin\net.dll
0x00007ffbf0770000 - 0x00007ffbf07da000 	C:\WINDOWS\system32\mswsock.dll
0x00007ffbcd010000 - 0x00007ffbcd01d000 	C:\jdk-8u241-windows-x64\jre\bin\management.dll
0x00007ffbd5b00000 - 0x00007ffbd5b17000 	C:\WINDOWS\system32\napinsp.dll
0x00007ffbd5a60000 - 0x00007ffbd5a7b000 	C:\WINDOWS\system32\pnrpnsp.dll
0x00007ffbeafa0000 - 0x00007ffbeafb5000 	C:\WINDOWS\system32\wshbth.dll
0x00007ffbebb90000 - 0x00007ffbebbad000 	C:\WINDOWS\system32\NLAapi.dll
0x00007ffbf0420000 - 0x00007ffbf045b000 	C:\WINDOWS\SYSTEM32\IPHLPAPI.DLL
0x00007ffbf0460000 - 0x00007ffbf052b000 	C:\WINDOWS\SYSTEM32\DNSAPI.dll
0x00007ffbf2950000 - 0x00007ffbf2958000 	C:\WINDOWS\System32\NSI.dll
0x00007ffbd0990000 - 0x00007ffbd09a2000 	C:\WINDOWS\System32\winrnr.dll
0x00007ffbe43e0000 - 0x00007ffbe43ea000 	C:\Windows\System32\rasadhlp.dll
0x00007ffbe5340000 - 0x00007ffbe53bf000 	C:\WINDOWS\System32\fwpuclnt.dll
0x00007ffbf1380000 - 0x00007ffbf13a7000 	C:\WINDOWS\System32\bcrypt.dll
0x00007ffbcc020000 - 0x00007ffbcc032000 	C:\jdk-8u241-windows-x64\jre\bin\nio.dll
0x00007ffbf09d0000 - 0x00007ffbf09e8000 	C:\WINDOWS\SYSTEM32\CRYPTSP.dll
0x00007ffbf00b0000 - 0x00007ffbf00e4000 	C:\WINDOWS\system32\rsaenh.dll
0x00007ffbf0f70000 - 0x00007ffbf0f9e000 	C:\WINDOWS\SYSTEM32\USERENV.dll
0x00007ffbf12f0000 - 0x00007ffbf1372000 	C:\WINDOWS\System32\bcryptprimitives.dll
0x00007ffbf0900000 - 0x00007ffbf090c000 	C:\WINDOWS\SYSTEM32\CRYPTBASE.dll
0x00007ffbe6790000 - 0x00007ffbe67a7000 	C:\WINDOWS\SYSTEM32\dhcpcsvc6.DLL
0x00007ffbe6770000 - 0x00007ffbe678d000 	C:\WINDOWS\SYSTEM32\dhcpcsvc.DLL

VM Arguments:
jvm_args: -ea -Didea.test.cyclic.buffer.size=1048576 -javaagent:D:\IntelliJ IDEA 2020.3.3\lib\idea_rt.jar=55670:D:\IntelliJ IDEA 2020.3.3\bin -Dfile.encoding=UTF-8 
java_command: com.intellij.rt.junit.JUnitStarter -ideVersion5 -junit5 top.kaluna.pipelineMonitor.txtConfig.CustomTxtTest,testAvgService
java_class_path (initial): D:\IntelliJ IDEA 2020.3.3\lib\idea_rt.jar;C:\Users\86158\.m2\repository\org\junit\platform\junit-platform-launcher\1.8.1\junit-platform-launcher-1.8.1.jar;C:\Users\86158\.m2\repository\org\junit\platform\junit-platform-engine\1.8.1\junit-platform-engine-1.8.1.jar;C:\Users\86158\.m2\repository\org\opentest4j\opentest4j\1.2.0\opentest4j-1.2.0.jar;C:\Users\86158\.m2\repository\org\junit\platform\junit-platform-commons\1.8.1\junit-platform-commons-1.8.1.jar;C:\Users\86158\.m2\repository\org\apiguardian\apiguardian-api\1.1.2\apiguardian-api-1.1.2.jar;C:\Users\86158\.m2\repository\org\junit\vintage\junit-vintage-engine\5.8.1\junit-vintage-engine-5.8.1.jar;D:\IntelliJ IDEA 2020.3.3\plugins\junit\lib\junit5-rt.jar;D:\IntelliJ IDEA 2020.3.3\plugins\junit\lib\junit-rt.jar;C:\jdk-8u241-windows-x64\jre\lib\charsets.jar;C:\jdk-8u241-windows-x64\jre\lib\deploy.jar;C:\jdk-8u241-windows-x64\jre\lib\ext\access-bridge-64.jar;C:\jdk-8u241-windows-x64\jre\lib\ext\cldrdata.jar;C:\jdk-8u241-windows-x64\jre\lib\ext\dnsns.jar;C:\jdk-8u241-windows-x64\jre\lib\ext\jaccess.jar;C:\jdk-8u241-windows-x64\jre\lib\ext\jfxrt.jar;C:\jdk-8u241-windows-x64\jre\lib\ext\localedata.jar;C:\jdk-8u241-windows-x64\jre\lib\ext\nashorn.jar;C:\jdk-8u241-windows-x64\jre\lib\ext\sunec.jar;C:\jdk-8u241-windows-x64\jre\lib\ext\sunjce_provider.jar;C:\jdk-8u241-windows-x64\jre\lib\ext\sunmscapi.jar;C:\jdk-8u241-windows-x64\jre\lib\ext\sunpkcs11.jar;C:\jdk-8u241-windows-x64\jre\lib\ext\zipfs.jar;C:\jdk-8u241-windows-x64\jre\lib\javaws.jar;C:\jdk-8u241-windows-x64\jre\lib\jce.jar;C:\jdk-8u241-windows-x64\jre\lib\jfr.jar;C:\jdk-8u241-windows-x64\jre\lib\jfxswt.jar;C:\jdk-8u241-windows-x64\jre\lib\jsse.jar;C:\jdk-8u241-windows-x64\jre\lib\management-agent.jar;C:\jdk-8u241-windows-x64\jre\lib\plugin.jar;C:\jdk-8u241-windows-x64\jre\lib\resources.jar;C:\jdk-8u241-windows-x64\jre\lib\rt.jar;X:\ideaworkspace\pipelineMonitor\target\test-classes;X:\ideaworkspace\pipelineMonitor\target\classes;D:\pa
Launcher Type: SUN_STANDARD

Environment Variables:
JAVA_HOME=C:\jdk-8u241-windows-x64
PATH=F:\anaconda3;C:\ProgramData\Oracle\Java\javapath;C:\Program Files (x86)\Common Files\Oracle\Java\javapath\;C:\Program Files (x86)\Intel\Intel(R) Management Engine Components\iCLS\;C:\Program Files\Intel\Intel(R) Management Engine Components\iCLS\;C:\Program Files\erl7.1\bin;C:\Windows\system32;C:\Windows;C:\Windows\System32\Wbem;C:\Windows\System32\WindowsPowerShell\v1.0\;C:\Windows\System32\OpenSSH\;C:\Program Files (x86)\Intel\Intel(R) Management Engine Components\DAL;C:\jdk-8u241-windows-x64\jre\bin;C:\Program Files\Intel\Intel(R) Management Engine Components\DAL;C:\Program Files (x86)\Intel\Intel(R) Management Engine Components\IPT;C:\Program Files\Intel\Intel(R) Management Engine Components\IPT;C:\jdk-8u241-windows-x64\bin;C:\Program Files (x86)\NVIDIA Corporation\PhysX\Common;C:\WINDOWS\system32;C:\WINDOWS;C:\WINDOWS\System32\Wbem;C:\WINDOWS\System32\WindowsPowerShell\v1.0\;C:\WINDOWS\System32\OpenSSH\;D:\Program Files\Git\cmd;C:\Users\86158\.dnx\bin;C:\Program Files\Microsoft DNX\Dn;C:\WINDOWS\system32;C:\WINDOWS;C:\WINDOWS\System32\Wbem;C:\WINDOWS\System32\WindowsPowerShell\v1.0\;C:\WINDOWS\System32\OpenSSH\;D:\apache-maven-3.5.0\bin;F:\cygwin\bin;F:\anaconda3\pkgs\graphviz-2.38-hfd603c8_2\Library\bin;F:\Graphviz 2.44.1\bin;C:\Program Files\Pandoc\;G:\matlab\runtime\win64;G:\matlab\bin;G:\matlab\polyspace\bin;F:\anaconda3\Scripts;F:\anaconda3\Library\bin;D:\apache-maven-3.5.0\\bin;E:\MySQLServer5.7\Install\bin;F:\node-v14.16.0-x64\node_global;F:\node-v14.16.0-x64;F:\node-v12.22.1-win-x64\;F:\gradle-4.6-bin\gradle-4.6\bin;D:\Git\cmd;F:\cygwin\usr\x86_64-w64-mingw32\sys-root\mingw\bin;X:\matlabRuntime\v912\runtime\win64;;C:\Program Files\Docker\Docker\resources\bin;C:\ProgramData\DockerDesktop\version-bin;C:\Users\86158\AppData\Local\Microsoft\WindowsApps;D:\Program Files\Markdown Monster;C:\Users\86158\AppData\Local\Microsoft\WindowsApps;C:\Users\86158\.dotnet\tools;C:\Users\86158\AppData\Roaming\npm;F:\Microsoft VS Code\bin;X:\MiKTeX\miktex\bin\x64\
USERNAME=86158
OS=Windows_NT
PROCESSOR_IDENTIFIER=Intel64 Family 6 Model 142 Stepping 10, GenuineIntel



---------------  S Y S T E M  ---------------

OS: Windows 10.0 , 64 bit Build 19041 (10.0.19041.1645)

CPU:total 8 (initial active 8) (4 cores per cpu, 2 threads per core) family 6 model 142 stepping 10, cmov, cx8, fxsr, mmx, sse, sse2, sse3, ssse3, sse4.1, sse4.2, popcnt, avx, avx2, aes, clmul, erms, 3dnowpref, lzcnt, ht, tsc, tscinvbit, bmi1, bmi2, adx

Memory: 4k page, physical 8268520k(425304k free), swap 16090076k(5444k free)

vm_info: Java HotSpot(TM) 64-Bit Server VM (25.241-b07) for windows-amd64 JRE (1.8.0_241-b07), built on Dec 11 2019 10:21:40 by "rejava" with MS VC++ 10.0 (VS2010)

time: Sun May 29 10:51:37 2022
timezone: 中国标准时间
elapsed time: 13 seconds (0d 0h 0m 13s)

