#
# There is insufficient memory for the Java Runtime Environment to continue.
# Native memory allocation (mmap) failed to map 134217728 bytes for Failed to commit area from 0x0000000081c00000 to 0x0000000089c00000 of length 134217728.
# Possible reasons:
#   The system is out of physical RAM or swap space
#   The process is running with CompressedOops enabled, and the Java Heap may be blocking the growth of the native heap
# Possible solutions:
#   Reduce memory load on the system
#   Increase physical memory or swap space
#   Check if swap backing store is full
#   Decrease Java heap size (-Xmx/-Xms)
#   Decrease number of Java threads
#   Decrease Java thread stack sizes (-Xss)
#   Set larger code cache with -XX:ReservedCodeCacheSize=
# This output file may be truncated or incomplete.
#
#  Out of Memory Error (./src/hotspot/os/windows/os_windows.cpp:3301), pid=16800, tid=10188
#
# JRE version:  (11.0.10+8) (build )
# Java VM: OpenJDK 64-Bit Server VM (11.0.10+8-b1145.96, mixed mode, sharing, tiered, compressed oops, g1 gc, windows-amd64)
# No core dump will be written. Minidumps are not enabled by default on client versions of Windows
#

---------------  S U M M A R Y ------------

Command Line: org.jetbrains.git4idea.http.GitAskPassApp Username for 'https://github.com': 

Host: Intel(R) Core(TM) i5-8250U CPU @ 1.60GHz, 8 cores, 7G,  Windows 10 , 64 bit Build 19041 (10.0.19041.1806)
Time: Sun Aug  7 22:14:44 2022 中国标准时间 elapsed time: 0.014149 seconds (0d 0h 0m 0s)

---------------  T H R E A D  ---------------

Current thread (0x000002465302d800):  JavaThread "Unknown thread" [_thread_in_vm, id=10188, stack(0x00000099d5300000,0x00000099d5400000)]

Stack: [0x00000099d5300000,0x00000099d5400000]
Native frames: (J=compiled Java code, j=interpreted, Vv=VM code, C=native code)
V  [jvm.dll+0x5ece6a]
V  [jvm.dll+0x722cd5]
V  [jvm.dll+0x72422d]
V  [jvm.dll+0x7248e3]
V  [jvm.dll+0x2428d8]
V  [jvm.dll+0x5ea244]
V  [jvm.dll+0x5df2e5]
V  [jvm.dll+0x2fdddb]
V  [jvm.dll+0x2fdd4a]
V  [jvm.dll+0x2fdc22]
V  [jvm.dll+0x302b06]
V  [jvm.dll+0x34b033]
V  [jvm.dll+0x34b736]
V  [jvm.dll+0x34b133]
V  [jvm.dll+0x2d87d8]
V  [jvm.dll+0x2d9987]
V  [jvm.dll+0x701817]
V  [jvm.dll+0x70300c]
V  [jvm.dll+0x3585a9]
V  [jvm.dll+0x6e516e]
V  [jvm.dll+0x3c09e3]
V  [jvm.dll+0x3c2c71]
C  [jli.dll+0x5373]
C  [ucrtbase.dll+0x21bb2]
C  [KERNEL32.DLL+0x17034]
C  [ntdll.dll+0x52651]


---------------  P R O C E S S  ---------------

Threads class SMR info:
_java_thread_list=0x0000024650f630b0, length=0, elements={
}

Java Threads: ( => current thread )

Other Threads:
  0x0000024653045000 GCTaskThread "GC Thread#0" [stack: 0x00000099d5400000,0x00000099d5500000] [id=8836]
  0x000002465307a800 ConcurrentGCThread "G1 Main Marker" [stack: 0x00000099d5500000,0x00000099d5600000] [id=16928]
  0x000002465307b800 ConcurrentGCThread "G1 Conc#0" [stack: 0x00000099d5600000,0x00000099d5700000] [id=12420]

[error occurred during error reporting (printing all threads), id 0xc0000005, EXCEPTION_ACCESS_VIOLATION (0xc0000005) at pc=0x00007ff82dbf8db7]

VM state:not at safepoint (not fully initialized)

VM Mutex/Monitor currently owned by a thread:  ([mutex/lock_event])
[0x000002465302a6e0] Heap_lock - owner thread: 0x000002465302d800

Heap address: 0x0000000081c00000, size: 2020 MB, Compressed Oops mode: Non-zero based: 0x0000000081c00000
Narrow klass base: 0x0000000000000000, Narrow klass shift: 0

GC Heap History (0 events):
No events

Deoptimization events (0 events):
No events

Classes redefined (0 events):
No events

Internal exceptions (0 events):
No events

Events (1 events):
Event: 0.009 Loaded shared library D:\IntelliJ IDEA 2020.3.3\jbr\bin\zip.dll


Dynamic libraries:
0x00007ff78ec80000 - 0x00007ff78ec8a000 	D:\IntelliJ IDEA 2020.3.3\jbr\bin\java.exe
0x00007ff884a10000 - 0x00007ff884c08000 	C:\WINDOWS\SYSTEM32\ntdll.dll
0x00007ff882ba0000 - 0x00007ff882c5d000 	C:\WINDOWS\System32\KERNEL32.DLL
0x00007ff882490000 - 0x00007ff88275e000 	C:\WINDOWS\System32\KERNELBASE.dll
0x00007ff882130000 - 0x00007ff882230000 	C:\WINDOWS\System32\ucrtbase.dll
0x00007ff870f60000 - 0x00007ff870f79000 	D:\IntelliJ IDEA 2020.3.3\jbr\bin\jli.dll
0x00007ff8620e0000 - 0x00007ff8620f7000 	D:\IntelliJ IDEA 2020.3.3\jbr\bin\VCRUNTIME140.dll
0x00007ff883b20000 - 0x00007ff883cc0000 	C:\WINDOWS\System32\USER32.dll
0x00007ff882a40000 - 0x00007ff882a62000 	C:\WINDOWS\System32\win32u.dll
0x00007ff883af0000 - 0x00007ff883b1a000 	C:\WINDOWS\System32\GDI32.dll
0x00007ff86a0a0000 - 0x00007ff86a33a000 	C:\WINDOWS\WinSxS\amd64_microsoft.windows.common-controls_6595b64144ccf1df_6.0.19041.1110_none_60b5254171f9507e\COMCTL32.dll
0x00007ff882280000 - 0x00007ff88238b000 	C:\WINDOWS\System32\gdi32full.dll
0x00007ff882b00000 - 0x00007ff882b9e000 	C:\WINDOWS\System32\msvcrt.dll
0x00007ff8828c0000 - 0x00007ff88295d000 	C:\WINDOWS\System32\msvcp_win.dll
0x00007ff882ad0000 - 0x00007ff882b00000 	C:\WINDOWS\System32\IMM32.DLL
0x00007ff851bd0000 - 0x00007ff851c6d000 	D:\IntelliJ IDEA 2020.3.3\jbr\bin\msvcp140.dll
0x00007ff82d910000 - 0x00007ff82e3e0000 	D:\IntelliJ IDEA 2020.3.3\jbr\bin\server\jvm.dll
0x00007ff8839e0000 - 0x00007ff883a8e000 	C:\WINDOWS\System32\ADVAPI32.dll
0x00007ff883470000 - 0x00007ff88350c000 	C:\WINDOWS\System32\sechost.dll
0x00007ff883cd0000 - 0x00007ff883df5000 	C:\WINDOWS\System32\RPCRT4.dll
0x00007ff883cc0000 - 0x00007ff883cc8000 	C:\WINDOWS\System32\PSAPI.DLL
0x00007ff86b760000 - 0x00007ff86b769000 	C:\WINDOWS\SYSTEM32\WSOCK32.dll
0x00007ff86b3b0000 - 0x00007ff86b3d7000 	C:\WINDOWS\SYSTEM32\WINMM.dll
0x00007ff872ff0000 - 0x00007ff872ffa000 	C:\WINDOWS\SYSTEM32\VERSION.dll
0x00007ff883400000 - 0x00007ff88346b000 	C:\WINDOWS\System32\WS2_32.dll
0x00007ff8809d0000 - 0x00007ff8809e2000 	C:\WINDOWS\SYSTEM32\kernel.appcore.dll
0x00007ff8728d0000 - 0x00007ff8728e1000 	D:\IntelliJ IDEA 2020.3.3\jbr\bin\verify.dll
0x00007ff87fee0000 - 0x00007ff8800c4000 	C:\WINDOWS\SYSTEM32\DBGHELP.DLL
0x00007ff872c60000 - 0x00007ff872c8c000 	C:\WINDOWS\SYSTEM32\dbgcore.DLL
0x00007ff882400000 - 0x00007ff882482000 	C:\WINDOWS\System32\bcryptPrimitives.dll
0x00007ff86b1a0000 - 0x00007ff86b1c9000 	D:\IntelliJ IDEA 2020.3.3\jbr\bin\java.dll
0x00007ff87b610000 - 0x00007ff87b61b000 	D:\IntelliJ IDEA 2020.3.3\jbr\bin\jimage.dll
0x00007ff86b180000 - 0x00007ff86b198000 	D:\IntelliJ IDEA 2020.3.3\jbr\bin\zip.dll

dbghelp: loaded successfully - version: 4.0.5 - missing functions: none
symbol engine: initialized successfully - sym options: 0x614 - pdb path: .;D:\IntelliJ IDEA 2020.3.3\jbr\bin;C:\WINDOWS\SYSTEM32;C:\WINDOWS\WinSxS\amd64_microsoft.windows.common-controls_6595b64144ccf1df_6.0.19041.1110_none_60b5254171f9507e;D:\IntelliJ IDEA 2020.3.3\jbr\bin\server

VM Arguments:
java_command: org.jetbrains.git4idea.http.GitAskPassApp Username for 'https://github.com': 
java_class_path (initial): D:/IntelliJ IDEA 2020.3.3/plugins/git4idea/lib/git4idea-rt.jar;D:/IntelliJ IDEA 2020.3.3/lib/xmlrpc-2.0.1.jar;D:/IntelliJ IDEA 2020.3.3/lib/commons-codec-1.14.jar
Launcher Type: SUN_STANDARD

[Global flags]
     intx CICompilerCount                          = 4                                         {product} {ergonomic}
     uint ConcGCThreads                            = 2                                         {product} {ergonomic}
     uint G1ConcRefinementThreads                  = 8                                         {product} {ergonomic}
   size_t G1HeapRegionSize                         = 1048576                                   {product} {ergonomic}
    uintx GCDrainStackTargetSize                   = 64                                        {product} {ergonomic}
   size_t InitialHeapSize                          = 134217728                                 {product} {ergonomic}
   size_t MarkStackSize                            = 4194304                                   {product} {ergonomic}
   size_t MaxHeapSize                              = 2118123520                                {product} {ergonomic}
   size_t MinHeapDeltaBytes                        = 1048576                                   {product} {ergonomic}
    uintx NonNMethodCodeHeapSize                   = 5836300                                {pd product} {ergonomic}
    uintx NonProfiledCodeHeapSize                  = 122910970                              {pd product} {ergonomic}
    uintx ProfiledCodeHeapSize                     = 122910970                              {pd product} {ergonomic}
    uintx ReservedCodeCacheSize                    = 251658240                              {pd product} {ergonomic}
     bool SegmentedCodeCache                       = true                                      {product} {ergonomic}
     bool UseCompressedClassPointers               = true                                 {lp64_product} {ergonomic}
     bool UseCompressedOops                        = true                                 {lp64_product} {ergonomic}
     bool UseG1GC                                  = true                                      {product} {ergonomic}
     bool UseLargePagesIndividualAllocation        = false                                  {pd product} {ergonomic}

Logging:
Log output configuration:
 #0: stdout all=warning uptime,level,tags
 #1: stderr all=off uptime,level,tags

Environment Variables:
JAVA_HOME=C:\jdk-8u241-windows-x64
PATH=D:\Git\mingw64\libexec\git-core;D:\Git\mingw64\libexec\git-core;D:\Git\mingw64\bin;D:\Git\usr\bin;C:\Users\86158\bin;F:\anaconda3;C:\ProgramData\Oracle\Java\javapath;C:\Program Files (x86)\Common Files\Oracle\Java\javapath;C:\Program Files (x86)\Intel\Intel(R) Management Engine Components\iCLS;C:\Program Files\Intel\Intel(R) Management Engine Components\iCLS;C:\Program Files\erl7.1\bin;C:\Windows\system32;C:\Windows;C:\Windows\System32\Wbem;C:\Windows\System32\WindowsPowerShell\v1.0;C:\Windows\System32\OpenSSH;C:\Program Files (x86)\Intel\Intel(R) Management Engine Components\DAL;C:\jdk-8u241-windows-x64\jre\bin;C:\Program Files\Intel\Intel(R) Management Engine Components\DAL;C:\Program Files (x86)\Intel\Intel(R) Management Engine Components\IPT;C:\Program Files\Intel\Intel(R) Management Engine Components\IPT;C:\jdk-8u241-windows-x64\bin;C:\Program Files (x86)\NVIDIA Corporation\PhysX\Common;C:\WINDOWS\system32;C:\WINDOWS;C:\WINDOWS\System32\Wbem;C:\WINDOWS\System32\WindowsPowerShell\v1.0;C:\WINDOWS\System32\OpenSSH;D:\Program Files\Git\cmd;C:\Users\86158\.dnx\bin;C:\Program Files\Microsoft DNX\Dn;C:\WINDOWS\system32;C:\WINDOWS;C:\WINDOWS\System32\Wbem;C:\WINDOWS\System32\WindowsPowerShell\v1.0;C:\WINDOWS\System32\OpenSSH;D:\apache-maven-3.5.0\bin;F:\cygwin\bin;F:\anaconda3\pkgs\graphviz-2.38-hfd603c8_2\Library\bin;F:\Graphviz 2.44.1\bin;C:\Program Files\Pandoc;G:\matlab\runtime\win64;G:\matlab\bin;G:\matlab\polyspace\bin;F:\anaconda3\Scripts;F:\anaconda3\Library\bin;D:\apache-maven-3.5.0\bin;E:\MySQLServer5.7\Install\bin;F:\node-v14.16.0-x64\node_global;F:\node-v14.16.0-x64;F:\node-v12.22.1-win-x64;F:\gradle-4.6-bin\gradle-4.6\bin;D:\Git\cmd;F:\cygwin\usr\x86_64-w64-mingw32\sys-root\mingw\bin;C:\Program Files\Docker\Docker\resources\bin;C:\ProgramData\DockerDesktop\version-bin;C:\Users\86158\AppData\Local\Microsoft\WindowsApps;D:\Program Files\Markdown Monster;C:\Users\86158\AppData\Local\Microsoft\WindowsApps;C:\Users\86158\.dotnet\tools;C:\Users\86158\AppData\R
USERNAME=86158
DISPLAY=:0.0
LC_ALL=en_US.UTF-8
OS=Windows_NT
PROCESSOR_IDENTIFIER=Intel64 Family 6 Model 142 Stepping 10, GenuineIntel



---------------  S Y S T E M  ---------------

OS: Windows 10 , 64 bit Build 19041 (10.0.19041.1806)
OS uptime: 3 days 3:00 hours
Hyper-V role detected

CPU:total 8 (initial active 8) (4 cores per cpu, 2 threads per core) family 6 model 142 stepping 10 microcode 0xd6, cmov, cx8, fxsr, mmx, sse, sse2, sse3, ssse3, sse4.1, sse4.2, popcnt, avx, avx2, aes, clmul, erms, 3dnowpref, lzcnt, ht, tsc, tscinvbit, bmi1, bmi2, adx, fma

Memory: 4k page, system-wide physical 8074M (1624M free)
TotalPageFile size 14966M (AvailPageFile size 121M)
current process WorkingSet (physical memory assigned to process): 10M, peak: 10M
current process commit charge ("private bytes"): 60M, peak: 187M

vm_info: OpenJDK 64-Bit Server VM (11.0.10+8-b1145.96) for windows-amd64 JRE (11.0.10+8-b1145.96), built on Feb 18 2021 01:38:16 by "" with MS VC++ 14.0 (VS2015)

END.
