#
# There is insufficient memory for the Java Runtime Environment to continue.
# Native memory allocation (malloc) failed to allocate 1048576 bytes for AllocateHeap
# Possible reasons:
#   The system is out of physical RAM or swap space
#   The process is running with CompressedOops enabled, and the Java Heap may be blocking the growth of the native heap
# Possible solutions:
#   Reduce memory load on the system
#   Increase physical memory or swap space
#   Check if swap backing store is full
#   Decrease Java heap size (-Xmx/-Xms)
#   Decrease number of Java threads
#   Decrease Java thread stack sizes (-Xss)
#   Set larger code cache with -XX:ReservedCodeCacheSize=
#   JVM is running with Unscaled Compressed Oops mode in which the Java heap is
#     placed in the first 4GB address space. The Java Heap base address is the
#     maximum limit for the native heap growth. Please use -XX:HeapBaseMinAddress
#     to set the Java Heap base and to place the Java Heap above 4GB virtual address.
# This output file may be truncated or incomplete.
#
#  Out of Memory Error (memory/allocation.inline.hpp:61), pid=24596, tid=0x0000000000003cac
#
# JRE version:  (8.0_241-b07) (build )
# Java VM: Java HotSpot(TM) 64-Bit Server VM (25.241-b07 mixed mode windows-amd64 compressed oops)
# Failed to write core dump. Minidumps are not enabled by default on client versions of Windows
#

---------------  T H R E A D  ---------------

Current thread (0x000000000364b000):  JavaThread "Unknown thread" [_thread_in_vm, id=15532, stack(0x0000000003540000,0x0000000003640000)]

Stack: [0x0000000003540000,0x0000000003640000]
[error occurred during error reporting (printing stack bounds), id 0xc0000005]

Native frames: (J=compiled Java code, j=interpreted, Vv=VM code, C=native code)


---------------  P R O C E S S  ---------------

Java Threads: ( => current thread )

Other Threads:

=>0x000000000364b000 (exited) JavaThread "Unknown thread" [_thread_in_vm, id=15532, stack(0x0000000003540000,0x0000000003640000)]

VM state:not at safepoint (normal execution)

VM Mutex/Monitor currently owned by a thread: None

heap address: 0x0000000081c00000, size: 2020 MB, Compressed Oops mode: 32-bit
Narrow klass base: 0x0000000000000000, Narrow klass shift: 3
Compressed class space size: 1073741824 Address: 0x0000000100000000

Heap:
 PSYoungGen      total 38400K, used 665K [0x00000000d5f00000, 0x00000000d8980000, 0x0000000100000000)
  eden space 33280K, 2% used [0x00000000d5f00000,0x00000000d5fa6670,0x00000000d7f80000)
  from space 5120K, 0% used [0x00000000d8480000,0x00000000d8480000,0x00000000d8980000)
  to   space 5120K, 0% used [0x00000000d7f80000,0x00000000d7f80000,0x00000000d8480000)
 ParOldGen       total 87552K, used 0K [0x0000000081c00000, 0x0000000087180000, 0x00000000d5f00000)
  object space 87552K, 0% used [0x0000000081c00000,0x0000000081c00000,0x0000000087180000)
 Metaspace       used 776K, capacity 4480K, committed 4480K, reserved 1056768K
  class space    used 76K, capacity 384K, committed 384K, reserved 1048576K

Card table byte_map: [0x0000000012ca0000,0x00000000130a0000] byte_map_base: 0x0000000012892000

Marking Bits: (ParMarkBitMap*) 0x000000006605be30
 Begin Bits: [0x0000000013b50000, 0x0000000015ae0000)
 End Bits:   [0x0000000015ae0000, 0x0000000017a70000)

Polling page: 0x00000000031d0000

CodeCache: size=245760Kb used=328Kb max_used=328Kb free=245431Kb
 bounds [0x00000000038e0000, 0x0000000003b50000, 0x00000000128e0000]
 total_blobs=58 nmethods=0 adapters=38
 compilation: enabled

Compilation events (0 events):
No events

GC Heap History (0 events):
No events

Deoptimization events (0 events):
No events

Classes redefined (0 events):
No events

Internal exceptions (0 events):
No events

Events (10 events):
Event: 0.034 loading class java/lang/Short
Event: 0.034 loading class java/lang/Short done
Event: 0.034 loading class java/lang/Integer
Event: 0.034 loading class java/lang/Integer done
Event: 0.034 loading class java/lang/Long
Event: 0.034 loading class java/lang/Long done
Event: 0.035 loading class java/lang/NullPointerException
Event: 0.035 loading class java/lang/NullPointerException done
Event: 0.035 loading class java/lang/ArithmeticException
Event: 0.035 loading class java/lang/ArithmeticException done


Dynamic libraries:
0x00007ff7b1fc0000 - 0x00007ff7b1ff7000 	C:\jdk-8u241-windows-x64\bin\java.exe
0x00007ffbf3950000 - 0x00007ffbf3b45000 	C:\WINDOWS\SYSTEM32\ntdll.dll
0x00007ffbf2310000 - 0x00007ffbf23ce000 	C:\WINDOWS\System32\KERNEL32.DLL
0x00007ffbf16e0000 - 0x00007ffbf19a8000 	C:\WINDOWS\System32\KERNELBASE.dll
0x00007ffbf1e50000 - 0x00007ffbf1efe000 	C:\WINDOWS\System32\ADVAPI32.dll
0x00007ffbf2270000 - 0x00007ffbf230e000 	C:\WINDOWS\System32\msvcrt.dll
0x00007ffbf3870000 - 0x00007ffbf390c000 	C:\WINDOWS\System32\sechost.dll
0x00007ffbf2d80000 - 0x00007ffbf2ea5000 	C:\WINDOWS\System32\RPCRT4.dll
0x00007ffbf2a50000 - 0x00007ffbf2bf0000 	C:\WINDOWS\System32\USER32.dll
0x00007ffbf15b0000 - 0x00007ffbf15d2000 	C:\WINDOWS\System32\win32u.dll
0x00007ffbf1e20000 - 0x00007ffbf1e4a000 	C:\WINDOWS\System32\GDI32.dll
0x00007ffbf1070000 - 0x00007ffbf117b000 	C:\WINDOWS\System32\gdi32full.dll
0x00007ffbf1510000 - 0x00007ffbf15ad000 	C:\WINDOWS\System32\msvcp_win.dll
0x00007ffbf15e0000 - 0x00007ffbf16e0000 	C:\WINDOWS\System32\ucrtbase.dll
0x00007ffbdce60000 - 0x00007ffbdd0fa000 	C:\WINDOWS\WinSxS\amd64_microsoft.windows.common-controls_6595b64144ccf1df_6.0.19041.1110_none_60b5254171f9507e\COMCTL32.dll
0x00007ffbf2960000 - 0x00007ffbf2990000 	C:\WINDOWS\System32\IMM32.DLL
0x0000000065670000 - 0x0000000065742000 	C:\jdk-8u241-windows-x64\jre\bin\msvcr100.dll
0x0000000065830000 - 0x00000000660dc000 	C:\jdk-8u241-windows-x64\jre\bin\server\jvm.dll
0x00007ffbf2500000 - 0x00007ffbf2508000 	C:\WINDOWS\System32\PSAPI.DLL
0x00007ffbde740000 - 0x00007ffbde767000 	C:\WINDOWS\SYSTEM32\WINMM.dll
0x00007ffbd88f0000 - 0x00007ffbd88f9000 	C:\WINDOWS\SYSTEM32\WSOCK32.dll
0x00007ffbe5590000 - 0x00007ffbe559a000 	C:\WINDOWS\SYSTEM32\VERSION.dll
0x00007ffbf3800000 - 0x00007ffbf386b000 	C:\WINDOWS\System32\WS2_32.dll
0x00007ffbdc0f0000 - 0x00007ffbdc0ff000 	C:\jdk-8u241-windows-x64\jre\bin\verify.dll
0x00007ffbd2b00000 - 0x00007ffbd2b29000 	C:\jdk-8u241-windows-x64\jre\bin\java.dll
0x00007ffbe8950000 - 0x00007ffbe8973000 	C:\jdk-8u241-windows-x64\jre\bin\instrument.dll
0x00007ffbd2ae0000 - 0x00007ffbd2af6000 	C:\jdk-8u241-windows-x64\jre\bin\zip.dll

VM Arguments:
jvm_args: -ea -Didea.test.cyclic.buffer.size=1048576 -javaagent:D:\IntelliJ IDEA 2020.3.3\lib\idea_rt.jar=59407:D:\IntelliJ IDEA 2020.3.3\bin -Dfile.encoding=UTF-8 
java_command: com.intellij.rt.junit.JUnitStarter -ideVersion5 -junit5 top.kaluna.pipelineMonitor.txtConfig.CustomTxtTest,testInsertCurveData
java_class_path (initial): D:\IntelliJ IDEA 2020.3.3\lib\idea_rt.jar;C:\Users\86158\.m2\repository\org\junit\platform\junit-platform-launcher\1.8.1\junit-platform-launcher-1.8.1.jar;C:\Users\86158\.m2\repository\org\junit\platform\junit-platform-engine\1.8.1\junit-platform-engine-1.8.1.jar;C:\Users\86158\.m2\repository\org\opentest4j\opentest4j\1.2.0\opentest4j-1.2.0.jar;C:\Users\86158\.m2\repository\org\junit\platform\junit-platform-commons\1.8.1\junit-platform-commons-1.8.1.jar;C:\Users\86158\.m2\repository\org\apiguardian\apiguardian-api\1.1.2\apiguardian-api-1.1.2.jar;C:\Users\86158\.m2\repository\org\junit\vintage\junit-vintage-engine\5.8.1\junit-vintage-engine-5.8.1.jar;D:\IntelliJ IDEA 2020.3.3\plugins\junit\lib\junit5-rt.jar;D:\IntelliJ IDEA 2020.3.3\plugins\junit\lib\junit-rt.jar;C:\jdk-8u241-windows-x64\jre\lib\charsets.jar;C:\jdk-8u241-windows-x64\jre\lib\deploy.jar;C:\jdk-8u241-windows-x64\jre\lib\ext\access-bridge-64.jar;C:\jdk-8u241-windows-x64\jre\lib\ext\cldrdata.jar;C:\jdk-8u241-windows-x64\jre\lib\ext\dnsns.jar;C:\jdk-8u241-windows-x64\jre\lib\ext\jaccess.jar;C:\jdk-8u241-windows-x64\jre\lib\ext\jfxrt.jar;C:\jdk-8u241-windows-x64\jre\lib\ext\localedata.jar;C:\jdk-8u241-windows-x64\jre\lib\ext\nashorn.jar;C:\jdk-8u241-windows-x64\jre\lib\ext\sunec.jar;C:\jdk-8u241-windows-x64\jre\lib\ext\sunjce_provider.jar;C:\jdk-8u241-windows-x64\jre\lib\ext\sunmscapi.jar;C:\jdk-8u241-windows-x64\jre\lib\ext\sunpkcs11.jar;C:\jdk-8u241-windows-x64\jre\lib\ext\zipfs.jar;C:\jdk-8u241-windows-x64\jre\lib\javaws.jar;C:\jdk-8u241-windows-x64\jre\lib\jce.jar;C:\jdk-8u241-windows-x64\jre\lib\jfr.jar;C:\jdk-8u241-windows-x64\jre\lib\jfxswt.jar;C:\jdk-8u241-windows-x64\jre\lib\jsse.jar;C:\jdk-8u241-windows-x64\jre\lib\management-agent.jar;C:\jdk-8u241-windows-x64\jre\lib\plugin.jar;C:\jdk-8u241-windows-x64\jre\lib\resources.jar;C:\jdk-8u241-windows-x64\jre\lib\rt.jar;X:\ideaworkspace\pipelineMonitor\target\test-classes;X:\ideaworkspace\pipelineMonitor\target\classes;D:\pa
Launcher Type: SUN_STANDARD

Environment Variables:
JAVA_HOME=C:\jdk-8u241-windows-x64
PATH=F:\anaconda3;C:\ProgramData\Oracle\Java\javapath;C:\Program Files (x86)\Common Files\Oracle\Java\javapath\;C:\Program Files (x86)\Intel\Intel(R) Management Engine Components\iCLS\;C:\Program Files\Intel\Intel(R) Management Engine Components\iCLS\;C:\Program Files\erl7.1\bin;C:\Windows\system32;C:\Windows;C:\Windows\System32\Wbem;C:\Windows\System32\WindowsPowerShell\v1.0\;C:\Windows\System32\OpenSSH\;C:\Program Files (x86)\Intel\Intel(R) Management Engine Components\DAL;C:\jdk-8u241-windows-x64\jre\bin;C:\Program Files\Intel\Intel(R) Management Engine Components\DAL;C:\Program Files (x86)\Intel\Intel(R) Management Engine Components\IPT;C:\Program Files\Intel\Intel(R) Management Engine Components\IPT;C:\jdk-8u241-windows-x64\bin;C:\Program Files (x86)\NVIDIA Corporation\PhysX\Common;C:\WINDOWS\system32;C:\WINDOWS;C:\WINDOWS\System32\Wbem;C:\WINDOWS\System32\WindowsPowerShell\v1.0\;C:\WINDOWS\System32\OpenSSH\;D:\Program Files\Git\cmd;C:\Users\86158\.dnx\bin;C:\Program Files\Microsoft DNX\Dn;C:\WINDOWS\system32;C:\WINDOWS;C:\WINDOWS\System32\Wbem;C:\WINDOWS\System32\WindowsPowerShell\v1.0\;C:\WINDOWS\System32\OpenSSH\;D:\apache-maven-3.5.0\bin;F:\cygwin\bin;F:\anaconda3\pkgs\graphviz-2.38-hfd603c8_2\Library\bin;F:\Graphviz 2.44.1\bin;C:\Program Files\Pandoc\;G:\matlab\runtime\win64;G:\matlab\bin;G:\matlab\polyspace\bin;F:\anaconda3\Scripts;F:\anaconda3\Library\bin;D:\apache-maven-3.5.0\\bin;E:\MySQLServer5.7\Install\bin;F:\node-v14.16.0-x64\node_global;F:\node-v14.16.0-x64;F:\node-v12.22.1-win-x64\;F:\gradle-4.6-bin\gradle-4.6\bin;D:\Git\cmd;F:\cygwin\usr\x86_64-w64-mingw32\sys-root\mingw\bin;X:\matlabRuntime\v912\runtime\win64;;C:\Program Files\Docker\Docker\resources\bin;C:\ProgramData\DockerDesktop\version-bin;C:\Users\86158\AppData\Local\Microsoft\WindowsApps;D:\Program Files\Markdown Monster;C:\Users\86158\AppData\Local\Microsoft\WindowsApps;C:\Users\86158\.dotnet\tools;C:\Users\86158\AppData\Roaming\npm;F:\Microsoft VS Code\bin;X:\MiKTeX\miktex\bin\x64\
USERNAME=86158
OS=Windows_NT
PROCESSOR_IDENTIFIER=Intel64 Family 6 Model 142 Stepping 10, GenuineIntel



---------------  S Y S T E M  ---------------

OS: Windows 10.0 , 64 bit Build 19041 (10.0.19041.1645)

CPU:total 8 (initial active 8) (4 cores per cpu, 2 threads per core) family 6 model 142 stepping 10, cmov, cx8, fxsr, mmx, sse, sse2, sse3, ssse3, sse4.1, sse4.2, popcnt, avx, avx2, aes, clmul, erms, 3dnowpref, lzcnt, ht, tsc, tscinvbit, bmi1, bmi2, adx

Memory: 4k page, physical 8268520k(673848k free), swap 15444852k(5472k free)

vm_info: Java HotSpot(TM) 64-Bit Server VM (25.241-b07) for windows-amd64 JRE (1.8.0_241-b07), built on Dec 11 2019 10:21:40 by "rejava" with MS VC++ 10.0 (VS2010)

time: Mon Jun 06 19:08:17 2022
timezone: 中国标准时间
elapsed time: 0 seconds (0d 0h 0m 0s)

