#
# There is insufficient memory for the Java Runtime Environment to continue.
# Native memory allocation (malloc) failed to allocate 1886992 bytes for Chunk::new
# Possible reasons:
#   The system is out of physical RAM or swap space
#   The process is running with CompressedOops enabled, and the Java Heap may be blocking the growth of the native heap
# Possible solutions:
#   Reduce memory load on the system
#   Increase physical memory or swap space
#   Check if swap backing store is full
#   Decrease Java heap size (-Xmx/-Xms)
#   Decrease number of Java threads
#   Decrease Java thread stack sizes (-Xss)
#   Set larger code cache with -XX:ReservedCodeCacheSize=
#   JVM is running with Unscaled Compressed Oops mode in which the Java heap is
#     placed in the first 4GB address space. The Java Heap base address is the
#     maximum limit for the native heap growth. Please use -XX:HeapBaseMinAddress
#     to set the Java Heap base and to place the Java Heap above 4GB virtual address.
# This output file may be truncated or incomplete.
#
#  Out of Memory Error (allocation.cpp:389), pid=15208, tid=0x0000000000003ee0
#
# JRE version: Java(TM) SE Runtime Environment (8.0_241-b07) (build 1.8.0_241-b07)
# Java VM: Java HotSpot(TM) 64-Bit Server VM (25.241-b07 mixed mode windows-amd64 compressed oops)
# Failed to write core dump. Minidumps are not enabled by default on client versions of Windows
#

---------------  T H R E A D  ---------------

Current thread (0x0000000019ac3000):  JavaThread "C2 CompilerThread1" daemon [_thread_in_native, id=16096, stack(0x000000001a400000,0x000000001a500000)]

Stack: [0x000000001a400000,0x000000001a500000]
[error occurred during error reporting (printing stack bounds), id 0xc0000005]

Native frames: (J=compiled Java code, j=interpreted, Vv=VM code, C=native code)


Current CompileTask:
C2:  12862 5781       4       org.springframework.util.ReflectionUtils::findMethod (109 bytes)


---------------  P R O C E S S  ---------------

Java Threads: ( => current thread )
  0x000000001e1cb800 JavaThread "lettuce-timer-3-1" daemon [_thread_blocked, id=18696, stack(0x0000000022930000,0x0000000022a30000)]
  0x000000001e1c8800 JavaThread "Thread-3" daemon [_thread_in_native, id=7280, stack(0x0000000022830000,0x0000000022930000)]
  0x000000001e1cf800 JavaThread "container-0" [_thread_blocked, id=15596, stack(0x0000000022410000,0x0000000022510000)]
  0x0000000019ad8800 JavaThread "Catalina-utility-2" [_thread_blocked, id=288, stack(0x0000000022530000,0x0000000022630000)]
  0x0000000019ad9800 JavaThread "Catalina-utility-1" [_thread_blocked, id=18112, stack(0x000000001db50000,0x000000001dc50000)]
  0x0000000019b71000 JavaThread "Service Thread" daemon [_thread_blocked, id=20772, stack(0x000000001a700000,0x000000001a800000)]
  0x0000000019ad8000 JavaThread "C1 CompilerThread3" daemon [_thread_in_vm, id=19620, stack(0x000000001a600000,0x000000001a700000)]
  0x0000000019aca000 JavaThread "C2 CompilerThread2" daemon [_thread_in_native, id=19364, stack(0x000000001a500000,0x000000001a600000)]
=>0x0000000019ac3000 JavaThread "C2 CompilerThread1" daemon [_thread_in_native, id=16096, stack(0x000000001a400000,0x000000001a500000)]
  0x0000000019ab9800 JavaThread "C2 CompilerThread0" daemon [_thread_in_native, id=17396, stack(0x000000001a300000,0x000000001a400000)]
  0x0000000019aae800 JavaThread "Monitor Ctrl-Break" daemon [_thread_in_native, id=12844, stack(0x000000001a200000,0x000000001a300000)]
  0x0000000019a9d000 JavaThread "Attach Listener" daemon [_thread_blocked, id=20596, stack(0x000000001a100000,0x000000001a200000)]
  0x0000000019a9c800 JavaThread "Signal Dispatcher" daemon [_thread_blocked, id=18892, stack(0x000000001a000000,0x000000001a100000)]
  0x0000000017c2a800 JavaThread "Finalizer" daemon [_thread_blocked, id=20920, stack(0x0000000019f00000,0x000000001a000000)]
  0x0000000019a20800 JavaThread "Reference Handler" daemon [_thread_blocked, id=19708, stack(0x0000000019e00000,0x0000000019f00000)]
  0x0000000002a0b000 JavaThread "main" [_thread_in_Java, id=14728, stack(0x0000000002900000,0x0000000002a00000)]

Other Threads:
  0x0000000017c1d000 VMThread [stack: 0x0000000019900000,0x0000000019a00000] [id=8548]
  0x0000000019c2f800 WatcherThread [stack: 0x000000001a800000,0x000000001a900000] [id=9972]

VM state:not at safepoint (normal execution)

VM Mutex/Monitor currently owned by a thread: None

heap address: 0x0000000081c00000, size: 2020 MB, Compressed Oops mode: 32-bit
Narrow klass base: 0x0000000000000000, Narrow klass shift: 3
Compressed class space size: 1073741824 Address: 0x0000000100000000

Heap:
 PSYoungGen      total 278528K, used 103980K [0x00000000d5f00000, 0x00000000e9900000, 0x0000000100000000)
  eden space 263168K, 36% used [0x00000000d5f00000,0x00000000dbbeb508,0x00000000e6000000)
  from space 15360K, 57% used [0x00000000e6000000,0x00000000e689fe48,0x00000000e6f00000)
  to   space 13824K, 0% used [0x00000000e6f00000,0x00000000e6f00000,0x00000000e7c80000)
 ParOldGen       total 131584K, used 27430K [0x0000000081c00000, 0x0000000089c80000, 0x00000000d5f00000)
  object space 131584K, 20% used [0x0000000081c00000,0x00000000836c98a8,0x0000000089c80000)
 Metaspace       used 59811K, capacity 63796K, committed 63872K, reserved 1103872K
  class space    used 7864K, capacity 8546K, committed 8576K, reserved 1048576K

Card table byte_map: [0x0000000012060000,0x0000000012460000] byte_map_base: 0x0000000011c52000

Marking Bits: (ParMarkBitMap*) 0x000000006605be30
 Begin Bits: [0x0000000012f10000, 0x0000000014ea0000)
 End Bits:   [0x0000000014ea0000, 0x0000000016e30000)

Polling page: 0x0000000000bb0000

CodeCache: size=245760Kb used=21769Kb max_used=22239Kb free=223990Kb
 bounds [0x0000000002ca0000, 0x0000000004270000, 0x0000000011ca0000]
 total_blobs=6034 nmethods=5527 adapters=416
 compilation: enabled

Compilation events (10 events):
Event: 12.782 Thread 0x0000000019ad8000 6059  s    2       java.lang.reflect.Executable::declaredAnnotations (59 bytes)
Event: 12.782 Thread 0x0000000019ad8000 nmethod 6059 0x0000000002df09d0 code [0x0000000002df0ba0, 0x0000000002df1028]
Event: 12.785 Thread 0x0000000019ad8000 6060       3       java.util.Arrays::sort (47 bytes)
Event: 12.786 Thread 0x0000000019ad8000 nmethod 6060 0x0000000002df0190 code [0x0000000002df0340, 0x0000000002df0798]
Event: 12.786 Thread 0x0000000019ad8000 6061       3       org.springframework.core.annotation.AnnotationAwareOrderComparator::findOrderFromAnnotation (63 bytes)
Event: 12.787 Thread 0x0000000019ad8000 nmethod 6061 0x0000000002f39e10 code [0x0000000002f3a060, 0x0000000002f3adf8]
Event: 12.788 Thread 0x0000000019ad8000 6062       1       org.apache.catalina.webresources.AbstractResourceSet::getRoot (5 bytes)
Event: 12.788 Thread 0x0000000019ad8000 nmethod 6062 0x00000000030f9350 code [0x00000000030f94a0, 0x00000000030f95b0]
Event: 12.832 Thread 0x0000000019ad8000 6065       2       org.springframework.beans.support.ResourceEditorRegistrar::doRegisterEditor (28 bytes)
Event: 12.832 Thread 0x0000000019ad8000 nmethod 6065 0x0000000002f99950 code [0x0000000002f99ac0, 0x0000000002f99d98]

GC Heap History (10 events):
Event: 6.260 GC heap before
{Heap before GC invocations=12 (full 2):
 PSYoungGen      total 184832K, used 173568K [0x00000000d5f00000, 0x00000000e5f80000, 0x0000000100000000)
  eden space 173568K, 100% used [0x00000000d5f00000,0x00000000e0880000,0x00000000e0880000)
  from space 11264K, 0% used [0x00000000e0880000,0x00000000e0880000,0x00000000e1380000)
  to   space 11264K, 0% used [0x00000000e5480000,0x00000000e5480000,0x00000000e5f80000)
 ParOldGen       total 89088K, used 14097K [0x0000000081c00000, 0x0000000087300000, 0x00000000d5f00000)
  object space 89088K, 15% used [0x0000000081c00000,0x00000000829c44b0,0x0000000087300000)
 Metaspace       used 40754K, capacity 43344K, committed 43648K, reserved 1087488K
  class space    used 5449K, capacity 5902K, committed 6016K, reserved 1048576K
Event: 6.271 GC heap after
Heap after GC invocations=12 (full 2):
 PSYoungGen      total 227840K, used 10641K [0x00000000d5f00000, 0x00000000e5f00000, 0x0000000100000000)
  eden space 217088K, 0% used [0x00000000d5f00000,0x00000000d5f00000,0x00000000e3300000)
  from space 10752K, 98% used [0x00000000e5480000,0x00000000e5ee4478,0x00000000e5f00000)
  to   space 12288K, 0% used [0x00000000e4700000,0x00000000e4700000,0x00000000e5300000)
 ParOldGen       total 89088K, used 14105K [0x0000000081c00000, 0x0000000087300000, 0x00000000d5f00000)
  object space 89088K, 15% used [0x0000000081c00000,0x00000000829c64b0,0x0000000087300000)
 Metaspace       used 40754K, capacity 43344K, committed 43648K, reserved 1087488K
  class space    used 5449K, capacity 5902K, committed 6016K, reserved 1048576K
}
Event: 9.067 GC heap before
{Heap before GC invocations=13 (full 2):
 PSYoungGen      total 227840K, used 227729K [0x00000000d5f00000, 0x00000000e5f00000, 0x0000000100000000)
  eden space 217088K, 100% used [0x00000000d5f00000,0x00000000e3300000,0x00000000e3300000)
  from space 10752K, 98% used [0x00000000e5480000,0x00000000e5ee4478,0x00000000e5f00000)
  to   space 12288K, 0% used [0x00000000e4700000,0x00000000e4700000,0x00000000e5300000)
 ParOldGen       total 89088K, used 14105K [0x0000000081c00000, 0x0000000087300000, 0x00000000d5f00000)
  object space 89088K, 15% used [0x0000000081c00000,0x00000000829c64b0,0x0000000087300000)
 Metaspace       used 48215K, capacity 51420K, committed 51584K, reserved 1093632K
  class space    used 6441K, capacity 7004K, committed 7040K, reserved 1048576K
Event: 9.080 GC heap after
Heap after GC invocations=13 (full 2):
 PSYoungGen      total 249856K, used 12257K [0x00000000d5f00000, 0x00000000e7c80000, 0x0000000100000000)
  eden space 237568K, 0% used [0x00000000d5f00000,0x00000000d5f00000,0x00000000e4700000)
  from space 12288K, 99% used [0x00000000e4700000,0x00000000e52f8528,0x00000000e5300000)
  to   space 13824K, 0% used [0x00000000e6f00000,0x00000000e6f00000,0x00000000e7c80000)
 ParOldGen       total 89088K, used 14851K [0x0000000081c00000, 0x0000000087300000, 0x00000000d5f00000)
  object space 89088K, 16% used [0x0000000081c00000,0x0000000082a80d38,0x0000000087300000)
 Metaspace       used 48215K, capacity 51420K, committed 51584K, reserved 1093632K
  class space    used 6441K, capacity 7004K, committed 7040K, reserved 1048576K
}
Event: 10.412 GC heap before
{Heap before GC invocations=14 (full 2):
 PSYoungGen      total 249856K, used 212371K [0x00000000d5f00000, 0x00000000e7c80000, 0x0000000100000000)
  eden space 237568K, 84% used [0x00000000d5f00000,0x00000000e226c708,0x00000000e4700000)
  from space 12288K, 99% used [0x00000000e4700000,0x00000000e52f8528,0x00000000e5300000)
  to   space 13824K, 0% used [0x00000000e6f00000,0x00000000e6f00000,0x00000000e7c80000)
 ParOldGen       total 89088K, used 14851K [0x0000000081c00000, 0x0000000087300000, 0x00000000d5f00000)
  object space 89088K, 16% used [0x0000000081c00000,0x0000000082a80d38,0x0000000087300000)
 Metaspace       used 55412K, capacity 58954K, committed 59136K, reserved 1099776K
  class space    used 7298K, capacity 7919K, committed 7936K, reserved 1048576K
Event: 10.433 GC heap after
Heap after GC invocations=14 (full 2):
 PSYoungGen      total 276992K, used 13348K [0x00000000d5f00000, 0x00000000e9900000, 0x0000000100000000)
  eden space 263168K, 0% used [0x00000000d5f00000,0x00000000d5f00000,0x00000000e6000000)
  from space 13824K, 96% used [0x00000000e6f00000,0x00000000e7c09118,0x00000000e7c80000)
  to   space 15360K, 0% used [0x00000000e6000000,0x00000000e6000000,0x00000000e6f00000)
 ParOldGen       total 89088K, used 18543K [0x0000000081c00000, 0x0000000087300000, 0x00000000d5f00000)
  object space 89088K, 20% used [0x0000000081c00000,0x0000000082e1bd98,0x0000000087300000)
 Metaspace       used 55412K, capacity 58954K, committed 59136K, reserved 1099776K
  class space    used 7298K, capacity 7919K, committed 7936K, reserved 1048576K
}
Event: 10.433 GC heap before
{Heap before GC invocations=15 (full 3):
 PSYoungGen      total 276992K, used 13348K [0x00000000d5f00000, 0x00000000e9900000, 0x0000000100000000)
  eden space 263168K, 0% used [0x00000000d5f00000,0x00000000d5f00000,0x00000000e6000000)
  from space 13824K, 96% used [0x00000000e6f00000,0x00000000e7c09118,0x00000000e7c80000)
  to   space 15360K, 0% used [0x00000000e6000000,0x00000000e6000000,0x00000000e6f00000)
 ParOldGen       total 89088K, used 18543K [0x0000000081c00000, 0x0000000087300000, 0x00000000d5f00000)
  object space 89088K, 20% used [0x0000000081c00000,0x0000000082e1bd98,0x0000000087300000)
 Metaspace       used 55412K, capacity 58954K, committed 59136K, reserved 1099776K
  class space    used 7298K, capacity 7919K, committed 7936K, reserved 1048576K
Event: 10.631 GC heap after
Heap after GC invocations=15 (full 3):
 PSYoungGen      total 276992K, used 0K [0x00000000d5f00000, 0x00000000e9900000, 0x0000000100000000)
  eden space 263168K, 0% used [0x00000000d5f00000,0x00000000d5f00000,0x00000000e6000000)
  from space 13824K, 0% used [0x00000000e6f00000,0x00000000e6f00000,0x00000000e7c80000)
  to   space 15360K, 0% used [0x00000000e6000000,0x00000000e6000000,0x00000000e6f00000)
 ParOldGen       total 131584K, used 27422K [0x0000000081c00000, 0x0000000089c80000, 0x00000000d5f00000)
  object space 131584K, 20% used [0x0000000081c00000,0x00000000836c78a8,0x0000000089c80000)
 Metaspace       used 55412K, capacity 58954K, committed 59136K, reserved 1099776K
  class space    used 7298K, capacity 7919K, committed 7936K, reserved 1048576K
}
Event: 12.355 GC heap before
{Heap before GC invocations=16 (full 3):
 PSYoungGen      total 276992K, used 263168K [0x00000000d5f00000, 0x00000000e9900000, 0x0000000100000000)
  eden space 263168K, 100% used [0x00000000d5f00000,0x00000000e6000000,0x00000000e6000000)
  from space 13824K, 0% used [0x00000000e6f00000,0x00000000e6f00000,0x00000000e7c80000)
  to   space 15360K, 0% used [0x00000000e6000000,0x00000000e6000000,0x00000000e6f00000)
 ParOldGen       total 131584K, used 27422K [0x0000000081c00000, 0x0000000089c80000, 0x00000000d5f00000)
  object space 131584K, 20% used [0x0000000081c00000,0x00000000836c78a8,0x0000000089c80000)
 Metaspace       used 58606K, capacity 62430K, committed 62720K, reserved 1103872K
  class space    used 7692K, capacity 8351K, committed 8448K, reserved 1048576K
Event: 12.366 GC heap after
Heap after GC invocations=16 (full 3):
 PSYoungGen      total 278528K, used 8831K [0x00000000d5f00000, 0x00000000e9900000, 0x0000000100000000)
  eden space 263168K, 0% used [0x00000000d5f00000,0x00000000d5f00000,0x00000000e6000000)
  from space 15360K, 57% used [0x00000000e6000000,0x00000000e689fe48,0x00000000e6f00000)
  to   space 13824K, 0% used [0x00000000e6f00000,0x00000000e6f00000,0x00000000e7c80000)
 ParOldGen       total 131584K, used 27430K [0x0000000081c00000, 0x0000000089c80000, 0x00000000d5f00000)
  object space 131584K, 20% used [0x0000000081c00000,0x00000000836c98a8,0x0000000089c80000)
 Metaspace       used 58606K, capacity 62430K, committed 62720K, reserved 1103872K
  class space    used 7692K, capacity 8351K, committed 8448K, reserved 1048576K
}

Deoptimization events (10 events):
Event: 11.667 Thread 0x0000000002a0b000 Uncommon trap: reason=unstable_if action=reinterpret pc=0x00000000037a3cfc method=org.springframework.util.AntPathMatcher.skipSegment(Ljava/lang/String;ILjava/lang/String;)I @ 60
Event: 11.695 Thread 0x0000000002a0b000 Uncommon trap: reason=unstable_if action=reinterpret pc=0x00000000030d8a34 method=sun.reflect.generics.parser.SignatureParser.parseClassTypeSignatureSuffix(Ljava/util/List;)V @ 6
Event: 11.956 Thread 0x0000000002a0b000 Uncommon trap: reason=class_check action=maybe_recompile pc=0x0000000003d8af64 method=org.springframework.beans.factory.support.AbstractBeanFactory.isSingleton(Ljava/lang/String;)Z @ 32
Event: 11.956 Thread 0x0000000002a0b000 Uncommon trap: reason=class_check action=maybe_recompile pc=0x0000000002fba428 method=org.springframework.beans.factory.support.AbstractBeanFactory.isSingleton(Ljava/lang/String;)Z @ 32
Event: 11.978 Thread 0x0000000002a0b000 Uncommon trap: reason=unstable_if action=reinterpret pc=0x0000000002e082fc method=java.util.WeakHashMap.get(Ljava/lang/Object;)Ljava/lang/Object; @ 56
Event: 12.170 Thread 0x0000000002a0b000 Uncommon trap: reason=unstable_if action=reinterpret pc=0x000000000406d5bc method=org.aspectj.weaver.World.resolve(Lorg/aspectj/weaver/UnresolvedType;Z)Lorg/aspectj/weaver/ResolvedType; @ 253
Event: 12.503 Thread 0x0000000002a0b000 Uncommon trap: reason=bimorphic action=maybe_recompile pc=0x00000000040c4800 method=sun.reflect.generics.reflectiveObjects.WildcardTypeImpl.getUpperBounds()[Ljava/lang/reflect/Type; @ 37
Event: 12.506 Thread 0x0000000002a0b000 Uncommon trap: reason=bimorphic action=maybe_recompile pc=0x00000000040c4800 method=sun.reflect.generics.reflectiveObjects.WildcardTypeImpl.getUpperBounds()[Ljava/lang/reflect/Type; @ 37
Event: 12.522 Thread 0x0000000002a0b000 Uncommon trap: reason=unstable_if action=reinterpret pc=0x0000000003bae7e4 method=java.lang.Class$MethodArray.addIfNotPresent(Ljava/lang/reflect/Method;)V @ 19
Event: 12.844 Thread 0x0000000002a0b000 Uncommon trap: reason=unstable_if action=reinterpret pc=0x0000000003fffcbc method=org.aspectj.weaver.UnresolvedType.nameToSignature(Ljava/lang/String;)Ljava/lang/String; @ 58

Classes redefined (0 events):
No events

Internal exceptions (10 events):
Event: 12.849 Thread 0x0000000002a0b000 Exception <a 'java/lang/ClassNotFoundException': org/springframework/web/servlet/handler/AbstractHandlerMappingCustomizer> (0x00000000db3f1090) thrown at [C:\ade\jenkins\workspace\8-2-build-windows-amd64-cygwin\jdk8u241\331\hotspot\src\share\vm\classfile\
Event: 12.850 Thread 0x0000000002a0b000 Exception <a 'java/lang/ClassNotFoundException': org/springframework/web/servlet/handler/AbstractUrlHandlerMappingCustomizer> (0x00000000db461278) thrown at [C:\ade\jenkins\workspace\8-2-build-windows-amd64-cygwin\jdk8u241\331\hotspot\src\share\vm\classfi
Event: 12.851 Thread 0x0000000002a0b000 Exception <a 'java/lang/ClassNotFoundException': org/springframework/web/servlet/handler/SimpleUrlHandlerMappingCustomizer> (0x00000000db4c20a8) thrown at [C:\ade\jenkins\workspace\8-2-build-windows-amd64-cygwin\jdk8u241\331\hotspot\src\share\vm\classfile
Event: 12.852 Thread 0x0000000002a0b000 Exception <a 'java/lang/ClassNotFoundException': org/springframework/web/servlet/handler/MatchableHandlerMappingCustomizer> (0x00000000db5362d8) thrown at [C:\ade\jenkins\workspace\8-2-build-windows-amd64-cygwin\jdk8u241\331\hotspot\src\share\vm\classfile
Event: 12.853 Thread 0x0000000002a0b000 Exception <a 'java/lang/ClassNotFoundException': org/springframework/web/servlet/HandlerMappingCustomizer> (0x00000000db57c200) thrown at [C:\ade\jenkins\workspace\8-2-build-windows-amd64-cygwin\jdk8u241\331\hotspot\src\share\vm\classfile\systemDictionary
Event: 12.853 Thread 0x0000000002a0b000 Exception <a 'java/lang/ClassNotFoundException': org/springframework/web/servlet/HandlerMappingCustomizer> (0x00000000db5c12d8) thrown at [C:\ade\jenkins\workspace\8-2-build-windows-amd64-cygwin\jdk8u241\331\hotspot\src\share\vm\classfile\systemDictionary
Event: 12.854 Thread 0x0000000002a0b000 Exception <a 'java/lang/ClassNotFoundException': org/springframework/core/OrderedCustomizer> (0x00000000db5f88a0) thrown at [C:\ade\jenkins\workspace\8-2-build-windows-amd64-cygwin\jdk8u241\331\hotspot\src\share\vm\classfile\systemDictionary.cpp, line 210
Event: 12.855 Thread 0x0000000002a0b000 Exception <a 'java/lang/ClassNotFoundException': org/springframework/beans/factory/BeanNameAwareCustomizer> (0x00000000db63d7b0) thrown at [C:\ade\jenkins\workspace\8-2-build-windows-amd64-cygwin\jdk8u241\331\hotspot\src\share\vm\classfile\systemDictionar
Event: 12.856 Thread 0x0000000002a0b000 Exception <a 'java/lang/ClassNotFoundException': org/springframework/beans/factory/AwareCustomizer> (0x00000000db67bf00) thrown at [C:\ade\jenkins\workspace\8-2-build-windows-amd64-cygwin\jdk8u241\331\hotspot\src\share\vm\classfile\systemDictionary.cpp, l
Event: 12.856 Thread 0x0000000002a0b000 Exception <a 'java/lang/ClassNotFoundException': org/springframework/web/context/ServletContextAwareCustomizer> (0x00000000db6c4688) thrown at [C:\ade\jenkins\workspace\8-2-build-windows-amd64-cygwin\jdk8u241\331\hotspot\src\share\vm\classfile\systemDicti

Events (10 events):
Event: 12.856 loading class org/springframework/beans/factory/AwareCustomizer
Event: 12.856 loading class org/springframework/beans/factory/AwareCustomizer done
Event: 12.856 loading class org/springframework/web/context/ServletContextAwareCustomizer
Event: 12.856 loading class org/springframework/web/context/ServletContextAwareCustomizer done
Event: 12.856 loading class org/springframework/web/context/ServletContextAwareCustomizer
Event: 12.856 loading class org/springframework/web/context/ServletContextAwareCustomizer done
Event: 12.856 loading class org/springframework/web/context/ServletContextAwareCustomizer
Event: 12.856 loading class org/springframework/web/context/ServletContextAwareCustomizer done
Event: 12.857 loading class org/springframework/beans/factory/AwareCustomizer
Event: 12.857 loading class org/springframework/beans/factory/AwareCustomizer done


Dynamic libraries:
0x00007ff695cb0000 - 0x00007ff695ce7000 	C:\jdk-8u241-windows-x64\bin\java.exe
0x00007ffbf3950000 - 0x00007ffbf3b45000 	C:\WINDOWS\SYSTEM32\ntdll.dll
0x00007ffbf2310000 - 0x00007ffbf23ce000 	C:\WINDOWS\System32\KERNEL32.DLL
0x00007ffbf16e0000 - 0x00007ffbf19a8000 	C:\WINDOWS\System32\KERNELBASE.dll
0x00007ffbf1e50000 - 0x00007ffbf1efe000 	C:\WINDOWS\System32\ADVAPI32.dll
0x00007ffbf2270000 - 0x00007ffbf230e000 	C:\WINDOWS\System32\msvcrt.dll
0x00007ffbf3870000 - 0x00007ffbf390c000 	C:\WINDOWS\System32\sechost.dll
0x00007ffbf2d80000 - 0x00007ffbf2ea5000 	C:\WINDOWS\System32\RPCRT4.dll
0x00007ffbf2a50000 - 0x00007ffbf2bf0000 	C:\WINDOWS\System32\USER32.dll
0x00007ffbf15b0000 - 0x00007ffbf15d2000 	C:\WINDOWS\System32\win32u.dll
0x00007ffbf1e20000 - 0x00007ffbf1e4a000 	C:\WINDOWS\System32\GDI32.dll
0x00007ffbf1070000 - 0x00007ffbf117b000 	C:\WINDOWS\System32\gdi32full.dll
0x00007ffbf1510000 - 0x00007ffbf15ad000 	C:\WINDOWS\System32\msvcp_win.dll
0x00007ffbf15e0000 - 0x00007ffbf16e0000 	C:\WINDOWS\System32\ucrtbase.dll
0x00007ffbdce60000 - 0x00007ffbdd0fa000 	C:\WINDOWS\WinSxS\amd64_microsoft.windows.common-controls_6595b64144ccf1df_6.0.19041.1110_none_60b5254171f9507e\COMCTL32.dll
0x00007ffbf2960000 - 0x00007ffbf2990000 	C:\WINDOWS\System32\IMM32.DLL
0x0000000065670000 - 0x0000000065742000 	C:\jdk-8u241-windows-x64\jre\bin\msvcr100.dll
0x0000000065830000 - 0x00000000660dc000 	C:\jdk-8u241-windows-x64\jre\bin\server\jvm.dll
0x00007ffbf2500000 - 0x00007ffbf2508000 	C:\WINDOWS\System32\PSAPI.DLL
0x00007ffbde740000 - 0x00007ffbde767000 	C:\WINDOWS\SYSTEM32\WINMM.dll
0x00007ffbe5590000 - 0x00007ffbe559a000 	C:\WINDOWS\SYSTEM32\VERSION.dll
0x00007ffbd88f0000 - 0x00007ffbd88f9000 	C:\WINDOWS\SYSTEM32\WSOCK32.dll
0x00007ffbf3800000 - 0x00007ffbf386b000 	C:\WINDOWS\System32\WS2_32.dll
0x00007ffbdc0f0000 - 0x00007ffbdc0ff000 	C:\jdk-8u241-windows-x64\jre\bin\verify.dll
0x00007ffbd2b00000 - 0x00007ffbd2b29000 	C:\jdk-8u241-windows-x64\jre\bin\java.dll
0x00007ffbea550000 - 0x00007ffbea573000 	C:\jdk-8u241-windows-x64\jre\bin\instrument.dll
0x00007ffbd2ae0000 - 0x00007ffbd2af6000 	C:\jdk-8u241-windows-x64\jre\bin\zip.dll
0x00007ffbf2f30000 - 0x00007ffbf3674000 	C:\WINDOWS\System32\SHELL32.dll
0x00007ffbef030000 - 0x00007ffbef7c4000 	C:\WINDOWS\SYSTEM32\windows.storage.dll
0x00007ffbf25f0000 - 0x00007ffbf2944000 	C:\WINDOWS\System32\combase.dll
0x00007ffbf0990000 - 0x00007ffbf09bc000 	C:\WINDOWS\SYSTEM32\Wldp.dll
0x00007ffbf3750000 - 0x00007ffbf37fd000 	C:\WINDOWS\System32\SHCORE.dll
0x00007ffbf2990000 - 0x00007ffbf29e5000 	C:\WINDOWS\System32\shlwapi.dll
0x00007ffbf0fb0000 - 0x00007ffbf0fcf000 	C:\WINDOWS\SYSTEM32\profapi.dll
0x00007ffbea530000 - 0x00007ffbea54a000 	D:\IntelliJ IDEA 2020.3.3\bin\breakgen64.dll
0x00007ffbcc040000 - 0x00007ffbcc05a000 	C:\jdk-8u241-windows-x64\jre\bin\net.dll
0x00007ffbf0770000 - 0x00007ffbf07da000 	C:\WINDOWS\system32\mswsock.dll
0x00007ffbcd010000 - 0x00007ffbcd01d000 	C:\jdk-8u241-windows-x64\jre\bin\management.dll
0x00007ffbd5b00000 - 0x00007ffbd5b17000 	C:\WINDOWS\system32\napinsp.dll
0x00007ffbd5a60000 - 0x00007ffbd5a7b000 	C:\WINDOWS\system32\pnrpnsp.dll
0x00007ffbeafa0000 - 0x00007ffbeafb5000 	C:\WINDOWS\system32\wshbth.dll
0x00007ffbebb90000 - 0x00007ffbebbad000 	C:\WINDOWS\system32\NLAapi.dll
0x00007ffbf0420000 - 0x00007ffbf045b000 	C:\WINDOWS\SYSTEM32\IPHLPAPI.DLL
0x00007ffbf0460000 - 0x00007ffbf052b000 	C:\WINDOWS\SYSTEM32\DNSAPI.dll
0x00007ffbf2950000 - 0x00007ffbf2958000 	C:\WINDOWS\System32\NSI.dll
0x00007ffbd0990000 - 0x00007ffbd09a2000 	C:\WINDOWS\System32\winrnr.dll
0x00007ffbe43e0000 - 0x00007ffbe43ea000 	C:\Windows\System32\rasadhlp.dll
0x00007ffbe5340000 - 0x00007ffbe53bf000 	C:\WINDOWS\System32\fwpuclnt.dll
0x00007ffbf1380000 - 0x00007ffbf13a7000 	C:\WINDOWS\System32\bcrypt.dll
0x00007ffbcc020000 - 0x00007ffbcc032000 	C:\jdk-8u241-windows-x64\jre\bin\nio.dll
0x00007ffbf09d0000 - 0x00007ffbf09e8000 	C:\WINDOWS\SYSTEM32\CRYPTSP.dll
0x00007ffbf00b0000 - 0x00007ffbf00e4000 	C:\WINDOWS\system32\rsaenh.dll
0x00007ffbf0f70000 - 0x00007ffbf0f9e000 	C:\WINDOWS\SYSTEM32\USERENV.dll
0x00007ffbf12f0000 - 0x00007ffbf1372000 	C:\WINDOWS\System32\bcryptprimitives.dll
0x00007ffbf0900000 - 0x00007ffbf090c000 	C:\WINDOWS\SYSTEM32\CRYPTBASE.dll
0x00007ffbe6790000 - 0x00007ffbe67a7000 	C:\WINDOWS\SYSTEM32\dhcpcsvc6.DLL
0x00007ffbe6770000 - 0x00007ffbe678d000 	C:\WINDOWS\SYSTEM32\dhcpcsvc.DLL

VM Arguments:
jvm_args: -ea -Didea.test.cyclic.buffer.size=1048576 -javaagent:D:\IntelliJ IDEA 2020.3.3\lib\idea_rt.jar=55538:D:\IntelliJ IDEA 2020.3.3\bin -Dfile.encoding=UTF-8 
java_command: com.intellij.rt.junit.JUnitStarter -ideVersion5 -junit5 top.kaluna.pipelineMonitor.txtConfig.CustomTxtTest,testAvgService
java_class_path (initial): D:\IntelliJ IDEA 2020.3.3\lib\idea_rt.jar;C:\Users\86158\.m2\repository\org\junit\platform\junit-platform-launcher\1.8.1\junit-platform-launcher-1.8.1.jar;C:\Users\86158\.m2\repository\org\junit\platform\junit-platform-engine\1.8.1\junit-platform-engine-1.8.1.jar;C:\Users\86158\.m2\repository\org\opentest4j\opentest4j\1.2.0\opentest4j-1.2.0.jar;C:\Users\86158\.m2\repository\org\junit\platform\junit-platform-commons\1.8.1\junit-platform-commons-1.8.1.jar;C:\Users\86158\.m2\repository\org\apiguardian\apiguardian-api\1.1.2\apiguardian-api-1.1.2.jar;C:\Users\86158\.m2\repository\org\junit\vintage\junit-vintage-engine\5.8.1\junit-vintage-engine-5.8.1.jar;D:\IntelliJ IDEA 2020.3.3\plugins\junit\lib\junit5-rt.jar;D:\IntelliJ IDEA 2020.3.3\plugins\junit\lib\junit-rt.jar;C:\jdk-8u241-windows-x64\jre\lib\charsets.jar;C:\jdk-8u241-windows-x64\jre\lib\deploy.jar;C:\jdk-8u241-windows-x64\jre\lib\ext\access-bridge-64.jar;C:\jdk-8u241-windows-x64\jre\lib\ext\cldrdata.jar;C:\jdk-8u241-windows-x64\jre\lib\ext\dnsns.jar;C:\jdk-8u241-windows-x64\jre\lib\ext\jaccess.jar;C:\jdk-8u241-windows-x64\jre\lib\ext\jfxrt.jar;C:\jdk-8u241-windows-x64\jre\lib\ext\localedata.jar;C:\jdk-8u241-windows-x64\jre\lib\ext\nashorn.jar;C:\jdk-8u241-windows-x64\jre\lib\ext\sunec.jar;C:\jdk-8u241-windows-x64\jre\lib\ext\sunjce_provider.jar;C:\jdk-8u241-windows-x64\jre\lib\ext\sunmscapi.jar;C:\jdk-8u241-windows-x64\jre\lib\ext\sunpkcs11.jar;C:\jdk-8u241-windows-x64\jre\lib\ext\zipfs.jar;C:\jdk-8u241-windows-x64\jre\lib\javaws.jar;C:\jdk-8u241-windows-x64\jre\lib\jce.jar;C:\jdk-8u241-windows-x64\jre\lib\jfr.jar;C:\jdk-8u241-windows-x64\jre\lib\jfxswt.jar;C:\jdk-8u241-windows-x64\jre\lib\jsse.jar;C:\jdk-8u241-windows-x64\jre\lib\management-agent.jar;C:\jdk-8u241-windows-x64\jre\lib\plugin.jar;C:\jdk-8u241-windows-x64\jre\lib\resources.jar;C:\jdk-8u241-windows-x64\jre\lib\rt.jar;X:\ideaworkspace\pipelineMonitor\target\test-classes;X:\ideaworkspace\pipelineMonitor\target\classes;D:\pa
Launcher Type: SUN_STANDARD

Environment Variables:
JAVA_HOME=C:\jdk-8u241-windows-x64
PATH=F:\anaconda3;C:\ProgramData\Oracle\Java\javapath;C:\Program Files (x86)\Common Files\Oracle\Java\javapath\;C:\Program Files (x86)\Intel\Intel(R) Management Engine Components\iCLS\;C:\Program Files\Intel\Intel(R) Management Engine Components\iCLS\;C:\Program Files\erl7.1\bin;C:\Windows\system32;C:\Windows;C:\Windows\System32\Wbem;C:\Windows\System32\WindowsPowerShell\v1.0\;C:\Windows\System32\OpenSSH\;C:\Program Files (x86)\Intel\Intel(R) Management Engine Components\DAL;C:\jdk-8u241-windows-x64\jre\bin;C:\Program Files\Intel\Intel(R) Management Engine Components\DAL;C:\Program Files (x86)\Intel\Intel(R) Management Engine Components\IPT;C:\Program Files\Intel\Intel(R) Management Engine Components\IPT;C:\jdk-8u241-windows-x64\bin;C:\Program Files (x86)\NVIDIA Corporation\PhysX\Common;C:\WINDOWS\system32;C:\WINDOWS;C:\WINDOWS\System32\Wbem;C:\WINDOWS\System32\WindowsPowerShell\v1.0\;C:\WINDOWS\System32\OpenSSH\;D:\Program Files\Git\cmd;C:\Users\86158\.dnx\bin;C:\Program Files\Microsoft DNX\Dn;C:\WINDOWS\system32;C:\WINDOWS;C:\WINDOWS\System32\Wbem;C:\WINDOWS\System32\WindowsPowerShell\v1.0\;C:\WINDOWS\System32\OpenSSH\;D:\apache-maven-3.5.0\bin;F:\cygwin\bin;F:\anaconda3\pkgs\graphviz-2.38-hfd603c8_2\Library\bin;F:\Graphviz 2.44.1\bin;C:\Program Files\Pandoc\;G:\matlab\runtime\win64;G:\matlab\bin;G:\matlab\polyspace\bin;F:\anaconda3\Scripts;F:\anaconda3\Library\bin;D:\apache-maven-3.5.0\\bin;E:\MySQLServer5.7\Install\bin;F:\node-v14.16.0-x64\node_global;F:\node-v14.16.0-x64;F:\node-v12.22.1-win-x64\;F:\gradle-4.6-bin\gradle-4.6\bin;D:\Git\cmd;F:\cygwin\usr\x86_64-w64-mingw32\sys-root\mingw\bin;X:\matlabRuntime\v912\runtime\win64;;C:\Program Files\Docker\Docker\resources\bin;C:\ProgramData\DockerDesktop\version-bin;C:\Users\86158\AppData\Local\Microsoft\WindowsApps;D:\Program Files\Markdown Monster;C:\Users\86158\AppData\Local\Microsoft\WindowsApps;C:\Users\86158\.dotnet\tools;C:\Users\86158\AppData\Roaming\npm;F:\Microsoft VS Code\bin;X:\MiKTeX\miktex\bin\x64\
USERNAME=86158
OS=Windows_NT
PROCESSOR_IDENTIFIER=Intel64 Family 6 Model 142 Stepping 10, GenuineIntel



---------------  S Y S T E M  ---------------

OS: Windows 10.0 , 64 bit Build 19041 (10.0.19041.1645)

CPU:total 8 (initial active 8) (4 cores per cpu, 2 threads per core) family 6 model 142 stepping 10, cmov, cx8, fxsr, mmx, sse, sse2, sse3, ssse3, sse4.1, sse4.2, popcnt, avx, avx2, aes, clmul, erms, 3dnowpref, lzcnt, ht, tsc, tscinvbit, bmi1, bmi2, adx

Memory: 4k page, physical 8268520k(452424k free), swap 16090076k(5900k free)

vm_info: Java HotSpot(TM) 64-Bit Server VM (25.241-b07) for windows-amd64 JRE (1.8.0_241-b07), built on Dec 11 2019 10:21:40 by "rejava" with MS VC++ 10.0 (VS2010)

time: Sun May 29 10:48:33 2022
timezone: 中国标准时间
elapsed time: 12 seconds (0d 0h 0m 12s)

